#! /usr/bin/vvp
:ivl_version "12.0 (stable)";
:ivl_delay_selection "TYPICAL";
:vpi_time_precision - 12;
:vpi_module "/usr/lib/x86_64-linux-gnu/ivl/system.vpi";
:vpi_module "/usr/lib/x86_64-linux-gnu/ivl/vhdl_sys.vpi";
:vpi_module "/usr/lib/x86_64-linux-gnu/ivl/vhdl_textio.vpi";
:vpi_module "/usr/lib/x86_64-linux-gnu/ivl/v2005_math.vpi";
:vpi_module "/usr/lib/x86_64-linux-gnu/ivl/va_math.vpi";
S_0x63169dbaa070 .scope module, "SOC_IP_tb" "SOC_IP_tb" 2 3;
 .timescale -9 -12;
v0x63169dbe17a0_0 .net "LEDS", 4 0, v0x63169dbdf890_0;  1 drivers
v0x63169dbe1880_0 .var "RESET", 0 0;
v0x63169dbe1970_0 .var "RXD", 0 0;
v0x63169dbe1a40_0 .net "TXD", 0 0, L_0x63169dc08f00;  1 drivers
v0x63169dbe1b30_0 .var "ext_pins", 31 0;
S_0x63169db7a590 .scope module, "uut" "SOC" 2 9, 3 315 0, S_0x63169dbaa070;
 .timescale -9 -12;
    .port_info 0 /INPUT 1 "RESET";
    .port_info 1 /OUTPUT 5 "LEDS";
    .port_info 2 /INPUT 1 "RXD";
    .port_info 3 /OUTPUT 1 "TXD";
    .port_info 4 /INPUT 32 "GPIO_ext_pins";
P_0x63169dbaca20 .param/l "IO_LEDS_bit" 1 3 375, +C4<00000000000000000000000000000010>;
P_0x63169dbaca60 .param/l "IO_UART_CNTL_bit" 1 3 377, +C4<00000000000000000000000000000100>;
P_0x63169dbacaa0 .param/l "IO_UART_DAT_bit" 1 3 376, +C4<00000000000000000000000000000011>;
L_0x63169dc07f10 .functor AND 1, L_0x63169dc07550, L_0x63169dc06ea0, C4<1>, C4<1>;
L_0x63169dc080b0 .functor AND 4, L_0x63169dc07f80, L_0x63169dc06250, C4<1111>, C4<1111>;
L_0x63169dc08560 .functor OR 1, L_0x63169dc082f0, L_0x63169dc083e0, C4<0>, C4<0>;
L_0x63169dc08760 .functor OR 1, L_0x63169dc08560, L_0x63169dc08670, C4<0>, C4<0>;
L_0x63169dc08870 .functor AND 1, L_0x63169dc074b0, L_0x63169dc08760, C4<1>, C4<1>;
L_0x63169dc08980 .functor AND 1, L_0x63169dc074b0, L_0x63169dc075f0, C4<1>, C4<1>;
L_0x63169dc08bc0 .functor AND 1, L_0x63169dc08980, L_0x63169dc08ac0, C4<1>, C4<1>;
v0x63169dbdf560_0 .net "GPIO_ext_pins", 31 0, v0x63169dbe1b30_0;  1 drivers
v0x63169dbdf620_0 .net "GPIO_rdata", 31 0, v0x63169dbde820_0;  1 drivers
v0x63169dbdf6f0_0 .net "GPIO_sel", 0 0, L_0x63169dc08870;  1 drivers
v0x63169dbdf7f0_0 .net "IO_rdata", 31 0, L_0x63169dc097b0;  1 drivers
v0x63169dbdf890_0 .var "LEDS", 4 0;
v0x63169dbdf9a0_0 .net "RAM_rdata", 31 0, v0x63169dbdcd90_0;  1 drivers
v0x63169dbdfa60_0 .net "RESET", 0 0, v0x63169dbe1880_0;  1 drivers
v0x63169dbdfb30_0 .net "RXD", 0 0, v0x63169dbe1970_0;  1 drivers
v0x63169dbdfbd0_0 .net "TXD", 0 0, L_0x63169dc08f00;  alias, 1 drivers
v0x63169dbdfd30_0 .net *"_ivl_10", 3 0, L_0x63169dc07f80;  1 drivers
L_0x72d78d957c30 .functor BUFT 1, C4<00>, C4<0>, C4<0>, C4<0>;
v0x63169dbdfdd0_0 .net/2u *"_ivl_16", 1 0, L_0x72d78d957c30;  1 drivers
v0x63169dbdfeb0_0 .net *"_ivl_18", 0 0, L_0x63169dc082f0;  1 drivers
L_0x72d78d957c78 .functor BUFT 1, C4<01>, C4<0>, C4<0>, C4<0>;
v0x63169dbdff70_0 .net/2u *"_ivl_20", 1 0, L_0x72d78d957c78;  1 drivers
v0x63169dbe0050_0 .net *"_ivl_22", 0 0, L_0x63169dc083e0;  1 drivers
v0x63169dbe0110_0 .net *"_ivl_25", 0 0, L_0x63169dc08560;  1 drivers
L_0x72d78d957cc0 .functor BUFT 1, C4<10>, C4<0>, C4<0>, C4<0>;
v0x63169dbe01d0_0 .net/2u *"_ivl_26", 1 0, L_0x72d78d957cc0;  1 drivers
v0x63169dbe02b0_0 .net *"_ivl_28", 0 0, L_0x63169dc08670;  1 drivers
v0x63169dbe0370_0 .net *"_ivl_31", 0 0, L_0x63169dc08760;  1 drivers
v0x63169dbe0430_0 .net *"_ivl_34", 0 0, L_0x63169dc08980;  1 drivers
v0x63169dbe0510_0 .net *"_ivl_37", 0 0, L_0x63169dc08ac0;  1 drivers
v0x63169dbe05f0_0 .net *"_ivl_45", 0 0, L_0x63169dc09250;  1 drivers
L_0x72d78d957d08 .functor BUFT 1, C4<0000000000000000000000>, C4<0>, C4<0>, C4<0>;
v0x63169dbe06d0_0 .net/2u *"_ivl_46", 21 0, L_0x72d78d957d08;  1 drivers
v0x63169dbe07b0_0 .net *"_ivl_49", 0 0, L_0x63169dc09380;  1 drivers
L_0x72d78d957d50 .functor BUFT 1, C4<000000000>, C4<0>, C4<0>, C4<0>;
v0x63169dbe0870_0 .net/2u *"_ivl_50", 8 0, L_0x72d78d957d50;  1 drivers
v0x63169dbe0950_0 .net *"_ivl_52", 31 0, L_0x63169dc094a0;  1 drivers
L_0x72d78d957d98 .functor BUFT 1, C4<00000000000000000000000000000000>, C4<0>, C4<0>, C4<0>;
v0x63169dbe0a30_0 .net/2u *"_ivl_54", 31 0, L_0x72d78d957d98;  1 drivers
v0x63169dbe0b10_0 .net *"_ivl_56", 31 0, L_0x63169dc095e0;  1 drivers
v0x63169dbe0bf0_0 .net "clk", 0 0, L_0x63169dc091e0;  1 drivers
v0x63169dbe0c90_0 .net "clk_int", 0 0, v0x63169dbdf2e0_0;  1 drivers
v0x63169dbe0d30_0 .net "isIO", 0 0, L_0x63169dc074b0;  1 drivers
v0x63169dbe0df0_0 .net "isRAM", 0 0, L_0x63169dc07550;  1 drivers
v0x63169dbe0eb0_0 .net "mem_addr", 31 0, L_0x63169dc06830;  1 drivers
v0x63169dbe0fc0_0 .net "mem_rdata", 31 0, L_0x63169dc09940;  1 drivers
v0x63169dbe1080_0 .net "mem_rstrb", 0 0, L_0x63169dc06ea0;  1 drivers
v0x63169dbe1120_0 .net "mem_wdata", 31 0, L_0x63169dc03db0;  1 drivers
v0x63169dbe11c0_0 .net "mem_wmask", 3 0, L_0x63169dc06250;  1 drivers
v0x63169dbe1290_0 .net "mem_wordaddr", 29 0, L_0x63169dc07380;  1 drivers
v0x63169dbe1350_0 .net "mem_wstrb", 0 0, L_0x63169dc075f0;  1 drivers
v0x63169dbe1420_0 .net "offset", 1 0, L_0x63169dc08200;  1 drivers
v0x63169dbe14f0_0 .net "resetn", 0 0, L_0x63169dc09b20;  1 drivers
v0x63169dbe1590_0 .net "uart_ready", 0 0, v0x63169dbddf00_0;  1 drivers
v0x63169dbe1660_0 .net "uart_valid", 0 0, L_0x63169dc08bc0;  1 drivers
L_0x63169dc07380 .part L_0x63169dc06830, 2, 30;
L_0x63169dc074b0 .part L_0x63169dc06830, 22, 1;
L_0x63169dc07550 .reduce/nor L_0x63169dc074b0;
L_0x63169dc075f0 .reduce/or L_0x63169dc06250;
L_0x63169dc07f80 .concat [ 1 1 1 1], L_0x63169dc07550, L_0x63169dc07550, L_0x63169dc07550, L_0x63169dc07550;
L_0x63169dc08200 .part L_0x63169dc07380, 0, 2;
L_0x63169dc082f0 .cmp/eq 2, L_0x63169dc08200, L_0x72d78d957c30;
L_0x63169dc083e0 .cmp/eq 2, L_0x63169dc08200, L_0x72d78d957c78;
L_0x63169dc08670 .cmp/eq 2, L_0x63169dc08200, L_0x72d78d957cc0;
L_0x63169dc08ac0 .part L_0x63169dc07380, 3, 1;
L_0x63169dc09010 .reduce/nor L_0x63169dc09b20;
L_0x63169dc09140 .part L_0x63169dc03db0, 0, 8;
L_0x63169dc09250 .part L_0x63169dc07380, 4, 1;
L_0x63169dc09380 .reduce/nor v0x63169dbddf00_0;
L_0x63169dc094a0 .concat [ 9 1 22 0], L_0x72d78d957d50, L_0x63169dc09380, L_0x72d78d957d08;
L_0x63169dc095e0 .functor MUXZ 32, L_0x72d78d957d98, v0x63169dbde820_0, L_0x63169dc08870, C4<>;
L_0x63169dc097b0 .functor MUXZ 32, L_0x63169dc095e0, L_0x63169dc094a0, L_0x63169dc09250, C4<>;
L_0x63169dc09940 .functor MUXZ 32, L_0x63169dc097b0, v0x63169dbdcd90_0, L_0x63169dc07550, C4<>;
S_0x63169db7bdc0 .scope module, "CPU" "Processor" 3 333, 3 40 0, S_0x63169db7a590;
 .timescale -9 -12;
    .port_info 0 /INPUT 1 "clk";
    .port_info 1 /INPUT 1 "resetn";
    .port_info 2 /OUTPUT 32 "mem_addr";
    .port_info 3 /INPUT 32 "mem_rdata";
    .port_info 4 /OUTPUT 1 "mem_rstrb";
    .port_info 5 /OUTPUT 32 "mem_wdata";
    .port_info 6 /OUTPUT 4 "mem_wmask";
P_0x63169db76b50 .param/l "EXECUTE" 1 3 251, +C4<00000000000000000000000000000011>;
P_0x63169db76b90 .param/l "FETCH_INSTR" 1 3 248, +C4<00000000000000000000000000000000>;
P_0x63169db76bd0 .param/l "FETCH_REGS" 1 3 250, +C4<00000000000000000000000000000010>;
P_0x63169db76c10 .param/l "LOAD" 1 3 252, +C4<00000000000000000000000000000100>;
P_0x63169db76c50 .param/l "STORE" 1 3 254, +C4<00000000000000000000000000000110>;
P_0x63169db76c90 .param/l "WAIT_DATA" 1 3 253, +C4<00000000000000000000000000000101>;
P_0x63169db76cd0 .param/l "WAIT_INSTR" 1 3 249, +C4<00000000000000000000000000000001>;
L_0x63169dbb9a20 .functor BUFZ 32, v0x63169dbdb7b0_0, C4<00000000000000000000000000000000>, C4<00000000000000000000000000000000>, C4<00000000000000000000000000000000>;
L_0x63169dbb4400 .functor OR 1, L_0x63169dbe32c0, L_0x63169dbe3710, C4<0>, C4<0>;
L_0x63169dbaba60 .functor NOT 32, L_0x63169dbf7d40, C4<00000000000000000000000000000000>, C4<00000000000000000000000000000000>, C4<00000000000000000000000000000000>;
L_0x63169dafc600 .functor XOR 1, L_0x63169dbf9030, L_0x63169dbf90d0, C4<0>, C4<0>;
L_0x63169dbbb870 .functor AND 1, L_0x63169dbfa5e0, L_0x63169dbfa8c0, C4<1>, C4<1>;
L_0x63169dbfc060 .functor OR 1, L_0x63169dbe3c20, L_0x63169dbe39f0, C4<0>, C4<0>;
L_0x63169dbfd0a0 .functor AND 1, L_0x63169dbe3710, v0x63169dbdbeb0_0, C4<1>, C4<1>;
L_0x63169dbfd110 .functor OR 1, L_0x63169dbfd0a0, L_0x63169dbe3c20, C4<0>, C4<0>;
L_0x63169dbfde10 .functor AND 1, L_0x63169dc000e0, L_0x63169dc00a30, C4<1>, C4<1>;
L_0x63169dc05cc0 .functor AND 1, L_0x63169dc05ae0, L_0x63169dc05c20, C4<1>, C4<1>;
L_0x63169dc05e80 .functor AND 1, L_0x63169dc05cc0, L_0x63169dc05de0, C4<1>, C4<1>;
L_0x63169dc06140 .functor OR 1, L_0x63169dc05e80, L_0x63169dc065e0, C4<0>, C4<0>;
L_0x63169dc06720 .functor OR 1, L_0x63169dc063b0, L_0x63169dc06c70, C4<0>, C4<0>;
L_0x63169dc06ea0 .functor OR 1, L_0x63169dc06a10, L_0x63169dc06d60, C4<0>, C4<0>;
L_0x63169dc06250 .functor AND 4, L_0x63169dc07880, L_0x63169dc05900, C4<1111>, C4<1111>;
v0x63169dbb9b80_0 .net "Bimm", 31 0, L_0x63169dbf68b0;  1 drivers
v0x63169dbb0d40_0 .net "EQ", 0 0, L_0x63169dbf9d50;  1 drivers
v0x63169dbb4560_0 .net "Iimm", 31 0, L_0x63169dbf54d0;  1 drivers
v0x63169dbabb80_0 .net "Jimm", 31 0, L_0x63169dbf7220;  1 drivers
v0x63169dbcf190_0 .net "LOAD_byte", 7 0, L_0x63169dbffb60;  1 drivers
v0x63169dbcf2c0_0 .net "LOAD_data", 31 0, L_0x63169dc02110;  1 drivers
v0x63169dbcf3a0_0 .net "LOAD_halfword", 15 0, L_0x63169dbff130;  1 drivers
v0x63169dbcf480_0 .net "LOAD_sign", 0 0, L_0x63169dbfde10;  1 drivers
v0x63169dbcf540_0 .net "LT", 0 0, L_0x63169dbf97e0;  1 drivers
v0x63169dbcf600_0 .net "LTU", 0 0, L_0x63169dbf9970;  1 drivers
v0x63169dbcf6c0_0 .var "PC", 31 0;
v0x63169dbcf7a0_0 .net "PCplus4", 31 0, L_0x63169dbfc120;  1 drivers
v0x63169dbcf880_0 .net "PCplusImm", 31 0, L_0x63169dbfbfc0;  1 drivers
v0x63169dbcf960 .array "RegisterBank", 31 0, 31 0;
v0x63169dbcfa20_0 .net "STORE_wmask", 3 0, L_0x63169dc05900;  1 drivers
v0x63169dbcfb00_0 .net "Simm", 31 0, L_0x63169dbf5ed0;  1 drivers
v0x63169dbcfbe0_0 .net "Uimm", 31 0, L_0x63169dbf4be0;  1 drivers
v0x63169dbcfcc0_0 .net *"_ivl_1", 6 0, L_0x63169dbe31c0;  1 drivers
v0x63169dbcfda0_0 .net *"_ivl_101", 0 0, L_0x63169dbf6c00;  1 drivers
v0x63169dbcfe80_0 .net *"_ivl_102", 11 0, L_0x63169dbf6ca0;  1 drivers
v0x63169dbcff60_0 .net *"_ivl_105", 7 0, L_0x63169dbf6ee0;  1 drivers
v0x63169dbd0040_0 .net *"_ivl_107", 0 0, L_0x63169dbf6f80;  1 drivers
v0x63169dbd0120_0 .net *"_ivl_109", 9 0, L_0x63169dbf7180;  1 drivers
L_0x72d78d957378 .functor BUFT 1, C4<0>, C4<0>, C4<0>, C4<0>;
v0x63169dbd0200_0 .net/2u *"_ivl_110", 0 0, L_0x72d78d957378;  1 drivers
v0x63169dbd02e0_0 .net *"_ivl_126", 0 0, L_0x63169dbb4400;  1 drivers
v0x63169dbd03c0_0 .net *"_ivl_13", 6 0, L_0x63169dbe3640;  1 drivers
v0x63169dbd04a0_0 .net *"_ivl_131", 4 0, L_0x63169dbf8020;  1 drivers
v0x63169dbd0580_0 .net *"_ivl_133", 4 0, L_0x63169dbf8110;  1 drivers
L_0x72d78d9573c0 .functor BUFT 1, C4<1>, C4<0>, C4<0>, C4<0>;
v0x63169dbd0660_0 .net/2u *"_ivl_138", 0 0, L_0x72d78d9573c0;  1 drivers
L_0x72d78d9570a8 .functor BUFT 1, C4<1100011>, C4<0>, C4<0>, C4<0>;
v0x63169dbd0740_0 .net/2u *"_ivl_14", 6 0, L_0x72d78d9570a8;  1 drivers
v0x63169dbd0820_0 .net *"_ivl_140", 31 0, L_0x63169dbaba60;  1 drivers
v0x63169dbd0900_0 .net *"_ivl_142", 32 0, L_0x63169dbf87a0;  1 drivers
L_0x72d78d957408 .functor BUFT 1, C4<0>, C4<0>, C4<0>, C4<0>;
v0x63169dbd09e0_0 .net/2u *"_ivl_144", 0 0, L_0x72d78d957408;  1 drivers
v0x63169dbd0cd0_0 .net *"_ivl_146", 32 0, L_0x63169dbf88e0;  1 drivers
v0x63169dbd0db0_0 .net *"_ivl_148", 32 0, L_0x63169dbf8ba0;  1 drivers
L_0x72d78d957450 .functor BUFT 1, C4<000000000000000000000000000000001>, C4<0>, C4<0>, C4<0>;
v0x63169dbd0e90_0 .net/2u *"_ivl_150", 32 0, L_0x72d78d957450;  1 drivers
v0x63169dbd0f70_0 .net *"_ivl_155", 0 0, L_0x63169dbf9030;  1 drivers
v0x63169dbd1050_0 .net *"_ivl_157", 0 0, L_0x63169dbf90d0;  1 drivers
v0x63169dbd1130_0 .net *"_ivl_158", 0 0, L_0x63169dafc600;  1 drivers
v0x63169dbd1210_0 .net *"_ivl_161", 0 0, L_0x63169dbf9450;  1 drivers
v0x63169dbd12f0_0 .net *"_ivl_163", 0 0, L_0x63169dbf94f0;  1 drivers
v0x63169dbd13d0_0 .net *"_ivl_169", 31 0, L_0x63169dbf9c20;  1 drivers
L_0x72d78d957498 .functor BUFT 1, C4<00000000000000000000000000000000>, C4<0>, C4<0>, C4<0>;
v0x63169dbd14b0_0 .net/2u *"_ivl_170", 31 0, L_0x72d78d957498;  1 drivers
L_0x72d78d9574e0 .functor BUFT 1, C4<001>, C4<0>, C4<0>, C4<0>;
v0x63169dbd1590_0 .net/2u *"_ivl_174", 2 0, L_0x72d78d9574e0;  1 drivers
v0x63169dbd1670_0 .net *"_ivl_176", 0 0, L_0x63169dbfa090;  1 drivers
v0x63169dbd1730_0 .net *"_ivl_179", 31 0, L_0x63169dbfa1d0;  1 drivers
v0x63169dbd1810_0 .net *"_ivl_183", 0 0, L_0x63169dbfa5e0;  1 drivers
v0x63169dbd18f0_0 .net *"_ivl_185", 0 0, L_0x63169dbfa8c0;  1 drivers
v0x63169dbd19d0_0 .net *"_ivl_186", 0 0, L_0x63169dbbb870;  1 drivers
v0x63169dbd1ab0_0 .net *"_ivl_188", 32 0, L_0x63169dbfaa30;  1 drivers
v0x63169dbd1b90_0 .net *"_ivl_19", 6 0, L_0x63169dbe38c0;  1 drivers
v0x63169dbd1c70_0 .net *"_ivl_191", 4 0, L_0x63169dbfadc0;  1 drivers
v0x63169dbd1d50_0 .net *"_ivl_192", 32 0, L_0x63169dbfae60;  1 drivers
v0x63169dbd1e30_0 .net *"_ivl_199", 0 0, L_0x63169dbfb650;  1 drivers
L_0x72d78d957018 .functor BUFT 1, C4<0110011>, C4<0>, C4<0>, C4<0>;
v0x63169dbd1f10_0 .net/2u *"_ivl_2", 6 0, L_0x72d78d957018;  1 drivers
L_0x72d78d9570f0 .functor BUFT 1, C4<1100111>, C4<0>, C4<0>, C4<0>;
v0x63169dbd1ff0_0 .net/2u *"_ivl_20", 6 0, L_0x72d78d9570f0;  1 drivers
v0x63169dbd20d0_0 .net *"_ivl_201", 0 0, L_0x63169dbfb6f0;  1 drivers
v0x63169dbd21b0_0 .net *"_ivl_202", 31 0, L_0x63169dbfba10;  1 drivers
v0x63169dbd2290_0 .net *"_ivl_204", 31 0, L_0x63169dbfbba0;  1 drivers
L_0x72d78d957528 .functor BUFT 1, C4<00000000000000000000000000000100>, C4<0>, C4<0>, C4<0>;
v0x63169dbd2370_0 .net/2u *"_ivl_208", 31 0, L_0x72d78d957528;  1 drivers
v0x63169dbd2450_0 .net *"_ivl_213", 0 0, L_0x63169dbfc060;  1 drivers
v0x63169dbd2510_0 .net *"_ivl_214", 31 0, L_0x63169dbfc5e0;  1 drivers
v0x63169dbd25f0_0 .net *"_ivl_216", 31 0, L_0x63169dbfc6d0;  1 drivers
v0x63169dbd26d0_0 .net *"_ivl_218", 31 0, L_0x63169dbfcb10;  1 drivers
v0x63169dbd27b0_0 .net *"_ivl_223", 0 0, L_0x63169dbfd0a0;  1 drivers
v0x63169dbd2c80_0 .net *"_ivl_225", 0 0, L_0x63169dbfd110;  1 drivers
v0x63169dbd2d40_0 .net *"_ivl_227", 30 0, L_0x63169dbfd220;  1 drivers
L_0x72d78d957570 .functor BUFT 1, C4<0>, C4<0>, C4<0>, C4<0>;
v0x63169dbd2e20_0 .net/2u *"_ivl_228", 0 0, L_0x72d78d957570;  1 drivers
v0x63169dbd2f00_0 .net *"_ivl_230", 31 0, L_0x63169dbfd310;  1 drivers
v0x63169dbd2fe0_0 .net *"_ivl_232", 31 0, L_0x63169dbfd720;  1 drivers
v0x63169dbd30c0_0 .net *"_ivl_236", 31 0, L_0x63169dbfdc30;  1 drivers
v0x63169dbd31a0_0 .net *"_ivl_241", 1 0, L_0x63169dbfe210;  1 drivers
L_0x72d78d9575b8 .functor BUFT 1, C4<00>, C4<0>, C4<0>, C4<0>;
v0x63169dbd3280_0 .net/2u *"_ivl_242", 1 0, L_0x72d78d9575b8;  1 drivers
v0x63169dbd3360_0 .net *"_ivl_247", 1 0, L_0x63169dbfe6f0;  1 drivers
L_0x72d78d957600 .functor BUFT 1, C4<01>, C4<0>, C4<0>, C4<0>;
v0x63169dbd3440_0 .net/2u *"_ivl_248", 1 0, L_0x72d78d957600;  1 drivers
v0x63169dbd3520_0 .net *"_ivl_25", 6 0, L_0x63169dbe3b30;  1 drivers
v0x63169dbd3600_0 .net *"_ivl_253", 0 0, L_0x63169dbfeb90;  1 drivers
v0x63169dbd36e0_0 .net *"_ivl_255", 15 0, L_0x63169dbfec80;  1 drivers
v0x63169dbd37c0_0 .net *"_ivl_257", 15 0, L_0x63169dbff090;  1 drivers
L_0x72d78d957138 .functor BUFT 1, C4<1101111>, C4<0>, C4<0>, C4<0>;
v0x63169dbd38a0_0 .net/2u *"_ivl_26", 6 0, L_0x72d78d957138;  1 drivers
v0x63169dbd3980_0 .net *"_ivl_261", 0 0, L_0x63169dbff5f0;  1 drivers
v0x63169dbd3a60_0 .net *"_ivl_263", 7 0, L_0x63169dbff690;  1 drivers
v0x63169dbd3b40_0 .net *"_ivl_265", 7 0, L_0x63169dbffac0;  1 drivers
v0x63169dbd3c20_0 .net *"_ivl_269", 0 0, L_0x63169dc00040;  1 drivers
v0x63169dbd3d00_0 .net *"_ivl_271", 0 0, L_0x63169dc000e0;  1 drivers
v0x63169dbd3dc0_0 .net *"_ivl_273", 0 0, L_0x63169dc00530;  1 drivers
v0x63169dbd3ea0_0 .net *"_ivl_275", 0 0, L_0x63169dc00620;  1 drivers
v0x63169dbd3f80_0 .net *"_ivl_276", 0 0, L_0x63169dc00a30;  1 drivers
v0x63169dbd4060_0 .net *"_ivl_280", 23 0, L_0x63169dc00c10;  1 drivers
v0x63169dbd4140_0 .net *"_ivl_282", 31 0, L_0x63169dc01220;  1 drivers
v0x63169dbd4220_0 .net *"_ivl_284", 15 0, L_0x63169dc012c0;  1 drivers
v0x63169dbd4300_0 .net *"_ivl_286", 31 0, L_0x63169dc01b00;  1 drivers
v0x63169dbd43e0_0 .net *"_ivl_288", 31 0, L_0x63169dc01bf0;  1 drivers
v0x63169dbd44c0_0 .net *"_ivl_295", 7 0, L_0x63169dc022a0;  1 drivers
v0x63169dbd45a0_0 .net *"_ivl_299", 0 0, L_0x63169dc026f0;  1 drivers
v0x63169dbd4680_0 .net *"_ivl_301", 7 0, L_0x63169dc02820;  1 drivers
v0x63169dbd4760_0 .net *"_ivl_303", 7 0, L_0x63169dc02d10;  1 drivers
v0x63169dbd4840_0 .net *"_ivl_304", 7 0, L_0x63169dc02db0;  1 drivers
v0x63169dbd4920_0 .net *"_ivl_309", 0 0, L_0x63169dc03270;  1 drivers
v0x63169dbd4a00_0 .net *"_ivl_31", 6 0, L_0x63169dbe3dc0;  1 drivers
v0x63169dbd4ae0_0 .net *"_ivl_311", 7 0, L_0x63169dc03310;  1 drivers
v0x63169dbd4bc0_0 .net *"_ivl_313", 7 0, L_0x63169dc03790;  1 drivers
v0x63169dbd4ca0_0 .net *"_ivl_314", 7 0, L_0x63169dc03830;  1 drivers
L_0x72d78d957180 .functor BUFT 1, C4<0010111>, C4<0>, C4<0>, C4<0>;
v0x63169dbd4d80_0 .net/2u *"_ivl_32", 6 0, L_0x72d78d957180;  1 drivers
v0x63169dbd4e60_0 .net *"_ivl_320", 0 0, L_0x63169dc03f80;  1 drivers
v0x63169dbd4f40_0 .net *"_ivl_322", 7 0, L_0x63169dc04420;  1 drivers
v0x63169dbd5020_0 .net *"_ivl_324", 0 0, L_0x63169dc044c0;  1 drivers
v0x63169dbd5100_0 .net *"_ivl_326", 7 0, L_0x63169dc04970;  1 drivers
v0x63169dbd51e0_0 .net *"_ivl_328", 7 0, L_0x63169dc04a10;  1 drivers
v0x63169dbd52c0_0 .net *"_ivl_329", 7 0, L_0x63169dc04ed0;  1 drivers
v0x63169dbd53a0_0 .net *"_ivl_331", 7 0, L_0x63169dc05060;  1 drivers
v0x63169dbd5480_0 .net *"_ivl_334", 0 0, L_0x63169dc04bf0;  1 drivers
v0x63169dbd5560_0 .net *"_ivl_336", 0 0, L_0x63169dc04da0;  1 drivers
L_0x72d78d957648 .functor BUFT 1, C4<1000>, C4<0>, C4<0>, C4<0>;
v0x63169dbd5640_0 .net/2u *"_ivl_337", 3 0, L_0x72d78d957648;  1 drivers
L_0x72d78d957690 .functor BUFT 1, C4<0100>, C4<0>, C4<0>, C4<0>;
v0x63169dbd5720_0 .net/2u *"_ivl_339", 3 0, L_0x72d78d957690;  1 drivers
v0x63169dbd5800_0 .net *"_ivl_341", 3 0, L_0x63169dc05540;  1 drivers
v0x63169dbd58e0_0 .net *"_ivl_344", 0 0, L_0x63169dc05680;  1 drivers
L_0x72d78d9576d8 .functor BUFT 1, C4<0010>, C4<0>, C4<0>, C4<0>;
v0x63169dbd59c0_0 .net/2u *"_ivl_345", 3 0, L_0x72d78d9576d8;  1 drivers
L_0x72d78d957720 .functor BUFT 1, C4<0001>, C4<0>, C4<0>, C4<0>;
v0x63169dbd5aa0_0 .net/2u *"_ivl_347", 3 0, L_0x72d78d957720;  1 drivers
v0x63169dbd5b80_0 .net *"_ivl_349", 3 0, L_0x63169dc05100;  1 drivers
v0x63169dbd5c60_0 .net *"_ivl_351", 3 0, L_0x63169dc05290;  1 drivers
v0x63169dbd5d40_0 .net *"_ivl_354", 0 0, L_0x63169dc05420;  1 drivers
L_0x72d78d957768 .functor BUFT 1, C4<1100>, C4<0>, C4<0>, C4<0>;
v0x63169dbd5e20_0 .net/2u *"_ivl_355", 3 0, L_0x72d78d957768;  1 drivers
L_0x72d78d9577b0 .functor BUFT 1, C4<0011>, C4<0>, C4<0>, C4<0>;
v0x63169dbd5f00_0 .net/2u *"_ivl_357", 3 0, L_0x72d78d9577b0;  1 drivers
v0x63169dbd5fe0_0 .net *"_ivl_359", 3 0, L_0x63169dc05b80;  1 drivers
L_0x72d78d9577f8 .functor BUFT 1, C4<1111>, C4<0>, C4<0>, C4<0>;
v0x63169dbd60c0_0 .net/2u *"_ivl_361", 3 0, L_0x72d78d9577f8;  1 drivers
v0x63169dbd61a0_0 .net *"_ivl_363", 3 0, L_0x63169dc057c0;  1 drivers
v0x63169dbd6280_0 .net *"_ivl_367", 31 0, L_0x63169dc059f0;  1 drivers
v0x63169dbd6360_0 .net *"_ivl_37", 6 0, L_0x63169dbe3ff0;  1 drivers
L_0x72d78d957840 .functor BUFT 1, C4<00000000000000000000000000000>, C4<0>, C4<0>, C4<0>;
v0x63169dbd6c50_0 .net *"_ivl_370", 28 0, L_0x72d78d957840;  1 drivers
L_0x72d78d957888 .functor BUFT 1, C4<00000000000000000000000000000011>, C4<0>, C4<0>, C4<0>;
v0x63169dbd6d30_0 .net/2u *"_ivl_371", 31 0, L_0x72d78d957888;  1 drivers
v0x63169dbd6e10_0 .net *"_ivl_373", 0 0, L_0x63169dc05ae0;  1 drivers
v0x63169dbd6ed0_0 .net *"_ivl_376", 0 0, L_0x63169dc05c20;  1 drivers
v0x63169dbd6f90_0 .net *"_ivl_378", 0 0, L_0x63169dc05cc0;  1 drivers
L_0x72d78d9571c8 .functor BUFT 1, C4<0110111>, C4<0>, C4<0>, C4<0>;
v0x63169dbd7050_0 .net/2u *"_ivl_38", 6 0, L_0x72d78d9571c8;  1 drivers
v0x63169dbd7130_0 .net *"_ivl_380", 0 0, L_0x63169dc05de0;  1 drivers
v0x63169dbd71f0_0 .net *"_ivl_382", 0 0, L_0x63169dc05e80;  1 drivers
v0x63169dbd72b0_0 .net *"_ivl_383", 31 0, L_0x63169dc05f40;  1 drivers
L_0x72d78d9578d0 .functor BUFT 1, C4<00000000000000000000000000000>, C4<0>, C4<0>, C4<0>;
v0x63169dbd7390_0 .net *"_ivl_386", 28 0, L_0x72d78d9578d0;  1 drivers
L_0x72d78d957918 .functor BUFT 1, C4<00000000000000000000000000000101>, C4<0>, C4<0>, C4<0>;
v0x63169dbd7470_0 .net/2u *"_ivl_387", 31 0, L_0x72d78d957918;  1 drivers
v0x63169dbd7550_0 .net *"_ivl_389", 0 0, L_0x63169dc065e0;  1 drivers
v0x63169dbd7610_0 .net *"_ivl_393", 31 0, L_0x63169dc062c0;  1 drivers
L_0x72d78d957960 .functor BUFT 1, C4<00000000000000000000000000000>, C4<0>, C4<0>, C4<0>;
v0x63169dbd76f0_0 .net *"_ivl_396", 28 0, L_0x72d78d957960;  1 drivers
L_0x72d78d9579a8 .functor BUFT 1, C4<00000000000000000000000000000001>, C4<0>, C4<0>, C4<0>;
v0x63169dbd77d0_0 .net/2u *"_ivl_397", 31 0, L_0x72d78d9579a8;  1 drivers
v0x63169dbd78b0_0 .net *"_ivl_399", 0 0, L_0x63169dc063b0;  1 drivers
v0x63169dbd7970_0 .net *"_ivl_401", 31 0, L_0x63169dc064f0;  1 drivers
L_0x72d78d9579f0 .functor BUFT 1, C4<00000000000000000000000000000>, C4<0>, C4<0>, C4<0>;
v0x63169dbd7a50_0 .net *"_ivl_404", 28 0, L_0x72d78d9579f0;  1 drivers
L_0x72d78d957a38 .functor BUFT 1, C4<00000000000000000000000000000000>, C4<0>, C4<0>, C4<0>;
v0x63169dbd7b30_0 .net/2u *"_ivl_405", 31 0, L_0x72d78d957a38;  1 drivers
v0x63169dbd7c10_0 .net *"_ivl_407", 0 0, L_0x63169dc06c70;  1 drivers
v0x63169dbd7cd0_0 .net *"_ivl_410", 0 0, L_0x63169dc06720;  1 drivers
v0x63169dbd7d90_0 .net *"_ivl_413", 31 0, L_0x63169dc06920;  1 drivers
L_0x72d78d957a80 .functor BUFT 1, C4<00000000000000000000000000000>, C4<0>, C4<0>, C4<0>;
v0x63169dbd7e70_0 .net *"_ivl_416", 28 0, L_0x72d78d957a80;  1 drivers
L_0x72d78d957ac8 .functor BUFT 1, C4<00000000000000000000000000000000>, C4<0>, C4<0>, C4<0>;
v0x63169dbd7f50_0 .net/2u *"_ivl_417", 31 0, L_0x72d78d957ac8;  1 drivers
v0x63169dbd8030_0 .net *"_ivl_419", 0 0, L_0x63169dc06a10;  1 drivers
v0x63169dbd80f0_0 .net *"_ivl_421", 31 0, L_0x63169dc07240;  1 drivers
L_0x72d78d957b10 .functor BUFT 1, C4<00000000000000000000000000000>, C4<0>, C4<0>, C4<0>;
v0x63169dbd81d0_0 .net *"_ivl_424", 28 0, L_0x72d78d957b10;  1 drivers
L_0x72d78d957b58 .functor BUFT 1, C4<00000000000000000000000000000100>, C4<0>, C4<0>, C4<0>;
v0x63169dbd82b0_0 .net/2u *"_ivl_425", 31 0, L_0x72d78d957b58;  1 drivers
v0x63169dbd8390_0 .net *"_ivl_427", 0 0, L_0x63169dc06d60;  1 drivers
v0x63169dbd8450_0 .net *"_ivl_43", 6 0, L_0x63169dbe4280;  1 drivers
v0x63169dbd8530_0 .net *"_ivl_431", 31 0, L_0x63169dc07080;  1 drivers
L_0x72d78d957ba0 .functor BUFT 1, C4<00000000000000000000000000000>, C4<0>, C4<0>, C4<0>;
v0x63169dbd8610_0 .net *"_ivl_434", 28 0, L_0x72d78d957ba0;  1 drivers
L_0x72d78d957be8 .functor BUFT 1, C4<00000000000000000000000000000110>, C4<0>, C4<0>, C4<0>;
v0x63169dbd86f0_0 .net/2u *"_ivl_435", 31 0, L_0x72d78d957be8;  1 drivers
v0x63169dbd87d0_0 .net *"_ivl_437", 0 0, L_0x63169dc07170;  1 drivers
v0x63169dbd8890_0 .net *"_ivl_439", 3 0, L_0x63169dc07880;  1 drivers
L_0x72d78d957210 .functor BUFT 1, C4<0000011>, C4<0>, C4<0>, C4<0>;
v0x63169dbd8970_0 .net/2u *"_ivl_44", 6 0, L_0x72d78d957210;  1 drivers
v0x63169dbd8a50_0 .net *"_ivl_49", 6 0, L_0x63169dbe4520;  1 drivers
L_0x72d78d957258 .functor BUFT 1, C4<0100011>, C4<0>, C4<0>, C4<0>;
v0x63169dbd8b30_0 .net/2u *"_ivl_50", 6 0, L_0x72d78d957258;  1 drivers
v0x63169dbd8c10_0 .net *"_ivl_55", 6 0, L_0x63169dbe4780;  1 drivers
L_0x72d78d9572a0 .functor BUFT 1, C4<1110011>, C4<0>, C4<0>, C4<0>;
v0x63169dbd8cf0_0 .net/2u *"_ivl_56", 6 0, L_0x72d78d9572a0;  1 drivers
v0x63169dbd8dd0_0 .net *"_ivl_61", 0 0, L_0x63169dbe46e0;  1 drivers
v0x63169dbd8eb0_0 .net *"_ivl_63", 18 0, L_0x63169dbe4a40;  1 drivers
L_0x72d78d9572e8 .functor BUFT 1, C4<000000000000>, C4<0>, C4<0>, C4<0>;
v0x63169dbd8f90_0 .net/2u *"_ivl_64", 11 0, L_0x72d78d9572e8;  1 drivers
v0x63169dbd9070_0 .net *"_ivl_69", 0 0, L_0x63169dbf4dd0;  1 drivers
v0x63169dbd9150_0 .net *"_ivl_7", 6 0, L_0x63169dbe33e0;  1 drivers
v0x63169dbd9230_0 .net *"_ivl_70", 20 0, L_0x63169dbf4f40;  1 drivers
v0x63169dbd9310_0 .net *"_ivl_73", 10 0, L_0x63169dbf5350;  1 drivers
v0x63169dbd93f0_0 .net *"_ivl_77", 0 0, L_0x63169dbf55c0;  1 drivers
v0x63169dbd94d0_0 .net *"_ivl_78", 20 0, L_0x63169dbf5750;  1 drivers
L_0x72d78d957060 .functor BUFT 1, C4<0010011>, C4<0>, C4<0>, C4<0>;
v0x63169dbd95b0_0 .net/2u *"_ivl_8", 6 0, L_0x72d78d957060;  1 drivers
v0x63169dbd9690_0 .net *"_ivl_81", 5 0, L_0x63169dbf5a50;  1 drivers
v0x63169dbd9770_0 .net *"_ivl_83", 4 0, L_0x63169dbf5e00;  1 drivers
v0x63169dbd9850_0 .net *"_ivl_87", 0 0, L_0x63169dbf6180;  1 drivers
v0x63169dbd9930_0 .net *"_ivl_88", 19 0, L_0x63169dbf6220;  1 drivers
v0x63169dbd9a10_0 .net *"_ivl_91", 0 0, L_0x63169dbf6640;  1 drivers
v0x63169dbd9af0_0 .net *"_ivl_93", 5 0, L_0x63169dbf66e0;  1 drivers
v0x63169dbd9bd0_0 .net *"_ivl_95", 3 0, L_0x63169dbf6520;  1 drivers
L_0x72d78d957330 .functor BUFT 1, C4<0>, C4<0>, C4<0>, C4<0>;
v0x63169dbd9cb0_0 .net/2u *"_ivl_96", 0 0, L_0x72d78d957330;  1 drivers
v0x63169dbd9d90_0 .net "aluIn1", 31 0, L_0x63169dbb9a20;  1 drivers
v0x63169dbd9e70_0 .net "aluIn2", 31 0, L_0x63169dbf7d40;  1 drivers
v0x63169dbd9f50_0 .net "aluMinus", 32 0, L_0x63169dbf8d10;  1 drivers
v0x63169dbda030_0 .var "aluOut", 31 0;
v0x63169dbda110_0 .net "aluPlus", 31 0, L_0x63169dbf84a0;  1 drivers
v0x63169dbda1f0_0 .net "clk", 0 0, L_0x63169dc091e0;  alias, 1 drivers
v0x63169dbda2b0_0 .net "funct3", 2 0, L_0x63169dbf7940;  1 drivers
v0x63169dbda390_0 .net "funct7", 6 0, L_0x63169dbf7b70;  1 drivers
v0x63169dbda470_0 .var/i "i", 31 0;
v0x63169dbda550_0 .var "instr", 31 0;
v0x63169dbda630_0 .net "isALUimm", 0 0, L_0x63169dbe34d0;  1 drivers
v0x63169dbda6f0_0 .net "isALUreg", 0 0, L_0x63169dbe32c0;  1 drivers
v0x63169dbda7b0_0 .net "isAUIPC", 0 0, L_0x63169dbe3e60;  1 drivers
v0x63169dbda870_0 .net "isBranch", 0 0, L_0x63169dbe3710;  1 drivers
v0x63169dbda930_0 .net "isJAL", 0 0, L_0x63169dbe3c20;  1 drivers
v0x63169dbda9f0_0 .net "isJALR", 0 0, L_0x63169dbe39f0;  1 drivers
v0x63169dbdaab0_0 .net "isLUI", 0 0, L_0x63169dbe4090;  1 drivers
v0x63169dbdab70_0 .net "isLoad", 0 0, L_0x63169dbe4320;  1 drivers
v0x63169dbdac30_0 .net "isSYSTEM", 0 0, L_0x63169dbe4820;  1 drivers
v0x63169dbdacf0_0 .net "isStore", 0 0, L_0x63169dbe45c0;  1 drivers
v0x63169dbdadb0_0 .net "leftshift", 31 0, L_0x63169dbfb2f0;  1 drivers
v0x63169dbdae90_0 .net "loadstore_addr", 31 0, L_0x63169dbfdd70;  1 drivers
v0x63169dbdaf70_0 .net "mem_addr", 31 0, L_0x63169dc06830;  alias, 1 drivers
v0x63169dbdb050_0 .net "mem_byteAccess", 0 0, L_0x63169dbfe2b0;  1 drivers
v0x63169dbdb110_0 .net "mem_halfwordAccess", 0 0, L_0x63169dbfe790;  1 drivers
v0x63169dbdb1d0_0 .net "mem_rdata", 31 0, L_0x63169dc09940;  alias, 1 drivers
v0x63169dbdb2b0_0 .net "mem_rstrb", 0 0, L_0x63169dc06ea0;  alias, 1 drivers
v0x63169dbdb370_0 .net "mem_wdata", 31 0, L_0x63169dc03db0;  alias, 1 drivers
v0x63169dbdb450_0 .net "mem_wmask", 3 0, L_0x63169dc06250;  alias, 1 drivers
v0x63169dbdb530_0 .net "nextPC", 31 0, L_0x63169dbfd810;  1 drivers
v0x63169dbdb610_0 .net "rdId", 4 0, L_0x63169dbf78a0;  1 drivers
v0x63169dbdb6f0_0 .net "resetn", 0 0, L_0x63169dc09b20;  alias, 1 drivers
v0x63169dbdb7b0_0 .var "rs1", 31 0;
v0x63169dbdb890_0 .net "rs1Id", 4 0, L_0x63169dbf75e0;  1 drivers
v0x63169dbdb970_0 .var "rs2", 31 0;
v0x63169dbdba50_0 .net "rs2Id", 4 0, L_0x63169dbf7680;  1 drivers
v0x63169dbdbb30_0 .net "shamt", 4 0, L_0x63169dbf8360;  1 drivers
v0x63169dbdbc10_0 .net "shifter", 31 0, L_0x63169dbfb200;  1 drivers
v0x63169dbdbcf0_0 .net "shifter_in", 31 0, L_0x63169dbfa4a0;  1 drivers
v0x63169dbdbdd0_0 .var "state", 2 0;
v0x63169dbdbeb0_0 .var "takeBranch", 0 0;
v0x63169dbdbf70_0 .net "writeBackData", 31 0, L_0x63169dbfcc50;  1 drivers
v0x63169dbdc050_0 .net "writeBackEn", 0 0, L_0x63169dc06140;  1 drivers
E_0x63169db11b60 .event posedge, v0x63169dbda1f0_0;
E_0x63169db11dc0 .event anyedge, v0x63169dbda2b0_0, v0x63169dbb0d40_0, v0x63169dbcf540_0, v0x63169dbcf600_0;
E_0x63169dae5890/0 .event anyedge, v0x63169dbda2b0_0, v0x63169dbda390_0, v0x63169dbda550_0, v0x63169dbd9f50_0;
E_0x63169dae5890/1 .event anyedge, v0x63169dbda110_0, v0x63169dbdadb0_0, v0x63169dbcf540_0, v0x63169dbcf600_0;
E_0x63169dae5890/2 .event anyedge, v0x63169dbd9d90_0, v0x63169dbd9e70_0, v0x63169dbdbc10_0;
E_0x63169dae5890 .event/or E_0x63169dae5890/0, E_0x63169dae5890/1, E_0x63169dae5890/2;
L_0x63169dbe31c0 .part v0x63169dbda550_0, 0, 7;
L_0x63169dbe32c0 .cmp/eq 7, L_0x63169dbe31c0, L_0x72d78d957018;
L_0x63169dbe33e0 .part v0x63169dbda550_0, 0, 7;
L_0x63169dbe34d0 .cmp/eq 7, L_0x63169dbe33e0, L_0x72d78d957060;
L_0x63169dbe3640 .part v0x63169dbda550_0, 0, 7;
L_0x63169dbe3710 .cmp/eq 7, L_0x63169dbe3640, L_0x72d78d9570a8;
L_0x63169dbe38c0 .part v0x63169dbda550_0, 0, 7;
L_0x63169dbe39f0 .cmp/eq 7, L_0x63169dbe38c0, L_0x72d78d9570f0;
L_0x63169dbe3b30 .part v0x63169dbda550_0, 0, 7;
L_0x63169dbe3c20 .cmp/eq 7, L_0x63169dbe3b30, L_0x72d78d957138;
L_0x63169dbe3dc0 .part v0x63169dbda550_0, 0, 7;
L_0x63169dbe3e60 .cmp/eq 7, L_0x63169dbe3dc0, L_0x72d78d957180;
L_0x63169dbe3ff0 .part v0x63169dbda550_0, 0, 7;
L_0x63169dbe4090 .cmp/eq 7, L_0x63169dbe3ff0, L_0x72d78d9571c8;
L_0x63169dbe4280 .part v0x63169dbda550_0, 0, 7;
L_0x63169dbe4320 .cmp/eq 7, L_0x63169dbe4280, L_0x72d78d957210;
L_0x63169dbe4520 .part v0x63169dbda550_0, 0, 7;
L_0x63169dbe45c0 .cmp/eq 7, L_0x63169dbe4520, L_0x72d78d957258;
L_0x63169dbe4780 .part v0x63169dbda550_0, 0, 7;
L_0x63169dbe4820 .cmp/eq 7, L_0x63169dbe4780, L_0x72d78d9572a0;
L_0x63169dbe46e0 .part v0x63169dbda550_0, 31, 1;
L_0x63169dbe4a40 .part v0x63169dbda550_0, 12, 19;
L_0x63169dbf4be0 .concat [ 12 19 1 0], L_0x72d78d9572e8, L_0x63169dbe4a40, L_0x63169dbe46e0;
L_0x63169dbf4dd0 .part v0x63169dbda550_0, 31, 1;
LS_0x63169dbf4f40_0_0 .concat [ 1 1 1 1], L_0x63169dbf4dd0, L_0x63169dbf4dd0, L_0x63169dbf4dd0, L_0x63169dbf4dd0;
LS_0x63169dbf4f40_0_4 .concat [ 1 1 1 1], L_0x63169dbf4dd0, L_0x63169dbf4dd0, L_0x63169dbf4dd0, L_0x63169dbf4dd0;
LS_0x63169dbf4f40_0_8 .concat [ 1 1 1 1], L_0x63169dbf4dd0, L_0x63169dbf4dd0, L_0x63169dbf4dd0, L_0x63169dbf4dd0;
LS_0x63169dbf4f40_0_12 .concat [ 1 1 1 1], L_0x63169dbf4dd0, L_0x63169dbf4dd0, L_0x63169dbf4dd0, L_0x63169dbf4dd0;
LS_0x63169dbf4f40_0_16 .concat [ 1 1 1 1], L_0x63169dbf4dd0, L_0x63169dbf4dd0, L_0x63169dbf4dd0, L_0x63169dbf4dd0;
LS_0x63169dbf4f40_0_20 .concat [ 1 0 0 0], L_0x63169dbf4dd0;
LS_0x63169dbf4f40_1_0 .concat [ 4 4 4 4], LS_0x63169dbf4f40_0_0, LS_0x63169dbf4f40_0_4, LS_0x63169dbf4f40_0_8, LS_0x63169dbf4f40_0_12;
LS_0x63169dbf4f40_1_4 .concat [ 4 1 0 0], LS_0x63169dbf4f40_0_16, LS_0x63169dbf4f40_0_20;
L_0x63169dbf4f40 .concat [ 16 5 0 0], LS_0x63169dbf4f40_1_0, LS_0x63169dbf4f40_1_4;
L_0x63169dbf5350 .part v0x63169dbda550_0, 20, 11;
L_0x63169dbf54d0 .concat [ 11 21 0 0], L_0x63169dbf5350, L_0x63169dbf4f40;
L_0x63169dbf55c0 .part v0x63169dbda550_0, 31, 1;
LS_0x63169dbf5750_0_0 .concat [ 1 1 1 1], L_0x63169dbf55c0, L_0x63169dbf55c0, L_0x63169dbf55c0, L_0x63169dbf55c0;
LS_0x63169dbf5750_0_4 .concat [ 1 1 1 1], L_0x63169dbf55c0, L_0x63169dbf55c0, L_0x63169dbf55c0, L_0x63169dbf55c0;
LS_0x63169dbf5750_0_8 .concat [ 1 1 1 1], L_0x63169dbf55c0, L_0x63169dbf55c0, L_0x63169dbf55c0, L_0x63169dbf55c0;
LS_0x63169dbf5750_0_12 .concat [ 1 1 1 1], L_0x63169dbf55c0, L_0x63169dbf55c0, L_0x63169dbf55c0, L_0x63169dbf55c0;
LS_0x63169dbf5750_0_16 .concat [ 1 1 1 1], L_0x63169dbf55c0, L_0x63169dbf55c0, L_0x63169dbf55c0, L_0x63169dbf55c0;
LS_0x63169dbf5750_0_20 .concat [ 1 0 0 0], L_0x63169dbf55c0;
LS_0x63169dbf5750_1_0 .concat [ 4 4 4 4], LS_0x63169dbf5750_0_0, LS_0x63169dbf5750_0_4, LS_0x63169dbf5750_0_8, LS_0x63169dbf5750_0_12;
LS_0x63169dbf5750_1_4 .concat [ 4 1 0 0], LS_0x63169dbf5750_0_16, LS_0x63169dbf5750_0_20;
L_0x63169dbf5750 .concat [ 16 5 0 0], LS_0x63169dbf5750_1_0, LS_0x63169dbf5750_1_4;
L_0x63169dbf5a50 .part v0x63169dbda550_0, 25, 6;
L_0x63169dbf5e00 .part v0x63169dbda550_0, 7, 5;
L_0x63169dbf5ed0 .concat [ 5 6 21 0], L_0x63169dbf5e00, L_0x63169dbf5a50, L_0x63169dbf5750;
L_0x63169dbf6180 .part v0x63169dbda550_0, 31, 1;
LS_0x63169dbf6220_0_0 .concat [ 1 1 1 1], L_0x63169dbf6180, L_0x63169dbf6180, L_0x63169dbf6180, L_0x63169dbf6180;
LS_0x63169dbf6220_0_4 .concat [ 1 1 1 1], L_0x63169dbf6180, L_0x63169dbf6180, L_0x63169dbf6180, L_0x63169dbf6180;
LS_0x63169dbf6220_0_8 .concat [ 1 1 1 1], L_0x63169dbf6180, L_0x63169dbf6180, L_0x63169dbf6180, L_0x63169dbf6180;
LS_0x63169dbf6220_0_12 .concat [ 1 1 1 1], L_0x63169dbf6180, L_0x63169dbf6180, L_0x63169dbf6180, L_0x63169dbf6180;
LS_0x63169dbf6220_0_16 .concat [ 1 1 1 1], L_0x63169dbf6180, L_0x63169dbf6180, L_0x63169dbf6180, L_0x63169dbf6180;
LS_0x63169dbf6220_1_0 .concat [ 4 4 4 4], LS_0x63169dbf6220_0_0, LS_0x63169dbf6220_0_4, LS_0x63169dbf6220_0_8, LS_0x63169dbf6220_0_12;
LS_0x63169dbf6220_1_4 .concat [ 4 0 0 0], LS_0x63169dbf6220_0_16;
L_0x63169dbf6220 .concat [ 16 4 0 0], LS_0x63169dbf6220_1_0, LS_0x63169dbf6220_1_4;
L_0x63169dbf6640 .part v0x63169dbda550_0, 7, 1;
L_0x63169dbf66e0 .part v0x63169dbda550_0, 25, 6;
L_0x63169dbf6520 .part v0x63169dbda550_0, 8, 4;
LS_0x63169dbf68b0_0_0 .concat [ 1 4 6 1], L_0x72d78d957330, L_0x63169dbf6520, L_0x63169dbf66e0, L_0x63169dbf6640;
LS_0x63169dbf68b0_0_4 .concat [ 20 0 0 0], L_0x63169dbf6220;
L_0x63169dbf68b0 .concat [ 12 20 0 0], LS_0x63169dbf68b0_0_0, LS_0x63169dbf68b0_0_4;
L_0x63169dbf6c00 .part v0x63169dbda550_0, 31, 1;
LS_0x63169dbf6ca0_0_0 .concat [ 1 1 1 1], L_0x63169dbf6c00, L_0x63169dbf6c00, L_0x63169dbf6c00, L_0x63169dbf6c00;
LS_0x63169dbf6ca0_0_4 .concat [ 1 1 1 1], L_0x63169dbf6c00, L_0x63169dbf6c00, L_0x63169dbf6c00, L_0x63169dbf6c00;
LS_0x63169dbf6ca0_0_8 .concat [ 1 1 1 1], L_0x63169dbf6c00, L_0x63169dbf6c00, L_0x63169dbf6c00, L_0x63169dbf6c00;
L_0x63169dbf6ca0 .concat [ 4 4 4 0], LS_0x63169dbf6ca0_0_0, LS_0x63169dbf6ca0_0_4, LS_0x63169dbf6ca0_0_8;
L_0x63169dbf6ee0 .part v0x63169dbda550_0, 12, 8;
L_0x63169dbf6f80 .part v0x63169dbda550_0, 20, 1;
L_0x63169dbf7180 .part v0x63169dbda550_0, 21, 10;
LS_0x63169dbf7220_0_0 .concat [ 1 10 1 8], L_0x72d78d957378, L_0x63169dbf7180, L_0x63169dbf6f80, L_0x63169dbf6ee0;
LS_0x63169dbf7220_0_4 .concat [ 12 0 0 0], L_0x63169dbf6ca0;
L_0x63169dbf7220 .concat [ 20 12 0 0], LS_0x63169dbf7220_0_0, LS_0x63169dbf7220_0_4;
L_0x63169dbf75e0 .part v0x63169dbda550_0, 15, 5;
L_0x63169dbf7680 .part v0x63169dbda550_0, 20, 5;
L_0x63169dbf78a0 .part v0x63169dbda550_0, 7, 5;
L_0x63169dbf7940 .part v0x63169dbda550_0, 12, 3;
L_0x63169dbf7b70 .part v0x63169dbda550_0, 25, 7;
L_0x63169dbf7d40 .functor MUXZ 32, L_0x63169dbf54d0, v0x63169dbdb970_0, L_0x63169dbb4400, C4<>;
L_0x63169dbf8020 .part v0x63169dbdb970_0, 0, 5;
L_0x63169dbf8110 .part v0x63169dbda550_0, 20, 5;
L_0x63169dbf8360 .functor MUXZ 5, L_0x63169dbf8110, L_0x63169dbf8020, L_0x63169dbe32c0, C4<>;
L_0x63169dbf84a0 .arith/sum 32, L_0x63169dbb9a20, L_0x63169dbf7d40;
L_0x63169dbf87a0 .concat [ 32 1 0 0], L_0x63169dbaba60, L_0x72d78d9573c0;
L_0x63169dbf88e0 .concat [ 32 1 0 0], L_0x63169dbb9a20, L_0x72d78d957408;
L_0x63169dbf8ba0 .arith/sum 33, L_0x63169dbf87a0, L_0x63169dbf88e0;
L_0x63169dbf8d10 .arith/sum 33, L_0x63169dbf8ba0, L_0x72d78d957450;
L_0x63169dbf9030 .part L_0x63169dbb9a20, 31, 1;
L_0x63169dbf90d0 .part L_0x63169dbf7d40, 31, 1;
L_0x63169dbf9450 .part L_0x63169dbb9a20, 31, 1;
L_0x63169dbf94f0 .part L_0x63169dbf8d10, 32, 1;
L_0x63169dbf97e0 .functor MUXZ 1, L_0x63169dbf94f0, L_0x63169dbf9450, L_0x63169dafc600, C4<>;
L_0x63169dbf9970 .part L_0x63169dbf8d10, 32, 1;
L_0x63169dbf9c20 .part L_0x63169dbf8d10, 0, 32;
L_0x63169dbf9d50 .cmp/eq 32, L_0x63169dbf9c20, L_0x72d78d957498;
L_0x63169dbfa090 .cmp/eq 3, L_0x63169dbf7940, L_0x72d78d9574e0;
L_0x63169dbfa1d0 .ufunc/vec4 TD_SOC_IP_tb.uut.CPU.flip32, 32, L_0x63169dbb9a20 (v0x63169dbb9490_0) S_0x63169db7ff20;
L_0x63169dbfa4a0 .functor MUXZ 32, L_0x63169dbb9a20, L_0x63169dbfa1d0, L_0x63169dbfa090, C4<>;
L_0x63169dbfa5e0 .part v0x63169dbda550_0, 30, 1;
L_0x63169dbfa8c0 .part L_0x63169dbb9a20, 31, 1;
L_0x63169dbfaa30 .concat [ 32 1 0 0], L_0x63169dbfa4a0, L_0x63169dbbb870;
L_0x63169dbfadc0 .part L_0x63169dbf7d40, 0, 5;
L_0x63169dbfae60 .shift/rs 33, L_0x63169dbfaa30, L_0x63169dbfadc0;
L_0x63169dbfb200 .part L_0x63169dbfae60, 0, 32;
L_0x63169dbfb2f0 .ufunc/vec4 TD_SOC_IP_tb.uut.CPU.flip32, 32, L_0x63169dbfb200 (v0x63169dbb9490_0) S_0x63169db7ff20;
L_0x63169dbfb650 .part v0x63169dbda550_0, 3, 1;
L_0x63169dbfb6f0 .part v0x63169dbda550_0, 4, 1;
L_0x63169dbfba10 .functor MUXZ 32, L_0x63169dbf68b0, L_0x63169dbf4be0, L_0x63169dbfb6f0, C4<>;
L_0x63169dbfbba0 .functor MUXZ 32, L_0x63169dbfba10, L_0x63169dbf7220, L_0x63169dbfb650, C4<>;
L_0x63169dbfbfc0 .arith/sum 32, v0x63169dbcf6c0_0, L_0x63169dbfbba0;
L_0x63169dbfc120 .arith/sum 32, v0x63169dbcf6c0_0, L_0x72d78d957528;
L_0x63169dbfc5e0 .functor MUXZ 32, v0x63169dbda030_0, L_0x63169dc02110, L_0x63169dbe4320, C4<>;
L_0x63169dbfc6d0 .functor MUXZ 32, L_0x63169dbfc5e0, L_0x63169dbfbfc0, L_0x63169dbe3e60, C4<>;
L_0x63169dbfcb10 .functor MUXZ 32, L_0x63169dbfc6d0, L_0x63169dbf4be0, L_0x63169dbe4090, C4<>;
L_0x63169dbfcc50 .functor MUXZ 32, L_0x63169dbfcb10, L_0x63169dbfc120, L_0x63169dbfc060, C4<>;
L_0x63169dbfd220 .part L_0x63169dbf84a0, 1, 31;
L_0x63169dbfd310 .concat [ 1 31 0 0], L_0x72d78d957570, L_0x63169dbfd220;
L_0x63169dbfd720 .functor MUXZ 32, L_0x63169dbfc120, L_0x63169dbfd310, L_0x63169dbe39f0, C4<>;
L_0x63169dbfd810 .functor MUXZ 32, L_0x63169dbfd720, L_0x63169dbfbfc0, L_0x63169dbfd110, C4<>;
L_0x63169dbfdc30 .functor MUXZ 32, L_0x63169dbf54d0, L_0x63169dbf5ed0, L_0x63169dbe45c0, C4<>;
L_0x63169dbfdd70 .arith/sum 32, v0x63169dbdb7b0_0, L_0x63169dbfdc30;
L_0x63169dbfe210 .part L_0x63169dbf7940, 0, 2;
L_0x63169dbfe2b0 .cmp/eq 2, L_0x63169dbfe210, L_0x72d78d9575b8;
L_0x63169dbfe6f0 .part L_0x63169dbf7940, 0, 2;
L_0x63169dbfe790 .cmp/eq 2, L_0x63169dbfe6f0, L_0x72d78d957600;
L_0x63169dbfeb90 .part L_0x63169dbfdd70, 1, 1;
L_0x63169dbfec80 .part L_0x63169dc09940, 16, 16;
L_0x63169dbff090 .part L_0x63169dc09940, 0, 16;
L_0x63169dbff130 .functor MUXZ 16, L_0x63169dbff090, L_0x63169dbfec80, L_0x63169dbfeb90, C4<>;
L_0x63169dbff5f0 .part L_0x63169dbfdd70, 0, 1;
L_0x63169dbff690 .part L_0x63169dbff130, 8, 8;
L_0x63169dbffac0 .part L_0x63169dbff130, 0, 8;
L_0x63169dbffb60 .functor MUXZ 8, L_0x63169dbffac0, L_0x63169dbff690, L_0x63169dbff5f0, C4<>;
L_0x63169dc00040 .part L_0x63169dbf7940, 2, 1;
L_0x63169dc000e0 .reduce/nor L_0x63169dc00040;
L_0x63169dc00530 .part L_0x63169dbffb60, 7, 1;
L_0x63169dc00620 .part L_0x63169dbff130, 15, 1;
L_0x63169dc00a30 .functor MUXZ 1, L_0x63169dc00620, L_0x63169dc00530, L_0x63169dbfe2b0, C4<>;
LS_0x63169dc00c10_0_0 .concat [ 1 1 1 1], L_0x63169dbfde10, L_0x63169dbfde10, L_0x63169dbfde10, L_0x63169dbfde10;
LS_0x63169dc00c10_0_4 .concat [ 1 1 1 1], L_0x63169dbfde10, L_0x63169dbfde10, L_0x63169dbfde10, L_0x63169dbfde10;
LS_0x63169dc00c10_0_8 .concat [ 1 1 1 1], L_0x63169dbfde10, L_0x63169dbfde10, L_0x63169dbfde10, L_0x63169dbfde10;
LS_0x63169dc00c10_0_12 .concat [ 1 1 1 1], L_0x63169dbfde10, L_0x63169dbfde10, L_0x63169dbfde10, L_0x63169dbfde10;
LS_0x63169dc00c10_0_16 .concat [ 1 1 1 1], L_0x63169dbfde10, L_0x63169dbfde10, L_0x63169dbfde10, L_0x63169dbfde10;
LS_0x63169dc00c10_0_20 .concat [ 1 1 1 1], L_0x63169dbfde10, L_0x63169dbfde10, L_0x63169dbfde10, L_0x63169dbfde10;
LS_0x63169dc00c10_1_0 .concat [ 4 4 4 4], LS_0x63169dc00c10_0_0, LS_0x63169dc00c10_0_4, LS_0x63169dc00c10_0_8, LS_0x63169dc00c10_0_12;
LS_0x63169dc00c10_1_4 .concat [ 4 4 0 0], LS_0x63169dc00c10_0_16, LS_0x63169dc00c10_0_20;
L_0x63169dc00c10 .concat [ 16 8 0 0], LS_0x63169dc00c10_1_0, LS_0x63169dc00c10_1_4;
L_0x63169dc01220 .concat [ 8 24 0 0], L_0x63169dbffb60, L_0x63169dc00c10;
LS_0x63169dc012c0_0_0 .concat [ 1 1 1 1], L_0x63169dbfde10, L_0x63169dbfde10, L_0x63169dbfde10, L_0x63169dbfde10;
LS_0x63169dc012c0_0_4 .concat [ 1 1 1 1], L_0x63169dbfde10, L_0x63169dbfde10, L_0x63169dbfde10, L_0x63169dbfde10;
LS_0x63169dc012c0_0_8 .concat [ 1 1 1 1], L_0x63169dbfde10, L_0x63169dbfde10, L_0x63169dbfde10, L_0x63169dbfde10;
LS_0x63169dc012c0_0_12 .concat [ 1 1 1 1], L_0x63169dbfde10, L_0x63169dbfde10, L_0x63169dbfde10, L_0x63169dbfde10;
L_0x63169dc012c0 .concat [ 4 4 4 4], LS_0x63169dc012c0_0_0, LS_0x63169dc012c0_0_4, LS_0x63169dc012c0_0_8, LS_0x63169dc012c0_0_12;
L_0x63169dc01b00 .concat [ 16 16 0 0], L_0x63169dbff130, L_0x63169dc012c0;
L_0x63169dc01bf0 .functor MUXZ 32, L_0x63169dc09940, L_0x63169dc01b00, L_0x63169dbfe790, C4<>;
L_0x63169dc02110 .functor MUXZ 32, L_0x63169dc01bf0, L_0x63169dc01220, L_0x63169dbfe2b0, C4<>;
L_0x63169dc022a0 .part v0x63169dbdb970_0, 0, 8;
L_0x63169dc026f0 .part L_0x63169dbfdd70, 0, 1;
L_0x63169dc02820 .part v0x63169dbdb970_0, 0, 8;
L_0x63169dc02d10 .part v0x63169dbdb970_0, 8, 8;
L_0x63169dc02db0 .functor MUXZ 8, L_0x63169dc02d10, L_0x63169dc02820, L_0x63169dc026f0, C4<>;
L_0x63169dc03270 .part L_0x63169dbfdd70, 1, 1;
L_0x63169dc03310 .part v0x63169dbdb970_0, 0, 8;
L_0x63169dc03790 .part v0x63169dbdb970_0, 16, 8;
L_0x63169dc03830 .functor MUXZ 8, L_0x63169dc03790, L_0x63169dc03310, L_0x63169dc03270, C4<>;
L_0x63169dc03db0 .concat8 [ 8 8 8 8], L_0x63169dc022a0, L_0x63169dc02db0, L_0x63169dc03830, L_0x63169dc05060;
L_0x63169dc03f80 .part L_0x63169dbfdd70, 0, 1;
L_0x63169dc04420 .part v0x63169dbdb970_0, 0, 8;
L_0x63169dc044c0 .part L_0x63169dbfdd70, 1, 1;
L_0x63169dc04970 .part v0x63169dbdb970_0, 8, 8;
L_0x63169dc04a10 .part v0x63169dbdb970_0, 24, 8;
L_0x63169dc04ed0 .functor MUXZ 8, L_0x63169dc04a10, L_0x63169dc04970, L_0x63169dc044c0, C4<>;
L_0x63169dc05060 .functor MUXZ 8, L_0x63169dc04ed0, L_0x63169dc04420, L_0x63169dc03f80, C4<>;
L_0x63169dc04bf0 .part L_0x63169dbfdd70, 1, 1;
L_0x63169dc04da0 .part L_0x63169dbfdd70, 0, 1;
L_0x63169dc05540 .functor MUXZ 4, L_0x72d78d957690, L_0x72d78d957648, L_0x63169dc04da0, C4<>;
L_0x63169dc05680 .part L_0x63169dbfdd70, 0, 1;
L_0x63169dc05100 .functor MUXZ 4, L_0x72d78d957720, L_0x72d78d9576d8, L_0x63169dc05680, C4<>;
L_0x63169dc05290 .functor MUXZ 4, L_0x63169dc05100, L_0x63169dc05540, L_0x63169dc04bf0, C4<>;
L_0x63169dc05420 .part L_0x63169dbfdd70, 1, 1;
L_0x63169dc05b80 .functor MUXZ 4, L_0x72d78d9577b0, L_0x72d78d957768, L_0x63169dc05420, C4<>;
L_0x63169dc057c0 .functor MUXZ 4, L_0x72d78d9577f8, L_0x63169dc05b80, L_0x63169dbfe790, C4<>;
L_0x63169dc05900 .functor MUXZ 4, L_0x63169dc057c0, L_0x63169dc05290, L_0x63169dbfe2b0, C4<>;
L_0x63169dc059f0 .concat [ 3 29 0 0], v0x63169dbdbdd0_0, L_0x72d78d957840;
L_0x63169dc05ae0 .cmp/eq 32, L_0x63169dc059f0, L_0x72d78d957888;
L_0x63169dc05c20 .reduce/nor L_0x63169dbe3710;
L_0x63169dc05de0 .reduce/nor L_0x63169dbe45c0;
L_0x63169dc05f40 .concat [ 3 29 0 0], v0x63169dbdbdd0_0, L_0x72d78d9578d0;
L_0x63169dc065e0 .cmp/eq 32, L_0x63169dc05f40, L_0x72d78d957918;
L_0x63169dc062c0 .concat [ 3 29 0 0], v0x63169dbdbdd0_0, L_0x72d78d957960;
L_0x63169dc063b0 .cmp/eq 32, L_0x63169dc062c0, L_0x72d78d9579a8;
L_0x63169dc064f0 .concat [ 3 29 0 0], v0x63169dbdbdd0_0, L_0x72d78d9579f0;
L_0x63169dc06c70 .cmp/eq 32, L_0x63169dc064f0, L_0x72d78d957a38;
L_0x63169dc06830 .functor MUXZ 32, L_0x63169dbfdd70, v0x63169dbcf6c0_0, L_0x63169dc06720, C4<>;
L_0x63169dc06920 .concat [ 3 29 0 0], v0x63169dbdbdd0_0, L_0x72d78d957a80;
L_0x63169dc06a10 .cmp/eq 32, L_0x63169dc06920, L_0x72d78d957ac8;
L_0x63169dc07240 .concat [ 3 29 0 0], v0x63169dbdbdd0_0, L_0x72d78d957b10;
L_0x63169dc06d60 .cmp/eq 32, L_0x63169dc07240, L_0x72d78d957b58;
L_0x63169dc07080 .concat [ 3 29 0 0], v0x63169dbdbdd0_0, L_0x72d78d957ba0;
L_0x63169dc07170 .cmp/eq 32, L_0x63169dc07080, L_0x72d78d957be8;
L_0x63169dc07880 .concat [ 1 1 1 1], L_0x63169dc07170, L_0x63169dc07170, L_0x63169dc07170, L_0x63169dc07170;
S_0x63169db7ff20 .scope function.vec4.s32, "flip32" "flip32" 3 117, 3 117 0, S_0x63169db7bdc0;
 .timescale -9 -12;
; Variable flip32 is vec4 return value of scope S_0x63169db7ff20
v0x63169dbb9490_0 .var "x", 31 0;
TD_SOC_IP_tb.uut.CPU.flip32 ;
    %load/vec4 v0x63169dbb9490_0;
    %parti/s 1, 0, 2;
    %load/vec4 v0x63169dbb9490_0;
    %parti/s 1, 1, 2;
    %concat/vec4; draw_concat_vec4
    %load/vec4 v0x63169dbb9490_0;
    %parti/s 1, 2, 3;
    %concat/vec4; draw_concat_vec4
    %load/vec4 v0x63169dbb9490_0;
    %parti/s 1, 3, 3;
    %concat/vec4; draw_concat_vec4
    %load/vec4 v0x63169dbb9490_0;
    %parti/s 1, 4, 4;
    %concat/vec4; draw_concat_vec4
    %load/vec4 v0x63169dbb9490_0;
    %parti/s 1, 5, 4;
    %concat/vec4; draw_concat_vec4
    %load/vec4 v0x63169dbb9490_0;
    %parti/s 1, 6, 4;
    %concat/vec4; draw_concat_vec4
    %load/vec4 v0x63169dbb9490_0;
    %parti/s 1, 7, 4;
    %concat/vec4; draw_concat_vec4
    %load/vec4 v0x63169dbb9490_0;
    %parti/s 1, 8, 5;
    %concat/vec4; draw_concat_vec4
    %load/vec4 v0x63169dbb9490_0;
    %parti/s 1, 9, 5;
    %concat/vec4; draw_concat_vec4
    %load/vec4 v0x63169dbb9490_0;
    %parti/s 1, 10, 5;
    %concat/vec4; draw_concat_vec4
    %load/vec4 v0x63169dbb9490_0;
    %parti/s 1, 11, 5;
    %concat/vec4; draw_concat_vec4
    %load/vec4 v0x63169dbb9490_0;
    %parti/s 1, 12, 5;
    %concat/vec4; draw_concat_vec4
    %load/vec4 v0x63169dbb9490_0;
    %parti/s 1, 13, 5;
    %concat/vec4; draw_concat_vec4
    %load/vec4 v0x63169dbb9490_0;
    %parti/s 1, 14, 5;
    %concat/vec4; draw_concat_vec4
    %load/vec4 v0x63169dbb9490_0;
    %parti/s 1, 15, 5;
    %concat/vec4; draw_concat_vec4
    %load/vec4 v0x63169dbb9490_0;
    %parti/s 1, 16, 6;
    %concat/vec4; draw_concat_vec4
    %load/vec4 v0x63169dbb9490_0;
    %parti/s 1, 17, 6;
    %concat/vec4; draw_concat_vec4
    %load/vec4 v0x63169dbb9490_0;
    %parti/s 1, 18, 6;
    %concat/vec4; draw_concat_vec4
    %load/vec4 v0x63169dbb9490_0;
    %parti/s 1, 19, 6;
    %concat/vec4; draw_concat_vec4
    %load/vec4 v0x63169dbb9490_0;
    %parti/s 1, 20, 6;
    %concat/vec4; draw_concat_vec4
    %load/vec4 v0x63169dbb9490_0;
    %parti/s 1, 21, 6;
    %concat/vec4; draw_concat_vec4
    %load/vec4 v0x63169dbb9490_0;
    %parti/s 1, 22, 6;
    %concat/vec4; draw_concat_vec4
    %load/vec4 v0x63169dbb9490_0;
    %parti/s 1, 23, 6;
    %concat/vec4; draw_concat_vec4
    %load/vec4 v0x63169dbb9490_0;
    %parti/s 1, 24, 6;
    %concat/vec4; draw_concat_vec4
    %load/vec4 v0x63169dbb9490_0;
    %parti/s 1, 25, 6;
    %concat/vec4; draw_concat_vec4
    %load/vec4 v0x63169dbb9490_0;
    %parti/s 1, 26, 6;
    %concat/vec4; draw_concat_vec4
    %load/vec4 v0x63169dbb9490_0;
    %parti/s 1, 27, 6;
    %concat/vec4; draw_concat_vec4
    %load/vec4 v0x63169dbb9490_0;
    %parti/s 1, 28, 6;
    %concat/vec4; draw_concat_vec4
    %load/vec4 v0x63169dbb9490_0;
    %parti/s 1, 29, 6;
    %concat/vec4; draw_concat_vec4
    %load/vec4 v0x63169dbb9490_0;
    %parti/s 1, 30, 6;
    %concat/vec4; draw_concat_vec4
    %load/vec4 v0x63169dbb9490_0;
    %parti/s 1, 31, 6;
    %concat/vec4; draw_concat_vec4
    %ret/vec4 0, 0, 32;  Assign to flip32 (store_vec4_to_lval)
    %end;
S_0x63169db83ef0 .scope module, "CW" "Clockworks" 3 433, 4 33 0, S_0x63169db7a590;
 .timescale -9 -12;
    .port_info 0 /INPUT 1 "CLK";
    .port_info 1 /INPUT 1 "RESET";
    .port_info 2 /OUTPUT 1 "clk";
    .port_info 3 /OUTPUT 1 "resetn";
P_0x63169dbdc210 .param/l "SLOW" 0 4 41, +C4<00000000000000000000000000000000>;
v0x63169dbdc470_0 .net "CLK", 0 0, v0x63169dbdf2e0_0;  alias, 1 drivers
v0x63169dbdc550_0 .net "RESET", 0 0, v0x63169dbe1880_0;  alias, 1 drivers
v0x63169dbdc610_0 .net "clk", 0 0, L_0x63169dc091e0;  alias, 1 drivers
v0x63169dbdc710_0 .net "resetn", 0 0, L_0x63169dc09b20;  alias, 1 drivers
S_0x63169dbbba00 .scope generate, "genblk1" "genblk1" 4 52, 4 52 0, S_0x63169db83ef0;
 .timescale -9 -12;
L_0x63169dc091e0 .functor BUFZ 1, v0x63169dbdf2e0_0, C4<0>, C4<0>, C4<0>;
v0x63169dbdc370_0 .var "reset_cnt", 1 0;
E_0x63169db11910 .event posedge, v0x63169dbdc550_0, v0x63169dbda1f0_0;
L_0x63169dc09b20 .reduce/and v0x63169dbdc370_0;
S_0x63169dbdc830 .scope module, "RAM" "Memory" 3 349, 3 12 0, S_0x63169db7a590;
 .timescale -9 -12;
    .port_info 0 /INPUT 1 "clk";
    .port_info 1 /INPUT 32 "mem_addr";
    .port_info 2 /OUTPUT 32 "mem_rdata";
    .port_info 3 /INPUT 1 "mem_rstrb";
    .port_info 4 /INPUT 32 "mem_wdata";
    .port_info 5 /INPUT 4 "mem_wmask";
v0x63169dbdcaf0 .array "MEM", 1535 0, 31 0;
v0x63169dbdcbb0_0 .net "clk", 0 0, L_0x63169dc091e0;  alias, 1 drivers
v0x63169dbdccc0_0 .net "mem_addr", 31 0, L_0x63169dc06830;  alias, 1 drivers
v0x63169dbdcd90_0 .var "mem_rdata", 31 0;
v0x63169dbdce30_0 .net "mem_rstrb", 0 0, L_0x63169dc07f10;  1 drivers
v0x63169dbdcf40_0 .net "mem_wdata", 31 0, L_0x63169dc03db0;  alias, 1 drivers
v0x63169dbdd000_0 .net "mem_wmask", 3 0, L_0x63169dc080b0;  1 drivers
v0x63169dbdd0c0_0 .net "word_addr", 29 0, L_0x63169dc076e0;  1 drivers
L_0x63169dc076e0 .part L_0x63169dc06830, 2, 30;
S_0x63169dbdd2a0 .scope module, "UART" "corescore_emitter_uart" 3 394, 5 2 0, S_0x63169db7a590;
 .timescale -9 -12;
    .port_info 0 /INPUT 1 "i_clk";
    .port_info 1 /INPUT 1 "i_rst";
    .port_info 2 /INPUT 8 "i_data";
    .port_info 3 /INPUT 1 "i_valid";
    .port_info 4 /OUTPUT 1 "o_ready";
    .port_info 5 /OUTPUT 1 "o_uart_tx";
P_0x63169dbb71e0 .param/l "START_VALUE" 1 5 15, +C4<0000000000000000000000000000000000000000000000000000010011100010>;
P_0x63169dbb7220 .param/l "WIDTH" 1 5 17, +C4<00000000000000000000000000001011>;
P_0x63169dbb7260 .param/l "baud_rate" 0 5 5, +C4<00000000000000000010010110000000>;
P_0x63169dbb72a0 .param/l "clk_freq_hz" 0 5 4, +C4<0000000000000000000000000000000000000000101101110001101100000000>;
L_0x63169dc08f00 .functor OR 1, L_0x63169dc08c80, L_0x63169dc08e10, C4<0>, C4<0>;
v0x63169dbdd760_0 .net *"_ivl_1", 0 0, L_0x63169dc08c80;  1 drivers
v0x63169dbdd860_0 .net *"_ivl_3", 0 0, L_0x63169dc08d20;  1 drivers
v0x63169dbdd920_0 .net *"_ivl_5", 0 0, L_0x63169dc08e10;  1 drivers
v0x63169dbdd9f0_0 .var "cnt", 11 0;
v0x63169dbddad0_0 .var "data", 9 0;
v0x63169dbddc00_0 .net "i_clk", 0 0, L_0x63169dc091e0;  alias, 1 drivers
v0x63169dbddca0_0 .net "i_data", 7 0, L_0x63169dc09140;  1 drivers
v0x63169dbddd80_0 .net "i_rst", 0 0, L_0x63169dc09010;  1 drivers
v0x63169dbdde40_0 .net "i_valid", 0 0, L_0x63169dc08bc0;  alias, 1 drivers
v0x63169dbddf00_0 .var "o_ready", 0 0;
v0x63169dbddfc0_0 .net "o_uart_tx", 0 0, L_0x63169dc08f00;  alias, 1 drivers
L_0x63169dc08c80 .part v0x63169dbddad0_0, 0, 1;
L_0x63169dc08d20 .reduce/or v0x63169dbddad0_0;
L_0x63169dc08e10 .reduce/nor L_0x63169dc08d20;
S_0x63169dbde180 .scope module, "gpio" "GPIO_ctrl_IP" 3 362, 6 2 0, S_0x63169db7a590;
 .timescale -9 -12;
    .port_info 0 /INPUT 1 "clk";
    .port_info 1 /INPUT 32 "IP_wdata";
    .port_info 2 /INPUT 2 "decode";
    .port_info 3 /INPUT 1 "IP_sel";
    .port_info 4 /INPUT 1 "rst";
    .port_info 5 /OUTPUT 32 "IP_rdata";
    .port_info 6 /INPUT 1 "wen";
    .port_info 7 /INPUT 32 "IP_ext_in";
v0x63169dbde4a0_0 .var "GPIO_data", 31 0;
v0x63169dbde5a0_0 .var "GPIO_dir", 31 0;
v0x63169dbde680_0 .var "GPIO_read", 31 0;
v0x63169dbde740_0 .net "IP_ext_in", 31 0, v0x63169dbe1b30_0;  alias, 1 drivers
v0x63169dbde820_0 .var "IP_rdata", 31 0;
v0x63169dbde950_0 .net "IP_sel", 0 0, L_0x63169dc08870;  alias, 1 drivers
v0x63169dbdea10_0 .net "IP_wdata", 31 0, L_0x63169dc03db0;  alias, 1 drivers
v0x63169dbdeb20_0 .net "clk", 0 0, L_0x63169dc091e0;  alias, 1 drivers
v0x63169dbdec50_0 .net "decode", 1 0, L_0x63169dc08200;  alias, 1 drivers
v0x63169dbdedc0_0 .net "rst", 0 0, L_0x63169dc09b20;  alias, 1 drivers
v0x63169dbdee60_0 .net "wen", 0 0, L_0x63169dc075f0;  alias, 1 drivers
E_0x63169dbdca10/0 .event anyedge, v0x63169dbde4a0_0, v0x63169dbde5a0_0, v0x63169dbde740_0, v0x63169dbdec50_0;
E_0x63169dbdca10/1 .event anyedge, v0x63169dbde680_0;
E_0x63169dbdca10 .event/or E_0x63169dbdca10/0, E_0x63169dbdca10/1;
S_0x63169dbdf020 .scope module, "hfosc" "SB_HFOSC" 3 424, 7 2 0, S_0x63169db7a590;
 .timescale -9 -12;
    .port_info 0 /INPUT 1 "CLKHFEN";
    .port_info 1 /INPUT 1 "CLKHFPU";
    .port_info 2 /OUTPUT 1 "CLKHF";
P_0x63169dbdf1b0 .param/str "CLKHF_DIV" 0 7 7, "0b10";
v0x63169dbdf2e0_0 .var "CLKHF", 0 0;
L_0x72d78d957de0 .functor BUFT 1, C4<1>, C4<0>, C4<0>, C4<0>;
v0x63169dbdf3a0_0 .net "CLKHFEN", 0 0, L_0x72d78d957de0;  1 drivers
L_0x72d78d957e28 .functor BUFT 1, C4<1>, C4<0>, C4<0>, C4<0>;
v0x63169dbdf440_0 .net "CLKHFPU", 0 0, L_0x72d78d957e28;  1 drivers
S_0x63169dbbbcf0 .scope module, "femtoPLL" "femtoPLL" 8 9;
 .timescale -9 -12;
    .port_info 0 /INPUT 1 "pclk";
    .port_info 1 /OUTPUT 1 "clk";
P_0x63169db1b800 .param/l "freq" 0 8 10, +C4<00000000000000000000000000101000>;
v0x63169dbe3040_0 .net "clk", 0 0, L_0x63169dc09bc0;  1 drivers
o0x72d78d9a3d98 .functor BUFZ 1, C4<z>; HiZ drive
v0x63169dbe3100_0 .net "pclk", 0 0, o0x72d78d9a3d98;  0 drivers
S_0x63169dbe1c70 .scope generate, "genblk1" "genblk1" 8 24, 8 24 0, S_0x63169dbbbcf0;
 .timescale -9 -12;
S_0x63169dbe1e50 .scope module, "pll" "SB_PLL40_CORE" 8 15, 7 16 0, S_0x63169dbbbcf0;
 .timescale -9 -12;
    .port_info 0 /INPUT 1 "REFERENCECLK";
    .port_info 1 /OUTPUT 1 "PLLOUTCORE";
    .port_info 2 /OUTPUT 1 "PLLOUTGLOBAL";
    .port_info 3 /INPUT 1 "EXTFEEDBACK";
    .port_info 4 /INPUT 1 "DYNAMICDELAY";
    .port_info 5 /OUTPUT 1 "LOCK";
    .port_info 6 /INPUT 1 "BYPASS";
    .port_info 7 /INPUT 1 "RESETB";
    .port_info 8 /INPUT 1 "LATCHINPUTVALUE";
    .port_info 9 /INPUT 1 "SDI";
    .port_info 10 /INPUT 1 "SCLK";
    .port_info 11 /INPUT 1 "SHIFTREG_O";
P_0x63169dbe2030 .param/l "DIVF" 0 7 33, C4<0000000>;
P_0x63169dbe2070 .param/l "DIVQ" 0 7 34, C4<000>;
P_0x63169dbe20b0 .param/l "DIVR" 0 7 32, C4<0000>;
P_0x63169dbe20f0 .param/str "FEEDBACK_PATH" 0 7 30, "SIMPLE";
P_0x63169dbe2130 .param/l "FILTER_RANGE" 0 7 35, C4<000>;
P_0x63169dbe2170 .param/str "PLLOUT_SELECT" 0 7 31, "GENCLK";
L_0x63169dc09bc0 .functor BUFZ 1, o0x72d78d9a3d98, C4<0>, C4<0>, C4<0>;
L_0x63169dc09cd0 .functor BUFZ 1, o0x72d78d9a3d98, C4<0>, C4<0>, C4<0>;
L_0x72d78d957eb8 .functor BUFT 1, C4<0>, C4<0>, C4<0>, C4<0>;
v0x63169dbe2570_0 .net "BYPASS", 0 0, L_0x72d78d957eb8;  1 drivers
o0x72d78d9a3c78 .functor BUFZ 1, C4<z>; HiZ drive
v0x63169dbe2650_0 .net "DYNAMICDELAY", 0 0, o0x72d78d9a3c78;  0 drivers
o0x72d78d9a3ca8 .functor BUFZ 1, C4<z>; HiZ drive
v0x63169dbe2710_0 .net "EXTFEEDBACK", 0 0, o0x72d78d9a3ca8;  0 drivers
o0x72d78d9a3cd8 .functor BUFZ 1, C4<z>; HiZ drive
v0x63169dbe27b0_0 .net "LATCHINPUTVALUE", 0 0, o0x72d78d9a3cd8;  0 drivers
L_0x72d78d957e70 .functor BUFT 1, C4<1>, C4<0>, C4<0>, C4<0>;
v0x63169dbe2870_0 .net "LOCK", 0 0, L_0x72d78d957e70;  1 drivers
v0x63169dbe2980_0 .net "PLLOUTCORE", 0 0, L_0x63169dc09bc0;  alias, 1 drivers
v0x63169dbe2a40_0 .net "PLLOUTGLOBAL", 0 0, L_0x63169dc09cd0;  1 drivers
v0x63169dbe2b00_0 .net "REFERENCECLK", 0 0, o0x72d78d9a3d98;  alias, 0 drivers
L_0x72d78d957f00 .functor BUFT 1, C4<1>, C4<0>, C4<0>, C4<0>;
v0x63169dbe2bc0_0 .net "RESETB", 0 0, L_0x72d78d957f00;  1 drivers
o0x72d78d9a3df8 .functor BUFZ 1, C4<z>; HiZ drive
v0x63169dbe2c80_0 .net "SCLK", 0 0, o0x72d78d9a3df8;  0 drivers
o0x72d78d9a3e28 .functor BUFZ 1, C4<z>; HiZ drive
v0x63169dbe2d40_0 .net "SDI", 0 0, o0x72d78d9a3e28;  0 drivers
o0x72d78d9a3e58 .functor BUFZ 1, C4<z>; HiZ drive
v0x63169dbe2e00_0 .net "SHIFTREG_O", 0 0, o0x72d78d9a3e58;  0 drivers
    .scope S_0x63169db7bdc0;
T_1 ;
    %pushi/vec4 0, 0, 32;
    %store/vec4 v0x63169dbcf6c0_0, 0, 32;
    %pushi/vec4 0, 0, 3;
    %store/vec4 v0x63169dbdbdd0_0, 0, 3;
    %end;
    .thread T_1;
    .scope S_0x63169db7bdc0;
T_2 ;
    %pushi/vec4 0, 0, 32;
    %store/vec4 v0x63169dbda470_0, 0, 32;
T_2.0 ;
    %load/vec4 v0x63169dbda470_0;
    %cmpi/s 32, 0, 32;
    %jmp/0xz T_2.1, 5;
    %pushi/vec4 0, 0, 32;
    %ix/getv/s 4, v0x63169dbda470_0;
    %store/vec4a v0x63169dbcf960, 4, 0;
    ; show_stmt_assign_vector: Get l-value for compressed += operand
    %load/vec4 v0x63169dbda470_0;
    %pushi/vec4 1, 0, 32;
    %add;
    %store/vec4 v0x63169dbda470_0, 0, 32;
    %jmp T_2.0;
T_2.1 ;
    %end;
    .thread T_2;
    .scope S_0x63169db7bdc0;
T_3 ;
    %wait E_0x63169dae5890;
    %load/vec4 v0x63169dbda2b0_0;
    %dup/vec4;
    %pushi/vec4 0, 0, 3;
    %cmp/u;
    %jmp/1 T_3.0, 6;
    %dup/vec4;
    %pushi/vec4 1, 0, 3;
    %cmp/u;
    %jmp/1 T_3.1, 6;
    %dup/vec4;
    %pushi/vec4 2, 0, 3;
    %cmp/u;
    %jmp/1 T_3.2, 6;
    %dup/vec4;
    %pushi/vec4 3, 0, 3;
    %cmp/u;
    %jmp/1 T_3.3, 6;
    %dup/vec4;
    %pushi/vec4 4, 0, 3;
    %cmp/u;
    %jmp/1 T_3.4, 6;
    %dup/vec4;
    %pushi/vec4 5, 0, 3;
    %cmp/u;
    %jmp/1 T_3.5, 6;
    %dup/vec4;
    %pushi/vec4 6, 0, 3;
    %cmp/u;
    %jmp/1 T_3.6, 6;
    %dup/vec4;
    %pushi/vec4 7, 0, 3;
    %cmp/u;
    %jmp/1 T_3.7, 6;
    %jmp T_3.8;
T_3.0 ;
    %load/vec4 v0x63169dbda390_0;
    %parti/s 1, 5, 4;
    %load/vec4 v0x63169dbda550_0;
    %parti/s 1, 5, 4;
    %and;
    %flag_set/vec4 8;
    %jmp/0 T_3.9, 8;
    %load/vec4 v0x63169dbd9f50_0;
    %parti/s 32, 0, 2;
    %jmp/1 T_3.10, 8;
T_3.9 ; End of true expr.
    %load/vec4 v0x63169dbda110_0;
    %jmp/0 T_3.10, 8;
 ; End of false expr.
    %blend;
T_3.10;
    %store/vec4 v0x63169dbda030_0, 0, 32;
    %jmp T_3.8;
T_3.1 ;
    %load/vec4 v0x63169dbdadb0_0;
    %store/vec4 v0x63169dbda030_0, 0, 32;
    %jmp T_3.8;
T_3.2 ;
    %pushi/vec4 0, 0, 31;
    %load/vec4 v0x63169dbcf540_0;
    %concat/vec4; draw_concat_vec4
    %store/vec4 v0x63169dbda030_0, 0, 32;
    %jmp T_3.8;
T_3.3 ;
    %pushi/vec4 0, 0, 31;
    %load/vec4 v0x63169dbcf600_0;
    %concat/vec4; draw_concat_vec4
    %store/vec4 v0x63169dbda030_0, 0, 32;
    %jmp T_3.8;
T_3.4 ;
    %load/vec4 v0x63169dbd9d90_0;
    %load/vec4 v0x63169dbd9e70_0;
    %xor;
    %store/vec4 v0x63169dbda030_0, 0, 32;
    %jmp T_3.8;
T_3.5 ;
    %load/vec4 v0x63169dbdbc10_0;
    %store/vec4 v0x63169dbda030_0, 0, 32;
    %jmp T_3.8;
T_3.6 ;
    %load/vec4 v0x63169dbd9d90_0;
    %load/vec4 v0x63169dbd9e70_0;
    %or;
    %store/vec4 v0x63169dbda030_0, 0, 32;
    %jmp T_3.8;
T_3.7 ;
    %load/vec4 v0x63169dbd9d90_0;
    %load/vec4 v0x63169dbd9e70_0;
    %and;
    %store/vec4 v0x63169dbda030_0, 0, 32;
    %jmp T_3.8;
T_3.8 ;
    %pop/vec4 1;
    %jmp T_3;
    .thread T_3, $push;
    .scope S_0x63169db7bdc0;
T_4 ;
    %wait E_0x63169db11dc0;
    %load/vec4 v0x63169dbda2b0_0;
    %dup/vec4;
    %pushi/vec4 0, 0, 3;
    %cmp/u;
    %jmp/1 T_4.0, 6;
    %dup/vec4;
    %pushi/vec4 1, 0, 3;
    %cmp/u;
    %jmp/1 T_4.1, 6;
    %dup/vec4;
    %pushi/vec4 4, 0, 3;
    %cmp/u;
    %jmp/1 T_4.2, 6;
    %dup/vec4;
    %pushi/vec4 5, 0, 3;
    %cmp/u;
    %jmp/1 T_4.3, 6;
    %dup/vec4;
    %pushi/vec4 6, 0, 3;
    %cmp/u;
    %jmp/1 T_4.4, 6;
    %dup/vec4;
    %pushi/vec4 7, 0, 3;
    %cmp/u;
    %jmp/1 T_4.5, 6;
    %pushi/vec4 0, 0, 1;
    %store/vec4 v0x63169dbdbeb0_0, 0, 1;
    %jmp T_4.7;
T_4.0 ;
    %load/vec4 v0x63169dbb0d40_0;
    %store/vec4 v0x63169dbdbeb0_0, 0, 1;
    %jmp T_4.7;
T_4.1 ;
    %load/vec4 v0x63169dbb0d40_0;
    %nor/r;
    %store/vec4 v0x63169dbdbeb0_0, 0, 1;
    %jmp T_4.7;
T_4.2 ;
    %load/vec4 v0x63169dbcf540_0;
    %store/vec4 v0x63169dbdbeb0_0, 0, 1;
    %jmp T_4.7;
T_4.3 ;
    %load/vec4 v0x63169dbcf540_0;
    %nor/r;
    %store/vec4 v0x63169dbdbeb0_0, 0, 1;
    %jmp T_4.7;
T_4.4 ;
    %load/vec4 v0x63169dbcf600_0;
    %store/vec4 v0x63169dbdbeb0_0, 0, 1;
    %jmp T_4.7;
T_4.5 ;
    %load/vec4 v0x63169dbcf600_0;
    %nor/r;
    %store/vec4 v0x63169dbdbeb0_0, 0, 1;
    %jmp T_4.7;
T_4.7 ;
    %pop/vec4 1;
    %jmp T_4;
    .thread T_4, $push;
    .scope S_0x63169db7bdc0;
T_5 ;
    %wait E_0x63169db11b60;
    %load/vec4 v0x63169dbdb6f0_0;
    %nor/r;
    %flag_set/vec4 8;
    %jmp/0xz  T_5.0, 8;
    %pushi/vec4 0, 0, 32;
    %assign/vec4 v0x63169dbcf6c0_0, 0;
    %pushi/vec4 0, 0, 3;
    %assign/vec4 v0x63169dbdbdd0_0, 0;
    %jmp T_5.1;
T_5.0 ;
    %load/vec4 v0x63169dbdc050_0;
    %flag_set/vec4 9;
    %flag_get/vec4 9;
    %jmp/0 T_5.4, 9;
    %load/vec4 v0x63169dbdb610_0;
    %pad/u 32;
    %pushi/vec4 0, 0, 32;
    %cmp/ne;
    %flag_get/vec4 4;
    %and;
T_5.4;
    %flag_set/vec4 8;
    %jmp/0xz  T_5.2, 8;
    %load/vec4 v0x63169dbdbf70_0;
    %load/vec4 v0x63169dbdb610_0;
    %pad/u 7;
    %ix/vec4 3;
    %ix/load 4, 0, 0; Constant delay
    %assign/vec4/a/d v0x63169dbcf960, 0, 4;
T_5.2 ;
    %load/vec4 v0x63169dbdbdd0_0;
    %dup/vec4;
    %pushi/vec4 0, 0, 3;
    %cmp/u;
    %jmp/1 T_5.5, 6;
    %dup/vec4;
    %pushi/vec4 1, 0, 3;
    %cmp/u;
    %jmp/1 T_5.6, 6;
    %dup/vec4;
    %pushi/vec4 2, 0, 3;
    %cmp/u;
    %jmp/1 T_5.7, 6;
    %dup/vec4;
    %pushi/vec4 3, 0, 3;
    %cmp/u;
    %jmp/1 T_5.8, 6;
    %dup/vec4;
    %pushi/vec4 4, 0, 3;
    %cmp/u;
    %jmp/1 T_5.9, 6;
    %dup/vec4;
    %pushi/vec4 5, 0, 3;
    %cmp/u;
    %jmp/1 T_5.10, 6;
    %dup/vec4;
    %pushi/vec4 6, 0, 3;
    %cmp/u;
    %jmp/1 T_5.11, 6;
    %jmp T_5.12;
T_5.5 ;
    %pushi/vec4 1, 0, 3;
    %assign/vec4 v0x63169dbdbdd0_0, 0;
    %jmp T_5.12;
T_5.6 ;
    %load/vec4 v0x63169dbdb1d0_0;
    %assign/vec4 v0x63169dbda550_0, 0;
    %pushi/vec4 2, 0, 3;
    %assign/vec4 v0x63169dbdbdd0_0, 0;
    %jmp T_5.12;
T_5.7 ;
    %load/vec4 v0x63169dbdb890_0;
    %pad/u 7;
    %ix/vec4 4;
    %load/vec4a v0x63169dbcf960, 4;
    %assign/vec4 v0x63169dbdb7b0_0, 0;
    %load/vec4 v0x63169dbdba50_0;
    %pad/u 7;
    %ix/vec4 4;
    %load/vec4a v0x63169dbcf960, 4;
    %assign/vec4 v0x63169dbdb970_0, 0;
    %pushi/vec4 3, 0, 3;
    %assign/vec4 v0x63169dbdbdd0_0, 0;
    %jmp T_5.12;
T_5.8 ;
    %load/vec4 v0x63169dbdac30_0;
    %nor/r;
    %flag_set/vec4 8;
    %jmp/0xz  T_5.13, 8;
    %load/vec4 v0x63169dbdb530_0;
    %assign/vec4 v0x63169dbcf6c0_0, 0;
T_5.13 ;
    %load/vec4 v0x63169dbdab70_0;
    %flag_set/vec4 8;
    %jmp/0 T_5.15, 8;
    %pushi/vec4 4, 0, 32;
    %jmp/1 T_5.16, 8;
T_5.15 ; End of true expr.
    %load/vec4 v0x63169dbdacf0_0;
    %flag_set/vec4 9;
    %jmp/0 T_5.17, 9;
    %pushi/vec4 6, 0, 32;
    %jmp/1 T_5.18, 9;
T_5.17 ; End of true expr.
    %pushi/vec4 0, 0, 32;
    %jmp/0 T_5.18, 9;
 ; End of false expr.
    %blend;
T_5.18;
    %jmp/0 T_5.16, 8;
 ; End of false expr.
    %blend;
T_5.16;
    %pad/s 3;
    %assign/vec4 v0x63169dbdbdd0_0, 0;
    %load/vec4 v0x63169dbdac30_0;
    %flag_set/vec4 8;
    %jmp/0xz  T_5.19, 8;
    %vpi_call 3 288 "$finish" {0 0 0};
T_5.19 ;
    %jmp T_5.12;
T_5.9 ;
    %pushi/vec4 5, 0, 3;
    %assign/vec4 v0x63169dbdbdd0_0, 0;
    %jmp T_5.12;
T_5.10 ;
    %pushi/vec4 0, 0, 3;
    %assign/vec4 v0x63169dbdbdd0_0, 0;
    %jmp T_5.12;
T_5.11 ;
    %pushi/vec4 0, 0, 3;
    %assign/vec4 v0x63169dbdbdd0_0, 0;
    %jmp T_5.12;
T_5.12 ;
    %pop/vec4 1;
T_5.1 ;
    %jmp T_5;
    .thread T_5;
    .scope S_0x63169dbdc830;
T_6 ;
    %vpi_call 3 24 "$readmemh", "firmware.hex", v0x63169dbdcaf0 {0 0 0};
    %end;
    .thread T_6;
    .scope S_0x63169dbdc830;
T_7 ;
    %wait E_0x63169db11b60;
    %load/vec4 v0x63169dbdce30_0;
    %flag_set/vec4 8;
    %jmp/0xz  T_7.0, 8;
    %ix/getv 4, v0x63169dbdd0c0_0;
    %load/vec4a v0x63169dbdcaf0, 4;
    %assign/vec4 v0x63169dbdcd90_0, 0;
T_7.0 ;
    %load/vec4 v0x63169dbdd000_0;
    %parti/s 1, 0, 2;
    %flag_set/vec4 8;
    %jmp/0xz  T_7.2, 8;
    %load/vec4 v0x63169dbdcf40_0;
    %parti/s 8, 0, 2;
    %ix/getv 3, v0x63169dbdd0c0_0;
    %ix/load 4, 0, 0; Constant delay
    %assign/vec4/a/d v0x63169dbdcaf0, 0, 4;
T_7.2 ;
    %load/vec4 v0x63169dbdd000_0;
    %parti/s 1, 1, 2;
    %flag_set/vec4 8;
    %jmp/0xz  T_7.4, 8;
    %load/vec4 v0x63169dbdcf40_0;
    %parti/s 8, 8, 5;
    %ix/getv 3, v0x63169dbdd0c0_0;
    %ix/load 4, 8, 0; part off
    %ix/load 5, 0, 0; Constant delay
    %assign/vec4/a/d v0x63169dbdcaf0, 4, 5;
T_7.4 ;
    %load/vec4 v0x63169dbdd000_0;
    %parti/s 1, 2, 3;
    %flag_set/vec4 8;
    %jmp/0xz  T_7.6, 8;
    %load/vec4 v0x63169dbdcf40_0;
    %parti/s 8, 16, 6;
    %ix/getv 3, v0x63169dbdd0c0_0;
    %ix/load 4, 16, 0; part off
    %ix/load 5, 0, 0; Constant delay
    %assign/vec4/a/d v0x63169dbdcaf0, 4, 5;
T_7.6 ;
    %load/vec4 v0x63169dbdd000_0;
    %parti/s 1, 3, 3;
    %flag_set/vec4 8;
    %jmp/0xz  T_7.8, 8;
    %load/vec4 v0x63169dbdcf40_0;
    %parti/s 8, 24, 6;
    %ix/getv 3, v0x63169dbdd0c0_0;
    %ix/load 4, 24, 0; part off
    %ix/load 5, 0, 0; Constant delay
    %assign/vec4/a/d v0x63169dbdcaf0, 4, 5;
T_7.8 ;
    %jmp T_7;
    .thread T_7;
    .scope S_0x63169dbde180;
T_8 ;
    %wait E_0x63169dbdca10;
    %load/vec4 v0x63169dbde4a0_0;
    %load/vec4 v0x63169dbde5a0_0;
    %and;
    %load/vec4 v0x63169dbde5a0_0;
    %inv;
    %load/vec4 v0x63169dbde740_0;
    %and;
    %or;
    %store/vec4 v0x63169dbde680_0, 0, 32;
    %load/vec4 v0x63169dbdec50_0;
    %dup/vec4;
    %pushi/vec4 0, 0, 2;
    %cmp/u;
    %jmp/1 T_8.0, 6;
    %dup/vec4;
    %pushi/vec4 1, 0, 2;
    %cmp/u;
    %jmp/1 T_8.1, 6;
    %dup/vec4;
    %pushi/vec4 2, 0, 2;
    %cmp/u;
    %jmp/1 T_8.2, 6;
    %pushi/vec4 0, 0, 32;
    %store/vec4 v0x63169dbde820_0, 0, 32;
    %jmp T_8.4;
T_8.0 ;
    %load/vec4 v0x63169dbde4a0_0;
    %store/vec4 v0x63169dbde820_0, 0, 32;
    %jmp T_8.4;
T_8.1 ;
    %load/vec4 v0x63169dbde5a0_0;
    %store/vec4 v0x63169dbde820_0, 0, 32;
    %jmp T_8.4;
T_8.2 ;
    %load/vec4 v0x63169dbde680_0;
    %store/vec4 v0x63169dbde820_0, 0, 32;
    %jmp T_8.4;
T_8.4 ;
    %pop/vec4 1;
    %jmp T_8;
    .thread T_8, $push;
    .scope S_0x63169dbde180;
T_9 ;
    %wait E_0x63169db11b60;
    %load/vec4 v0x63169dbdedc0_0;
    %nor/r;
    %flag_set/vec4 8;
    %jmp/0xz  T_9.0, 8;
    %pushi/vec4 0, 0, 32;
    %assign/vec4 v0x63169dbde4a0_0, 0;
    %pushi/vec4 0, 0, 32;
    %assign/vec4 v0x63169dbde5a0_0, 0;
    %jmp T_9.1;
T_9.0 ;
    %load/vec4 v0x63169dbde950_0;
    %flag_set/vec4 9;
    %flag_get/vec4 9;
    %jmp/0 T_9.4, 9;
    %load/vec4 v0x63169dbdee60_0;
    %and;
T_9.4;
    %flag_set/vec4 8;
    %jmp/0xz  T_9.2, 8;
    %load/vec4 v0x63169dbdec50_0;
    %dup/vec4;
    %pushi/vec4 0, 0, 2;
    %cmp/u;
    %jmp/1 T_9.5, 6;
    %dup/vec4;
    %pushi/vec4 1, 0, 2;
    %cmp/u;
    %jmp/1 T_9.6, 6;
    %load/vec4 v0x63169dbde4a0_0;
    %assign/vec4 v0x63169dbde4a0_0, 0;
    %load/vec4 v0x63169dbde5a0_0;
    %assign/vec4 v0x63169dbde5a0_0, 0;
    %jmp T_9.8;
T_9.5 ;
    %load/vec4 v0x63169dbdea10_0;
    %assign/vec4 v0x63169dbde4a0_0, 0;
    %jmp T_9.8;
T_9.6 ;
    %load/vec4 v0x63169dbdea10_0;
    %assign/vec4 v0x63169dbde5a0_0, 0;
    %jmp T_9.8;
T_9.8 ;
    %pop/vec4 1;
    %jmp T_9.3;
T_9.2 ;
    %load/vec4 v0x63169dbde4a0_0;
    %assign/vec4 v0x63169dbde4a0_0, 0;
    %load/vec4 v0x63169dbde5a0_0;
    %assign/vec4 v0x63169dbde5a0_0, 0;
T_9.3 ;
T_9.1 ;
    %jmp T_9;
    .thread T_9;
    .scope S_0x63169dbdd2a0;
T_10 ;
    %pushi/vec4 0, 0, 12;
    %store/vec4 v0x63169dbdd9f0_0, 0, 12;
    %end;
    .thread T_10;
    .scope S_0x63169dbdd2a0;
T_11 ;
    %wait E_0x63169db11b60;
    %load/vec4 v0x63169dbdd9f0_0;
    %parti/s 1, 11, 5;
    %load/vec4 v0x63169dbddad0_0;
    %or/r;
    %nor/r;
    %and;
    %flag_set/vec4 8;
    %jmp/0xz  T_11.0, 8;
    %pushi/vec4 1, 0, 1;
    %assign/vec4 v0x63169dbddf00_0, 0;
    %jmp T_11.1;
T_11.0 ;
    %load/vec4 v0x63169dbdde40_0;
    %load/vec4 v0x63169dbddf00_0;
    %and;
    %flag_set/vec4 8;
    %jmp/0xz  T_11.2, 8;
    %pushi/vec4 0, 0, 1;
    %assign/vec4 v0x63169dbddf00_0, 0;
T_11.2 ;
T_11.1 ;
    %load/vec4 v0x63169dbddf00_0;
    %load/vec4 v0x63169dbdd9f0_0;
    %parti/s 1, 11, 5;
    %or;
    %flag_set/vec4 8;
    %jmp/0xz  T_11.4, 8;
    %pushi/vec4 1250, 0, 12;
    %assign/vec4 v0x63169dbdd9f0_0, 0;
    %jmp T_11.5;
T_11.4 ;
    %load/vec4 v0x63169dbdd9f0_0;
    %subi 1, 0, 12;
    %assign/vec4 v0x63169dbdd9f0_0, 0;
T_11.5 ;
    %load/vec4 v0x63169dbdd9f0_0;
    %parti/s 1, 11, 5;
    %flag_set/vec4 8;
    %jmp/0xz  T_11.6, 8;
    %pushi/vec4 0, 0, 1;
    %load/vec4 v0x63169dbddad0_0;
    %parti/s 9, 1, 2;
    %concat/vec4; draw_concat_vec4
    %assign/vec4 v0x63169dbddad0_0, 0;
    %jmp T_11.7;
T_11.6 ;
    %load/vec4 v0x63169dbdde40_0;
    %load/vec4 v0x63169dbddf00_0;
    %and;
    %flag_set/vec4 8;
    %jmp/0xz  T_11.8, 8;
    %pushi/vec4 1, 0, 1;
    %load/vec4 v0x63169dbddca0_0;
    %concat/vec4; draw_concat_vec4
    %concati/vec4 0, 0, 1;
    %assign/vec4 v0x63169dbddad0_0, 0;
T_11.8 ;
T_11.7 ;
    %jmp T_11;
    .thread T_11;
    .scope S_0x63169dbdf020;
T_12 ;
    %pushi/vec4 0, 0, 1;
    %store/vec4 v0x63169dbdf2e0_0, 0, 1;
    %end;
    .thread T_12;
    .scope S_0x63169dbdf020;
T_13 ;
    %delay 41666, 0;
    %load/vec4 v0x63169dbdf2e0_0;
    %inv;
    %store/vec4 v0x63169dbdf2e0_0, 0, 1;
    %jmp T_13;
    .thread T_13;
    .scope S_0x63169dbbba00;
T_14 ;
    %pushi/vec4 0, 0, 2;
    %store/vec4 v0x63169dbdc370_0, 0, 2;
    %end;
    .thread T_14;
    .scope S_0x63169dbbba00;
T_15 ;
    %wait E_0x63169db11910;
    %load/vec4 v0x63169dbdc550_0;
    %flag_set/vec4 8;
    %jmp/0xz  T_15.0, 8;
    %pushi/vec4 0, 0, 2;
    %assign/vec4 v0x63169dbdc370_0, 0;
    %jmp T_15.1;
T_15.0 ;
    %load/vec4 v0x63169dbdc370_0;
    %load/vec4 v0x63169dbdc710_0;
    %nor/r;
    %pad/u 2;
    %add;
    %assign/vec4 v0x63169dbdc370_0, 0;
T_15.1 ;
    %jmp T_15;
    .thread T_15;
    .scope S_0x63169db7a590;
T_16 ;
    %wait E_0x63169db11b60;
    %load/vec4 v0x63169dbe0d30_0;
    %load/vec4 v0x63169dbe1350_0;
    %and;
    %load/vec4 v0x63169dbe1290_0;
    %parti/s 1, 2, 3;
    %and;
    %flag_set/vec4 8;
    %jmp/0xz  T_16.0, 8;
    %load/vec4 v0x63169dbe1120_0;
    %pad/u 5;
    %assign/vec4 v0x63169dbdf890_0, 0;
T_16.0 ;
    %jmp T_16;
    .thread T_16;
    .scope S_0x63169db7a590;
T_17 ;
    %wait E_0x63169db11b60;
    %load/vec4 v0x63169dbe1660_0;
    %flag_set/vec4 8;
    %jmp/0xz  T_17.0, 8;
    %vpi_call 3 414 "$write", "%c", &PV<v0x63169dbe1120_0, 0, 8> {0 0 0};
    %vpi_call 3 415 "$fflush", 32'b10000000000000000000000000000001 {0 0 0};
T_17.0 ;
    %jmp T_17;
    .thread T_17;
    .scope S_0x63169dbaa070;
T_18 ;
    %wait E_0x63169db11b60;
    %load/vec4 v0x63169dbdf6f0_0;
    %load/vec4 v0x63169dbe1350_0;
    %and;
    %flag_set/vec4 8;
    %jmp/0xz  T_18.0, 8;
    %vpi_call 2 20 "$display", "T=%0t | GPIO WRITE: 0x%h", $time, v0x63169dbe1120_0 {0 0 0};
T_18.0 ;
    %load/vec4 v0x63169dbdf6f0_0;
    %load/vec4 v0x63169dbe1080_0;
    %and;
    %flag_set/vec4 8;
    %jmp/0xz  T_18.2, 8;
    %vpi_call 2 22 "$display", "T=%0t | GPIO READ : 0x%h", $time, v0x63169dbdf620_0 {0 0 0};
T_18.2 ;
    %jmp T_18;
    .thread T_18;
    .scope S_0x63169dbaa070;
T_19 ;
    %vpi_call 2 26 "$dumpfile", "waves.vcd" {0 0 0};
    %vpi_call 2 27 "$dumpvars", 32'sb00000000000000000000000000000000, S_0x63169dbaa070 {0 0 0};
    %pushi/vec4 305397760, 0, 32;
    %store/vec4 v0x63169dbe1b30_0, 0, 32;
    %pushi/vec4 1, 0, 1;
    %store/vec4 v0x63169dbe1970_0, 0, 1;
    %pushi/vec4 1, 0, 1;
    %store/vec4 v0x63169dbe1880_0, 0, 1;
    %delay 50000, 0;
    %pushi/vec4 0, 0, 1;
    %store/vec4 v0x63169dbe1880_0, 0, 1;
    %delay 10000000, 0;
    %vpi_call 2 34 "$finish" {0 0 0};
    %end;
    .thread T_19;
# The file index is used to find the file name in the following table.
:file_names 9;
    "N/A";
    "<interactive>";
    "SOC_IP_tb.v";
    "riscv.v";
    "./clockworks.v";
    "./emitter_uart.v";
    "./GPIO_ctrl_IP.v";
    "./sim_ext.v";
    "./femtopll.v";
