#! /usr/bin/vvp
:ivl_version "12.0 (stable)";
:ivl_delay_selection "TYPICAL";
:vpi_time_precision - 12;
:vpi_module "/usr/lib/x86_64-linux-gnu/ivl/system.vpi";
:vpi_module "/usr/lib/x86_64-linux-gnu/ivl/vhdl_sys.vpi";
:vpi_module "/usr/lib/x86_64-linux-gnu/ivl/vhdl_textio.vpi";
:vpi_module "/usr/lib/x86_64-linux-gnu/ivl/v2005_math.vpi";
:vpi_module "/usr/lib/x86_64-linux-gnu/ivl/va_math.vpi";
S_0x57ff6a9d56d0 .scope module, "SOC_IP_tb" "SOC_IP_tb" 2 3;
 .timescale -9 -12;
v0x57ff6aa09340_0 .net "LEDS", 4 0, v0x57ff6aa07aa0_0;  1 drivers
v0x57ff6aa09420_0 .var "RESET", 0 0;
v0x57ff6aa09510_0 .var "RXD", 0 0;
v0x57ff6aa095e0_0 .net "TXD", 0 0, L_0x57ff6aa30410;  1 drivers
S_0x57ff6a9a5bf0 .scope module, "uut" "SOC" 2 9, 3 315 0, S_0x57ff6a9d56d0;
 .timescale -9 -12;
    .port_info 0 /INPUT 1 "RESET";
    .port_info 1 /OUTPUT 5 "LEDS";
    .port_info 2 /INPUT 1 "RXD";
    .port_info 3 /OUTPUT 1 "TXD";
P_0x57ff6a9df7d0 .param/l "GPIO_IP_bit" 1 3 366, +C4<00000000000000000000000000000011>;
P_0x57ff6a9df810 .param/l "IO_LEDS_bit" 1 3 359, +C4<00000000000000000000000000000000>;
P_0x57ff6a9df850 .param/l "IO_UART_CNTL_bit" 1 3 361, +C4<00000000000000000000000000000010>;
P_0x57ff6a9df890 .param/l "IO_UART_DAT_bit" 1 3 360, +C4<00000000000000000000000000000001>;
L_0x57ff6aa2f980 .functor AND 1, L_0x57ff6aa2efc0, L_0x57ff6aa2e910, C4<1>, C4<1>;
L_0x57ff6aa2fb20 .functor AND 4, L_0x57ff6aa2f9f0, L_0x57ff6aa2dcc0, C4<1111>, C4<1111>;
L_0x57ff6aa2fd10 .functor AND 1, L_0x57ff6aa2ef20, L_0x57ff6aa2fc70, C4<1>, C4<1>;
L_0x57ff6aa2fee0 .functor AND 1, L_0x57ff6aa2ef20, L_0x57ff6aa2f060, C4<1>, C4<1>;
L_0x57ff6aa30080 .functor AND 1, L_0x57ff6aa2fee0, L_0x57ff6aa2ffe0, C4<1>, C4<1>;
v0x57ff6aa07810_0 .net "GPIO_rdata", 31 0, v0x57ff6aa05180_0;  1 drivers
v0x57ff6aa07900_0 .net "GPIO_sel", 0 0, L_0x57ff6aa2fd10;  1 drivers
v0x57ff6aa079d0_0 .net "IO_rdata", 31 0, L_0x57ff6aa30bc0;  1 drivers
v0x57ff6aa07aa0_0 .var "LEDS", 4 0;
v0x57ff6aa07b60_0 .net "RAM_rdata", 31 0, v0x57ff6aa05d60_0;  1 drivers
v0x57ff6aa07c70_0 .net "RESET", 0 0, v0x57ff6aa09420_0;  1 drivers
v0x57ff6aa07d40_0 .net "RXD", 0 0, v0x57ff6aa09510_0;  1 drivers
v0x57ff6aa07de0_0 .net "TXD", 0 0, L_0x57ff6aa30410;  alias, 1 drivers
v0x57ff6aa07eb0_0 .net *"_ivl_10", 3 0, L_0x57ff6aa2f9f0;  1 drivers
v0x57ff6aa07fe0_0 .net *"_ivl_15", 0 0, L_0x57ff6aa2fc70;  1 drivers
v0x57ff6aa080c0_0 .net *"_ivl_18", 0 0, L_0x57ff6aa2fee0;  1 drivers
v0x57ff6aa081a0_0 .net *"_ivl_21", 0 0, L_0x57ff6aa2ffe0;  1 drivers
v0x57ff6aa08280_0 .net *"_ivl_29", 0 0, L_0x57ff6aa30740;  1 drivers
L_0x7d5f08d86c30 .functor BUFT 1, C4<0000000000000000000000>, C4<0>, C4<0>, C4<0>;
v0x57ff6aa08360_0 .net/2u *"_ivl_30", 21 0, L_0x7d5f08d86c30;  1 drivers
v0x57ff6aa08440_0 .net *"_ivl_33", 0 0, L_0x57ff6aa308d0;  1 drivers
L_0x7d5f08d86c78 .functor BUFT 1, C4<000000000>, C4<0>, C4<0>, C4<0>;
v0x57ff6aa08500_0 .net/2u *"_ivl_34", 8 0, L_0x7d5f08d86c78;  1 drivers
v0x57ff6aa085e0_0 .net *"_ivl_36", 31 0, L_0x57ff6aa30970;  1 drivers
L_0x7d5f08d86cc0 .functor BUFT 1, C4<00000000000000000000000000000000>, C4<0>, C4<0>, C4<0>;
v0x57ff6aa086c0_0 .net/2u *"_ivl_38", 31 0, L_0x7d5f08d86cc0;  1 drivers
v0x57ff6aa087a0_0 .net *"_ivl_40", 31 0, L_0x57ff6aa30ad0;  1 drivers
v0x57ff6aa08880_0 .net "clk", 0 0, L_0x57ff6aa30a60;  1 drivers
v0x57ff6aa08920_0 .net "clk_int", 0 0, v0x57ff6aa07590_0;  1 drivers
v0x57ff6aa089c0_0 .net "isIO", 0 0, L_0x57ff6aa2ef20;  1 drivers
v0x57ff6aa08a80_0 .net "isRAM", 0 0, L_0x57ff6aa2efc0;  1 drivers
v0x57ff6aa08b40_0 .net "mem_addr", 31 0, L_0x57ff6aa2e2a0;  1 drivers
v0x57ff6aa08c50_0 .net "mem_rdata", 31 0, L_0x57ff6aa30dd0;  1 drivers
v0x57ff6aa08d10_0 .net "mem_rstrb", 0 0, L_0x57ff6aa2e910;  1 drivers
v0x57ff6aa08db0_0 .net "mem_wdata", 31 0, L_0x57ff6aa2b820;  1 drivers
v0x57ff6aa08e50_0 .net "mem_wmask", 3 0, L_0x57ff6aa2dcc0;  1 drivers
v0x57ff6aa08f20_0 .net "mem_wordaddr", 29 0, L_0x57ff6aa2edf0;  1 drivers
v0x57ff6aa08fe0_0 .net "mem_wstrb", 0 0, L_0x57ff6aa2f060;  1 drivers
v0x57ff6aa090b0_0 .net "resetn", 0 0, L_0x57ff6aa30f10;  1 drivers
v0x57ff6aa09150_0 .net "uart_ready", 0 0, v0x57ff6aa070a0_0;  1 drivers
v0x57ff6aa09220_0 .net "uart_valid", 0 0, L_0x57ff6aa30080;  1 drivers
L_0x57ff6aa2edf0 .part L_0x57ff6aa2e2a0, 2, 30;
L_0x57ff6aa2ef20 .part L_0x57ff6aa2e2a0, 22, 1;
L_0x57ff6aa2efc0 .reduce/nor L_0x57ff6aa2ef20;
L_0x57ff6aa2f060 .reduce/or L_0x57ff6aa2dcc0;
L_0x57ff6aa2f9f0 .concat [ 1 1 1 1], L_0x57ff6aa2efc0, L_0x57ff6aa2efc0, L_0x57ff6aa2efc0, L_0x57ff6aa2efc0;
L_0x57ff6aa2fc70 .part L_0x57ff6aa2edf0, 3, 1;
L_0x57ff6aa2ffe0 .part L_0x57ff6aa2edf0, 1, 1;
L_0x57ff6aa30520 .reduce/nor L_0x57ff6aa30f10;
L_0x57ff6aa306a0 .part L_0x57ff6aa2b820, 0, 8;
L_0x57ff6aa30740 .part L_0x57ff6aa2edf0, 2, 1;
L_0x57ff6aa308d0 .reduce/nor v0x57ff6aa070a0_0;
L_0x57ff6aa30970 .concat [ 9 1 22 0], L_0x7d5f08d86c78, L_0x57ff6aa308d0, L_0x7d5f08d86c30;
L_0x57ff6aa30ad0 .functor MUXZ 32, L_0x7d5f08d86cc0, v0x57ff6aa05180_0, L_0x57ff6aa2fd10, C4<>;
L_0x57ff6aa30bc0 .functor MUXZ 32, L_0x57ff6aa30ad0, L_0x57ff6aa30970, L_0x57ff6aa30740, C4<>;
L_0x57ff6aa30dd0 .functor MUXZ 32, L_0x57ff6aa30bc0, v0x57ff6aa05d60_0, L_0x57ff6aa2efc0, C4<>;
S_0x57ff6a9a7420 .scope module, "CPU" "Processor" 3 332, 3 40 0, S_0x57ff6a9a5bf0;
 .timescale -9 -12;
    .port_info 0 /INPUT 1 "clk";
    .port_info 1 /INPUT 1 "resetn";
    .port_info 2 /OUTPUT 32 "mem_addr";
    .port_info 3 /INPUT 32 "mem_rdata";
    .port_info 4 /OUTPUT 1 "mem_rstrb";
    .port_info 5 /OUTPUT 32 "mem_wdata";
    .port_info 6 /OUTPUT 4 "mem_wmask";
P_0x57ff6a9a21b0 .param/l "EXECUTE" 1 3 251, +C4<00000000000000000000000000000011>;
P_0x57ff6a9a21f0 .param/l "FETCH_INSTR" 1 3 248, +C4<00000000000000000000000000000000>;
P_0x57ff6a9a2230 .param/l "FETCH_REGS" 1 3 250, +C4<00000000000000000000000000000010>;
P_0x57ff6a9a2270 .param/l "LOAD" 1 3 252, +C4<00000000000000000000000000000100>;
P_0x57ff6a9a22b0 .param/l "STORE" 1 3 254, +C4<00000000000000000000000000000110>;
P_0x57ff6a9a22f0 .param/l "WAIT_DATA" 1 3 253, +C4<00000000000000000000000000000101>;
P_0x57ff6a9a2330 .param/l "WAIT_INSTR" 1 3 249, +C4<00000000000000000000000000000001>;
L_0x57ff6a9dc9f0 .functor BUFZ 32, v0x57ff6aa040c0_0, C4<00000000000000000000000000000000>, C4<00000000000000000000000000000000>, C4<00000000000000000000000000000000>;
L_0x57ff6a9d9070 .functor OR 1, L_0x57ff6aa0ad60, L_0x57ff6aa0b1b0, C4<0>, C4<0>;
L_0x57ff6a92d600 .functor NOT 32, L_0x57ff6aa1f740, C4<00000000000000000000000000000000>, C4<00000000000000000000000000000000>, C4<00000000000000000000000000000000>;
L_0x57ff6a9e3c90 .functor XOR 1, L_0x57ff6aa20a30, L_0x57ff6aa20ad0, C4<0>, C4<0>;
L_0x57ff6aa22360 .functor AND 1, L_0x57ff6aa21fe0, L_0x57ff6aa222c0, C4<1>, C4<1>;
L_0x57ff6aa23ad0 .functor OR 1, L_0x57ff6aa0b6c0, L_0x57ff6aa0b490, C4<0>, C4<0>;
L_0x57ff6aa24b10 .functor AND 1, L_0x57ff6aa0b1b0, v0x57ff6aa047c0_0, C4<1>, C4<1>;
L_0x57ff6aa24b80 .functor OR 1, L_0x57ff6aa24b10, L_0x57ff6aa0b6c0, C4<0>, C4<0>;
L_0x57ff6aa25880 .functor AND 1, L_0x57ff6aa27b50, L_0x57ff6aa284a0, C4<1>, C4<1>;
L_0x57ff6aa2d730 .functor AND 1, L_0x57ff6aa2d550, L_0x57ff6aa2d690, C4<1>, C4<1>;
L_0x57ff6aa2d8f0 .functor AND 1, L_0x57ff6aa2d730, L_0x57ff6aa2d850, C4<1>, C4<1>;
L_0x57ff6aa2dbb0 .functor OR 1, L_0x57ff6aa2d8f0, L_0x57ff6aa2e050, C4<0>, C4<0>;
L_0x57ff6aa2e190 .functor OR 1, L_0x57ff6aa2de20, L_0x57ff6aa2e6e0, C4<0>, C4<0>;
L_0x57ff6aa2e910 .functor OR 1, L_0x57ff6aa2e480, L_0x57ff6aa2e7d0, C4<0>, C4<0>;
L_0x57ff6aa2dcc0 .functor AND 4, L_0x57ff6aa2f2f0, L_0x57ff6aa2d370, C4<1111>, C4<1111>;
v0x57ff6a9e2170_0 .net "Bimm", 31 0, L_0x57ff6aa1e2f0;  1 drivers
v0x57ff6a9dcb50_0 .net "EQ", 0 0, L_0x57ff6aa21750;  1 drivers
v0x57ff6a9d71e0_0 .net "Iimm", 31 0, L_0x57ff6aa1cf10;  1 drivers
v0x57ff6a9d9190_0 .net "Jimm", 31 0, L_0x57ff6aa1ec60;  1 drivers
v0x57ff6a9f7aa0_0 .net "LOAD_byte", 7 0, L_0x57ff6aa275d0;  1 drivers
v0x57ff6a9f7bd0_0 .net "LOAD_data", 31 0, L_0x57ff6aa29b80;  1 drivers
v0x57ff6a9f7cb0_0 .net "LOAD_halfword", 15 0, L_0x57ff6aa26ba0;  1 drivers
v0x57ff6a9f7d90_0 .net "LOAD_sign", 0 0, L_0x57ff6aa25880;  1 drivers
v0x57ff6a9f7e50_0 .net "LT", 0 0, L_0x57ff6aa211e0;  1 drivers
v0x57ff6a9f7f10_0 .net "LTU", 0 0, L_0x57ff6aa21370;  1 drivers
v0x57ff6a9f7fd0_0 .var "PC", 31 0;
v0x57ff6a9f80b0_0 .net "PCplus4", 31 0, L_0x57ff6aa23b90;  1 drivers
v0x57ff6a9f8190_0 .net "PCplusImm", 31 0, L_0x57ff6aa23a30;  1 drivers
v0x57ff6a9f8270 .array "RegisterBank", 31 0, 31 0;
v0x57ff6a9f8330_0 .net "STORE_wmask", 3 0, L_0x57ff6aa2d370;  1 drivers
v0x57ff6a9f8410_0 .net "Simm", 31 0, L_0x57ff6aa1d910;  1 drivers
v0x57ff6a9f84f0_0 .net "Uimm", 31 0, L_0x57ff6aa1c650;  1 drivers
v0x57ff6a9f85d0_0 .net *"_ivl_1", 6 0, L_0x57ff6aa0ac30;  1 drivers
v0x57ff6a9f86b0_0 .net *"_ivl_101", 0 0, L_0x57ff6aa1e640;  1 drivers
v0x57ff6a9f8790_0 .net *"_ivl_102", 11 0, L_0x57ff6aa1e6e0;  1 drivers
v0x57ff6a9f8870_0 .net *"_ivl_105", 7 0, L_0x57ff6aa1e920;  1 drivers
v0x57ff6a9f8950_0 .net *"_ivl_107", 0 0, L_0x57ff6aa1e9c0;  1 drivers
v0x57ff6a9f8a30_0 .net *"_ivl_109", 9 0, L_0x57ff6aa1ebc0;  1 drivers
L_0x7d5f08d86378 .functor BUFT 1, C4<0>, C4<0>, C4<0>, C4<0>;
v0x57ff6a9f8b10_0 .net/2u *"_ivl_110", 0 0, L_0x7d5f08d86378;  1 drivers
v0x57ff6a9f8bf0_0 .net *"_ivl_126", 0 0, L_0x57ff6a9d9070;  1 drivers
v0x57ff6a9f8cd0_0 .net *"_ivl_13", 6 0, L_0x57ff6aa0b0e0;  1 drivers
v0x57ff6a9f8db0_0 .net *"_ivl_131", 4 0, L_0x57ff6aa1fa20;  1 drivers
v0x57ff6a9f8e90_0 .net *"_ivl_133", 4 0, L_0x57ff6aa1fb10;  1 drivers
L_0x7d5f08d863c0 .functor BUFT 1, C4<1>, C4<0>, C4<0>, C4<0>;
v0x57ff6a9f8f70_0 .net/2u *"_ivl_138", 0 0, L_0x7d5f08d863c0;  1 drivers
L_0x7d5f08d860a8 .functor BUFT 1, C4<1100011>, C4<0>, C4<0>, C4<0>;
v0x57ff6a9f9050_0 .net/2u *"_ivl_14", 6 0, L_0x7d5f08d860a8;  1 drivers
v0x57ff6a9f9130_0 .net *"_ivl_140", 31 0, L_0x57ff6a92d600;  1 drivers
v0x57ff6a9f9210_0 .net *"_ivl_142", 32 0, L_0x57ff6aa201a0;  1 drivers
L_0x7d5f08d86408 .functor BUFT 1, C4<0>, C4<0>, C4<0>, C4<0>;
v0x57ff6a9f92f0_0 .net/2u *"_ivl_144", 0 0, L_0x7d5f08d86408;  1 drivers
v0x57ff6a9f95e0_0 .net *"_ivl_146", 32 0, L_0x57ff6aa202e0;  1 drivers
v0x57ff6a9f96c0_0 .net *"_ivl_148", 32 0, L_0x57ff6aa205a0;  1 drivers
L_0x7d5f08d86450 .functor BUFT 1, C4<000000000000000000000000000000001>, C4<0>, C4<0>, C4<0>;
v0x57ff6a9f97a0_0 .net/2u *"_ivl_150", 32 0, L_0x7d5f08d86450;  1 drivers
v0x57ff6a9f9880_0 .net *"_ivl_155", 0 0, L_0x57ff6aa20a30;  1 drivers
v0x57ff6a9f9960_0 .net *"_ivl_157", 0 0, L_0x57ff6aa20ad0;  1 drivers
v0x57ff6a9f9a40_0 .net *"_ivl_158", 0 0, L_0x57ff6a9e3c90;  1 drivers
v0x57ff6a9f9b20_0 .net *"_ivl_161", 0 0, L_0x57ff6aa20e50;  1 drivers
v0x57ff6a9f9c00_0 .net *"_ivl_163", 0 0, L_0x57ff6aa20ef0;  1 drivers
v0x57ff6a9f9ce0_0 .net *"_ivl_169", 31 0, L_0x57ff6aa21620;  1 drivers
L_0x7d5f08d86498 .functor BUFT 1, C4<00000000000000000000000000000000>, C4<0>, C4<0>, C4<0>;
v0x57ff6a9f9dc0_0 .net/2u *"_ivl_170", 31 0, L_0x7d5f08d86498;  1 drivers
L_0x7d5f08d864e0 .functor BUFT 1, C4<001>, C4<0>, C4<0>, C4<0>;
v0x57ff6a9f9ea0_0 .net/2u *"_ivl_174", 2 0, L_0x7d5f08d864e0;  1 drivers
v0x57ff6a9f9f80_0 .net *"_ivl_176", 0 0, L_0x57ff6aa21a90;  1 drivers
v0x57ff6a9fa040_0 .net *"_ivl_179", 31 0, L_0x57ff6aa21bd0;  1 drivers
v0x57ff6a9fa120_0 .net *"_ivl_183", 0 0, L_0x57ff6aa21fe0;  1 drivers
v0x57ff6a9fa200_0 .net *"_ivl_185", 0 0, L_0x57ff6aa222c0;  1 drivers
v0x57ff6a9fa2e0_0 .net *"_ivl_186", 0 0, L_0x57ff6aa22360;  1 drivers
v0x57ff6a9fa3c0_0 .net *"_ivl_188", 32 0, L_0x57ff6aa224a0;  1 drivers
v0x57ff6a9fa4a0_0 .net *"_ivl_19", 6 0, L_0x57ff6aa0b360;  1 drivers
v0x57ff6a9fa580_0 .net *"_ivl_191", 4 0, L_0x57ff6aa22830;  1 drivers
v0x57ff6a9fa660_0 .net *"_ivl_192", 32 0, L_0x57ff6aa228d0;  1 drivers
v0x57ff6a9fa740_0 .net *"_ivl_199", 0 0, L_0x57ff6aa230c0;  1 drivers
L_0x7d5f08d86018 .functor BUFT 1, C4<0110011>, C4<0>, C4<0>, C4<0>;
v0x57ff6a9fa820_0 .net/2u *"_ivl_2", 6 0, L_0x7d5f08d86018;  1 drivers
L_0x7d5f08d860f0 .functor BUFT 1, C4<1100111>, C4<0>, C4<0>, C4<0>;
v0x57ff6a9fa900_0 .net/2u *"_ivl_20", 6 0, L_0x7d5f08d860f0;  1 drivers
v0x57ff6a9fa9e0_0 .net *"_ivl_201", 0 0, L_0x57ff6aa23160;  1 drivers
v0x57ff6a9faac0_0 .net *"_ivl_202", 31 0, L_0x57ff6aa23480;  1 drivers
v0x57ff6a9faba0_0 .net *"_ivl_204", 31 0, L_0x57ff6aa23610;  1 drivers
L_0x7d5f08d86528 .functor BUFT 1, C4<00000000000000000000000000000100>, C4<0>, C4<0>, C4<0>;
v0x57ff6a9fac80_0 .net/2u *"_ivl_208", 31 0, L_0x7d5f08d86528;  1 drivers
v0x57ff6a9fad60_0 .net *"_ivl_213", 0 0, L_0x57ff6aa23ad0;  1 drivers
v0x57ff6a9fae20_0 .net *"_ivl_214", 31 0, L_0x57ff6aa24050;  1 drivers
v0x57ff6a9faf00_0 .net *"_ivl_216", 31 0, L_0x57ff6aa24140;  1 drivers
v0x57ff6a9fafe0_0 .net *"_ivl_218", 31 0, L_0x57ff6aa24580;  1 drivers
v0x57ff6a9fb0c0_0 .net *"_ivl_223", 0 0, L_0x57ff6aa24b10;  1 drivers
v0x57ff6a9fb590_0 .net *"_ivl_225", 0 0, L_0x57ff6aa24b80;  1 drivers
v0x57ff6a9fb650_0 .net *"_ivl_227", 30 0, L_0x57ff6aa24c90;  1 drivers
L_0x7d5f08d86570 .functor BUFT 1, C4<0>, C4<0>, C4<0>, C4<0>;
v0x57ff6a9fb730_0 .net/2u *"_ivl_228", 0 0, L_0x7d5f08d86570;  1 drivers
v0x57ff6a9fb810_0 .net *"_ivl_230", 31 0, L_0x57ff6aa24d80;  1 drivers
v0x57ff6a9fb8f0_0 .net *"_ivl_232", 31 0, L_0x57ff6aa25190;  1 drivers
v0x57ff6a9fb9d0_0 .net *"_ivl_236", 31 0, L_0x57ff6aa256a0;  1 drivers
v0x57ff6a9fbab0_0 .net *"_ivl_241", 1 0, L_0x57ff6aa25c80;  1 drivers
L_0x7d5f08d865b8 .functor BUFT 1, C4<00>, C4<0>, C4<0>, C4<0>;
v0x57ff6a9fbb90_0 .net/2u *"_ivl_242", 1 0, L_0x7d5f08d865b8;  1 drivers
v0x57ff6a9fbc70_0 .net *"_ivl_247", 1 0, L_0x57ff6aa26160;  1 drivers
L_0x7d5f08d86600 .functor BUFT 1, C4<01>, C4<0>, C4<0>, C4<0>;
v0x57ff6a9fbd50_0 .net/2u *"_ivl_248", 1 0, L_0x7d5f08d86600;  1 drivers
v0x57ff6a9fbe30_0 .net *"_ivl_25", 6 0, L_0x57ff6aa0b5d0;  1 drivers
v0x57ff6a9fbf10_0 .net *"_ivl_253", 0 0, L_0x57ff6aa26600;  1 drivers
v0x57ff6a9fbff0_0 .net *"_ivl_255", 15 0, L_0x57ff6aa266f0;  1 drivers
v0x57ff6a9fc0d0_0 .net *"_ivl_257", 15 0, L_0x57ff6aa26b00;  1 drivers
L_0x7d5f08d86138 .functor BUFT 1, C4<1101111>, C4<0>, C4<0>, C4<0>;
v0x57ff6a9fc1b0_0 .net/2u *"_ivl_26", 6 0, L_0x7d5f08d86138;  1 drivers
v0x57ff6a9fc290_0 .net *"_ivl_261", 0 0, L_0x57ff6aa27060;  1 drivers
v0x57ff6a9fc370_0 .net *"_ivl_263", 7 0, L_0x57ff6aa27100;  1 drivers
v0x57ff6a9fc450_0 .net *"_ivl_265", 7 0, L_0x57ff6aa27530;  1 drivers
v0x57ff6a9fc530_0 .net *"_ivl_269", 0 0, L_0x57ff6aa27ab0;  1 drivers
v0x57ff6a9fc610_0 .net *"_ivl_271", 0 0, L_0x57ff6aa27b50;  1 drivers
v0x57ff6a9fc6d0_0 .net *"_ivl_273", 0 0, L_0x57ff6aa27fa0;  1 drivers
v0x57ff6a9fc7b0_0 .net *"_ivl_275", 0 0, L_0x57ff6aa28090;  1 drivers
v0x57ff6a9fc890_0 .net *"_ivl_276", 0 0, L_0x57ff6aa284a0;  1 drivers
v0x57ff6a9fc970_0 .net *"_ivl_280", 23 0, L_0x57ff6aa28680;  1 drivers
v0x57ff6a9fca50_0 .net *"_ivl_282", 31 0, L_0x57ff6aa28c90;  1 drivers
v0x57ff6a9fcb30_0 .net *"_ivl_284", 15 0, L_0x57ff6aa28d30;  1 drivers
v0x57ff6a9fcc10_0 .net *"_ivl_286", 31 0, L_0x57ff6aa29570;  1 drivers
v0x57ff6a9fccf0_0 .net *"_ivl_288", 31 0, L_0x57ff6aa29660;  1 drivers
v0x57ff6a9fcdd0_0 .net *"_ivl_295", 7 0, L_0x57ff6aa29d10;  1 drivers
v0x57ff6a9fceb0_0 .net *"_ivl_299", 0 0, L_0x57ff6aa2a160;  1 drivers
v0x57ff6a9fcf90_0 .net *"_ivl_301", 7 0, L_0x57ff6aa2a290;  1 drivers
v0x57ff6a9fd070_0 .net *"_ivl_303", 7 0, L_0x57ff6aa2a780;  1 drivers
v0x57ff6a9fd150_0 .net *"_ivl_304", 7 0, L_0x57ff6aa2a820;  1 drivers
v0x57ff6a9fd230_0 .net *"_ivl_309", 0 0, L_0x57ff6aa2ace0;  1 drivers
v0x57ff6a9fd310_0 .net *"_ivl_31", 6 0, L_0x57ff6aa0b860;  1 drivers
v0x57ff6a9fd3f0_0 .net *"_ivl_311", 7 0, L_0x57ff6aa2ad80;  1 drivers
v0x57ff6a9fd4d0_0 .net *"_ivl_313", 7 0, L_0x57ff6aa2b200;  1 drivers
v0x57ff6a9fd5b0_0 .net *"_ivl_314", 7 0, L_0x57ff6aa2b2a0;  1 drivers
L_0x7d5f08d86180 .functor BUFT 1, C4<0010111>, C4<0>, C4<0>, C4<0>;
v0x57ff6a9fd690_0 .net/2u *"_ivl_32", 6 0, L_0x7d5f08d86180;  1 drivers
v0x57ff6a9fd770_0 .net *"_ivl_320", 0 0, L_0x57ff6aa2b9f0;  1 drivers
v0x57ff6a9fd850_0 .net *"_ivl_322", 7 0, L_0x57ff6aa2be90;  1 drivers
v0x57ff6a9fd930_0 .net *"_ivl_324", 0 0, L_0x57ff6aa2bf30;  1 drivers
v0x57ff6a9fda10_0 .net *"_ivl_326", 7 0, L_0x57ff6aa2c3e0;  1 drivers
v0x57ff6a9fdaf0_0 .net *"_ivl_328", 7 0, L_0x57ff6aa2c480;  1 drivers
v0x57ff6a9fdbd0_0 .net *"_ivl_329", 7 0, L_0x57ff6aa2c940;  1 drivers
v0x57ff6a9fdcb0_0 .net *"_ivl_331", 7 0, L_0x57ff6aa2cad0;  1 drivers
v0x57ff6a9fdd90_0 .net *"_ivl_334", 0 0, L_0x57ff6aa2c660;  1 drivers
v0x57ff6a9fde70_0 .net *"_ivl_336", 0 0, L_0x57ff6aa2c810;  1 drivers
L_0x7d5f08d86648 .functor BUFT 1, C4<1000>, C4<0>, C4<0>, C4<0>;
v0x57ff6a9fdf50_0 .net/2u *"_ivl_337", 3 0, L_0x7d5f08d86648;  1 drivers
L_0x7d5f08d86690 .functor BUFT 1, C4<0100>, C4<0>, C4<0>, C4<0>;
v0x57ff6a9fe030_0 .net/2u *"_ivl_339", 3 0, L_0x7d5f08d86690;  1 drivers
v0x57ff6a9fe110_0 .net *"_ivl_341", 3 0, L_0x57ff6aa2cfb0;  1 drivers
v0x57ff6a9fe1f0_0 .net *"_ivl_344", 0 0, L_0x57ff6aa2d0f0;  1 drivers
L_0x7d5f08d866d8 .functor BUFT 1, C4<0010>, C4<0>, C4<0>, C4<0>;
v0x57ff6a9fe2d0_0 .net/2u *"_ivl_345", 3 0, L_0x7d5f08d866d8;  1 drivers
L_0x7d5f08d86720 .functor BUFT 1, C4<0001>, C4<0>, C4<0>, C4<0>;
v0x57ff6a9fe3b0_0 .net/2u *"_ivl_347", 3 0, L_0x7d5f08d86720;  1 drivers
v0x57ff6a9fe490_0 .net *"_ivl_349", 3 0, L_0x57ff6aa2cb70;  1 drivers
v0x57ff6a9fe570_0 .net *"_ivl_351", 3 0, L_0x57ff6aa2cd00;  1 drivers
v0x57ff6a9fe650_0 .net *"_ivl_354", 0 0, L_0x57ff6aa2ce90;  1 drivers
L_0x7d5f08d86768 .functor BUFT 1, C4<1100>, C4<0>, C4<0>, C4<0>;
v0x57ff6a9fe730_0 .net/2u *"_ivl_355", 3 0, L_0x7d5f08d86768;  1 drivers
L_0x7d5f08d867b0 .functor BUFT 1, C4<0011>, C4<0>, C4<0>, C4<0>;
v0x57ff6a9fe810_0 .net/2u *"_ivl_357", 3 0, L_0x7d5f08d867b0;  1 drivers
v0x57ff6a9fe8f0_0 .net *"_ivl_359", 3 0, L_0x57ff6aa2d5f0;  1 drivers
L_0x7d5f08d867f8 .functor BUFT 1, C4<1111>, C4<0>, C4<0>, C4<0>;
v0x57ff6a9fe9d0_0 .net/2u *"_ivl_361", 3 0, L_0x7d5f08d867f8;  1 drivers
v0x57ff6a9feab0_0 .net *"_ivl_363", 3 0, L_0x57ff6aa2d230;  1 drivers
v0x57ff6a9feb90_0 .net *"_ivl_367", 31 0, L_0x57ff6aa2d460;  1 drivers
v0x57ff6a9fec70_0 .net *"_ivl_37", 6 0, L_0x57ff6aa0ba90;  1 drivers
L_0x7d5f08d86840 .functor BUFT 1, C4<00000000000000000000000000000>, C4<0>, C4<0>, C4<0>;
v0x57ff6a9ff560_0 .net *"_ivl_370", 28 0, L_0x7d5f08d86840;  1 drivers
L_0x7d5f08d86888 .functor BUFT 1, C4<00000000000000000000000000000011>, C4<0>, C4<0>, C4<0>;
v0x57ff6a9ff640_0 .net/2u *"_ivl_371", 31 0, L_0x7d5f08d86888;  1 drivers
v0x57ff6a9ff720_0 .net *"_ivl_373", 0 0, L_0x57ff6aa2d550;  1 drivers
v0x57ff6a9ff7e0_0 .net *"_ivl_376", 0 0, L_0x57ff6aa2d690;  1 drivers
v0x57ff6a9ff8a0_0 .net *"_ivl_378", 0 0, L_0x57ff6aa2d730;  1 drivers
L_0x7d5f08d861c8 .functor BUFT 1, C4<0110111>, C4<0>, C4<0>, C4<0>;
v0x57ff6a9ff960_0 .net/2u *"_ivl_38", 6 0, L_0x7d5f08d861c8;  1 drivers
v0x57ff6a9ffa40_0 .net *"_ivl_380", 0 0, L_0x57ff6aa2d850;  1 drivers
v0x57ff6a9ffb00_0 .net *"_ivl_382", 0 0, L_0x57ff6aa2d8f0;  1 drivers
v0x57ff6a9ffbc0_0 .net *"_ivl_383", 31 0, L_0x57ff6aa2d9b0;  1 drivers
L_0x7d5f08d868d0 .functor BUFT 1, C4<00000000000000000000000000000>, C4<0>, C4<0>, C4<0>;
v0x57ff6a9ffca0_0 .net *"_ivl_386", 28 0, L_0x7d5f08d868d0;  1 drivers
L_0x7d5f08d86918 .functor BUFT 1, C4<00000000000000000000000000000101>, C4<0>, C4<0>, C4<0>;
v0x57ff6a9ffd80_0 .net/2u *"_ivl_387", 31 0, L_0x7d5f08d86918;  1 drivers
v0x57ff6a9ffe60_0 .net *"_ivl_389", 0 0, L_0x57ff6aa2e050;  1 drivers
v0x57ff6a9fff20_0 .net *"_ivl_393", 31 0, L_0x57ff6aa2dd30;  1 drivers
L_0x7d5f08d86960 .functor BUFT 1, C4<00000000000000000000000000000>, C4<0>, C4<0>, C4<0>;
v0x57ff6aa00000_0 .net *"_ivl_396", 28 0, L_0x7d5f08d86960;  1 drivers
L_0x7d5f08d869a8 .functor BUFT 1, C4<00000000000000000000000000000001>, C4<0>, C4<0>, C4<0>;
v0x57ff6aa000e0_0 .net/2u *"_ivl_397", 31 0, L_0x7d5f08d869a8;  1 drivers
v0x57ff6aa001c0_0 .net *"_ivl_399", 0 0, L_0x57ff6aa2de20;  1 drivers
v0x57ff6aa00280_0 .net *"_ivl_401", 31 0, L_0x57ff6aa2df60;  1 drivers
L_0x7d5f08d869f0 .functor BUFT 1, C4<00000000000000000000000000000>, C4<0>, C4<0>, C4<0>;
v0x57ff6aa00360_0 .net *"_ivl_404", 28 0, L_0x7d5f08d869f0;  1 drivers
L_0x7d5f08d86a38 .functor BUFT 1, C4<00000000000000000000000000000000>, C4<0>, C4<0>, C4<0>;
v0x57ff6aa00440_0 .net/2u *"_ivl_405", 31 0, L_0x7d5f08d86a38;  1 drivers
v0x57ff6aa00520_0 .net *"_ivl_407", 0 0, L_0x57ff6aa2e6e0;  1 drivers
v0x57ff6aa005e0_0 .net *"_ivl_410", 0 0, L_0x57ff6aa2e190;  1 drivers
v0x57ff6aa006a0_0 .net *"_ivl_413", 31 0, L_0x57ff6aa2e390;  1 drivers
L_0x7d5f08d86a80 .functor BUFT 1, C4<00000000000000000000000000000>, C4<0>, C4<0>, C4<0>;
v0x57ff6aa00780_0 .net *"_ivl_416", 28 0, L_0x7d5f08d86a80;  1 drivers
L_0x7d5f08d86ac8 .functor BUFT 1, C4<00000000000000000000000000000000>, C4<0>, C4<0>, C4<0>;
v0x57ff6aa00860_0 .net/2u *"_ivl_417", 31 0, L_0x7d5f08d86ac8;  1 drivers
v0x57ff6aa00940_0 .net *"_ivl_419", 0 0, L_0x57ff6aa2e480;  1 drivers
v0x57ff6aa00a00_0 .net *"_ivl_421", 31 0, L_0x57ff6aa2ecb0;  1 drivers
L_0x7d5f08d86b10 .functor BUFT 1, C4<00000000000000000000000000000>, C4<0>, C4<0>, C4<0>;
v0x57ff6aa00ae0_0 .net *"_ivl_424", 28 0, L_0x7d5f08d86b10;  1 drivers
L_0x7d5f08d86b58 .functor BUFT 1, C4<00000000000000000000000000000100>, C4<0>, C4<0>, C4<0>;
v0x57ff6aa00bc0_0 .net/2u *"_ivl_425", 31 0, L_0x7d5f08d86b58;  1 drivers
v0x57ff6aa00ca0_0 .net *"_ivl_427", 0 0, L_0x57ff6aa2e7d0;  1 drivers
v0x57ff6aa00d60_0 .net *"_ivl_43", 6 0, L_0x57ff6aa0bd20;  1 drivers
v0x57ff6aa00e40_0 .net *"_ivl_431", 31 0, L_0x57ff6aa2eaf0;  1 drivers
L_0x7d5f08d86ba0 .functor BUFT 1, C4<00000000000000000000000000000>, C4<0>, C4<0>, C4<0>;
v0x57ff6aa00f20_0 .net *"_ivl_434", 28 0, L_0x7d5f08d86ba0;  1 drivers
L_0x7d5f08d86be8 .functor BUFT 1, C4<00000000000000000000000000000110>, C4<0>, C4<0>, C4<0>;
v0x57ff6aa01000_0 .net/2u *"_ivl_435", 31 0, L_0x7d5f08d86be8;  1 drivers
v0x57ff6aa010e0_0 .net *"_ivl_437", 0 0, L_0x57ff6aa2ebe0;  1 drivers
v0x57ff6aa011a0_0 .net *"_ivl_439", 3 0, L_0x57ff6aa2f2f0;  1 drivers
L_0x7d5f08d86210 .functor BUFT 1, C4<0000011>, C4<0>, C4<0>, C4<0>;
v0x57ff6aa01280_0 .net/2u *"_ivl_44", 6 0, L_0x7d5f08d86210;  1 drivers
v0x57ff6aa01360_0 .net *"_ivl_49", 6 0, L_0x57ff6aa0bfc0;  1 drivers
L_0x7d5f08d86258 .functor BUFT 1, C4<0100011>, C4<0>, C4<0>, C4<0>;
v0x57ff6aa01440_0 .net/2u *"_ivl_50", 6 0, L_0x7d5f08d86258;  1 drivers
v0x57ff6aa01520_0 .net *"_ivl_55", 6 0, L_0x57ff6aa0c220;  1 drivers
L_0x7d5f08d862a0 .functor BUFT 1, C4<1110011>, C4<0>, C4<0>, C4<0>;
v0x57ff6aa01600_0 .net/2u *"_ivl_56", 6 0, L_0x7d5f08d862a0;  1 drivers
v0x57ff6aa016e0_0 .net *"_ivl_61", 0 0, L_0x57ff6aa0c180;  1 drivers
v0x57ff6aa017c0_0 .net *"_ivl_63", 18 0, L_0x57ff6aa0c4e0;  1 drivers
L_0x7d5f08d862e8 .functor BUFT 1, C4<000000000000>, C4<0>, C4<0>, C4<0>;
v0x57ff6aa018a0_0 .net/2u *"_ivl_64", 11 0, L_0x7d5f08d862e8;  1 drivers
v0x57ff6aa01980_0 .net *"_ivl_69", 0 0, L_0x57ff6aa1c810;  1 drivers
v0x57ff6aa01a60_0 .net *"_ivl_7", 6 0, L_0x57ff6aa0ae80;  1 drivers
v0x57ff6aa01b40_0 .net *"_ivl_70", 20 0, L_0x57ff6aa1c980;  1 drivers
v0x57ff6aa01c20_0 .net *"_ivl_73", 10 0, L_0x57ff6aa1cd90;  1 drivers
v0x57ff6aa01d00_0 .net *"_ivl_77", 0 0, L_0x57ff6aa1d000;  1 drivers
v0x57ff6aa01de0_0 .net *"_ivl_78", 20 0, L_0x57ff6aa1d190;  1 drivers
L_0x7d5f08d86060 .functor BUFT 1, C4<0010011>, C4<0>, C4<0>, C4<0>;
v0x57ff6aa01ec0_0 .net/2u *"_ivl_8", 6 0, L_0x7d5f08d86060;  1 drivers
v0x57ff6aa01fa0_0 .net *"_ivl_81", 5 0, L_0x57ff6aa1d490;  1 drivers
v0x57ff6aa02080_0 .net *"_ivl_83", 4 0, L_0x57ff6aa1d840;  1 drivers
v0x57ff6aa02160_0 .net *"_ivl_87", 0 0, L_0x57ff6aa1dbc0;  1 drivers
v0x57ff6aa02240_0 .net *"_ivl_88", 19 0, L_0x57ff6aa1dc60;  1 drivers
v0x57ff6aa02320_0 .net *"_ivl_91", 0 0, L_0x57ff6aa1e080;  1 drivers
v0x57ff6aa02400_0 .net *"_ivl_93", 5 0, L_0x57ff6aa1e120;  1 drivers
v0x57ff6aa024e0_0 .net *"_ivl_95", 3 0, L_0x57ff6aa1df60;  1 drivers
L_0x7d5f08d86330 .functor BUFT 1, C4<0>, C4<0>, C4<0>, C4<0>;
v0x57ff6aa025c0_0 .net/2u *"_ivl_96", 0 0, L_0x7d5f08d86330;  1 drivers
v0x57ff6aa026a0_0 .net "aluIn1", 31 0, L_0x57ff6a9dc9f0;  1 drivers
v0x57ff6aa02780_0 .net "aluIn2", 31 0, L_0x57ff6aa1f740;  1 drivers
v0x57ff6aa02860_0 .net "aluMinus", 32 0, L_0x57ff6aa20710;  1 drivers
v0x57ff6aa02940_0 .var "aluOut", 31 0;
v0x57ff6aa02a20_0 .net "aluPlus", 31 0, L_0x57ff6aa1fea0;  1 drivers
v0x57ff6aa02b00_0 .net "clk", 0 0, L_0x57ff6aa30a60;  alias, 1 drivers
v0x57ff6aa02bc0_0 .net "funct3", 2 0, L_0x57ff6aa1f340;  1 drivers
v0x57ff6aa02ca0_0 .net "funct7", 6 0, L_0x57ff6aa1f570;  1 drivers
v0x57ff6aa02d80_0 .var/i "i", 31 0;
v0x57ff6aa02e60_0 .var "instr", 31 0;
v0x57ff6aa02f40_0 .net "isALUimm", 0 0, L_0x57ff6aa0af70;  1 drivers
v0x57ff6aa03000_0 .net "isALUreg", 0 0, L_0x57ff6aa0ad60;  1 drivers
v0x57ff6aa030c0_0 .net "isAUIPC", 0 0, L_0x57ff6aa0b900;  1 drivers
v0x57ff6aa03180_0 .net "isBranch", 0 0, L_0x57ff6aa0b1b0;  1 drivers
v0x57ff6aa03240_0 .net "isJAL", 0 0, L_0x57ff6aa0b6c0;  1 drivers
v0x57ff6aa03300_0 .net "isJALR", 0 0, L_0x57ff6aa0b490;  1 drivers
v0x57ff6aa033c0_0 .net "isLUI", 0 0, L_0x57ff6aa0bb30;  1 drivers
v0x57ff6aa03480_0 .net "isLoad", 0 0, L_0x57ff6aa0bdc0;  1 drivers
v0x57ff6aa03540_0 .net "isSYSTEM", 0 0, L_0x57ff6aa0c2c0;  1 drivers
v0x57ff6aa03600_0 .net "isStore", 0 0, L_0x57ff6aa0c060;  1 drivers
v0x57ff6aa036c0_0 .net "leftshift", 31 0, L_0x57ff6aa22d60;  1 drivers
v0x57ff6aa037a0_0 .net "loadstore_addr", 31 0, L_0x57ff6aa257e0;  1 drivers
v0x57ff6aa03880_0 .net "mem_addr", 31 0, L_0x57ff6aa2e2a0;  alias, 1 drivers
v0x57ff6aa03960_0 .net "mem_byteAccess", 0 0, L_0x57ff6aa25d20;  1 drivers
v0x57ff6aa03a20_0 .net "mem_halfwordAccess", 0 0, L_0x57ff6aa26200;  1 drivers
v0x57ff6aa03ae0_0 .net "mem_rdata", 31 0, L_0x57ff6aa30dd0;  alias, 1 drivers
v0x57ff6aa03bc0_0 .net "mem_rstrb", 0 0, L_0x57ff6aa2e910;  alias, 1 drivers
v0x57ff6aa03c80_0 .net "mem_wdata", 31 0, L_0x57ff6aa2b820;  alias, 1 drivers
v0x57ff6aa03d60_0 .net "mem_wmask", 3 0, L_0x57ff6aa2dcc0;  alias, 1 drivers
v0x57ff6aa03e40_0 .net "nextPC", 31 0, L_0x57ff6aa25280;  1 drivers
v0x57ff6aa03f20_0 .net "rdId", 4 0, L_0x57ff6aa1f2a0;  1 drivers
v0x57ff6aa04000_0 .net "resetn", 0 0, L_0x57ff6aa30f10;  alias, 1 drivers
v0x57ff6aa040c0_0 .var "rs1", 31 0;
v0x57ff6aa041a0_0 .net "rs1Id", 4 0, L_0x57ff6aa1efe0;  1 drivers
v0x57ff6aa04280_0 .var "rs2", 31 0;
v0x57ff6aa04360_0 .net "rs2Id", 4 0, L_0x57ff6aa1f080;  1 drivers
v0x57ff6aa04440_0 .net "shamt", 4 0, L_0x57ff6aa1fd60;  1 drivers
v0x57ff6aa04520_0 .net "shifter", 31 0, L_0x57ff6aa22c70;  1 drivers
v0x57ff6aa04600_0 .net "shifter_in", 31 0, L_0x57ff6aa21ea0;  1 drivers
v0x57ff6aa046e0_0 .var "state", 2 0;
v0x57ff6aa047c0_0 .var "takeBranch", 0 0;
v0x57ff6aa04880_0 .net "writeBackData", 31 0, L_0x57ff6aa246c0;  1 drivers
v0x57ff6aa04960_0 .net "writeBackEn", 0 0, L_0x57ff6aa2dbb0;  1 drivers
E_0x57ff6a942b60 .event posedge, v0x57ff6aa02b00_0;
E_0x57ff6a942dc0 .event anyedge, v0x57ff6aa02bc0_0, v0x57ff6a9dcb50_0, v0x57ff6a9f7e50_0, v0x57ff6a9f7f10_0;
E_0x57ff6a916890/0 .event anyedge, v0x57ff6aa02bc0_0, v0x57ff6aa02ca0_0, v0x57ff6aa02e60_0, v0x57ff6aa02860_0;
E_0x57ff6a916890/1 .event anyedge, v0x57ff6aa02a20_0, v0x57ff6aa036c0_0, v0x57ff6a9f7e50_0, v0x57ff6a9f7f10_0;
E_0x57ff6a916890/2 .event anyedge, v0x57ff6aa026a0_0, v0x57ff6aa02780_0, v0x57ff6aa04520_0;
E_0x57ff6a916890 .event/or E_0x57ff6a916890/0, E_0x57ff6a916890/1, E_0x57ff6a916890/2;
L_0x57ff6aa0ac30 .part v0x57ff6aa02e60_0, 0, 7;
L_0x57ff6aa0ad60 .cmp/eq 7, L_0x57ff6aa0ac30, L_0x7d5f08d86018;
L_0x57ff6aa0ae80 .part v0x57ff6aa02e60_0, 0, 7;
L_0x57ff6aa0af70 .cmp/eq 7, L_0x57ff6aa0ae80, L_0x7d5f08d86060;
L_0x57ff6aa0b0e0 .part v0x57ff6aa02e60_0, 0, 7;
L_0x57ff6aa0b1b0 .cmp/eq 7, L_0x57ff6aa0b0e0, L_0x7d5f08d860a8;
L_0x57ff6aa0b360 .part v0x57ff6aa02e60_0, 0, 7;
L_0x57ff6aa0b490 .cmp/eq 7, L_0x57ff6aa0b360, L_0x7d5f08d860f0;
L_0x57ff6aa0b5d0 .part v0x57ff6aa02e60_0, 0, 7;
L_0x57ff6aa0b6c0 .cmp/eq 7, L_0x57ff6aa0b5d0, L_0x7d5f08d86138;
L_0x57ff6aa0b860 .part v0x57ff6aa02e60_0, 0, 7;
L_0x57ff6aa0b900 .cmp/eq 7, L_0x57ff6aa0b860, L_0x7d5f08d86180;
L_0x57ff6aa0ba90 .part v0x57ff6aa02e60_0, 0, 7;
L_0x57ff6aa0bb30 .cmp/eq 7, L_0x57ff6aa0ba90, L_0x7d5f08d861c8;
L_0x57ff6aa0bd20 .part v0x57ff6aa02e60_0, 0, 7;
L_0x57ff6aa0bdc0 .cmp/eq 7, L_0x57ff6aa0bd20, L_0x7d5f08d86210;
L_0x57ff6aa0bfc0 .part v0x57ff6aa02e60_0, 0, 7;
L_0x57ff6aa0c060 .cmp/eq 7, L_0x57ff6aa0bfc0, L_0x7d5f08d86258;
L_0x57ff6aa0c220 .part v0x57ff6aa02e60_0, 0, 7;
L_0x57ff6aa0c2c0 .cmp/eq 7, L_0x57ff6aa0c220, L_0x7d5f08d862a0;
L_0x57ff6aa0c180 .part v0x57ff6aa02e60_0, 31, 1;
L_0x57ff6aa0c4e0 .part v0x57ff6aa02e60_0, 12, 19;
L_0x57ff6aa1c650 .concat [ 12 19 1 0], L_0x7d5f08d862e8, L_0x57ff6aa0c4e0, L_0x57ff6aa0c180;
L_0x57ff6aa1c810 .part v0x57ff6aa02e60_0, 31, 1;
LS_0x57ff6aa1c980_0_0 .concat [ 1 1 1 1], L_0x57ff6aa1c810, L_0x57ff6aa1c810, L_0x57ff6aa1c810, L_0x57ff6aa1c810;
LS_0x57ff6aa1c980_0_4 .concat [ 1 1 1 1], L_0x57ff6aa1c810, L_0x57ff6aa1c810, L_0x57ff6aa1c810, L_0x57ff6aa1c810;
LS_0x57ff6aa1c980_0_8 .concat [ 1 1 1 1], L_0x57ff6aa1c810, L_0x57ff6aa1c810, L_0x57ff6aa1c810, L_0x57ff6aa1c810;
LS_0x57ff6aa1c980_0_12 .concat [ 1 1 1 1], L_0x57ff6aa1c810, L_0x57ff6aa1c810, L_0x57ff6aa1c810, L_0x57ff6aa1c810;
LS_0x57ff6aa1c980_0_16 .concat [ 1 1 1 1], L_0x57ff6aa1c810, L_0x57ff6aa1c810, L_0x57ff6aa1c810, L_0x57ff6aa1c810;
LS_0x57ff6aa1c980_0_20 .concat [ 1 0 0 0], L_0x57ff6aa1c810;
LS_0x57ff6aa1c980_1_0 .concat [ 4 4 4 4], LS_0x57ff6aa1c980_0_0, LS_0x57ff6aa1c980_0_4, LS_0x57ff6aa1c980_0_8, LS_0x57ff6aa1c980_0_12;
LS_0x57ff6aa1c980_1_4 .concat [ 4 1 0 0], LS_0x57ff6aa1c980_0_16, LS_0x57ff6aa1c980_0_20;
L_0x57ff6aa1c980 .concat [ 16 5 0 0], LS_0x57ff6aa1c980_1_0, LS_0x57ff6aa1c980_1_4;
L_0x57ff6aa1cd90 .part v0x57ff6aa02e60_0, 20, 11;
L_0x57ff6aa1cf10 .concat [ 11 21 0 0], L_0x57ff6aa1cd90, L_0x57ff6aa1c980;
L_0x57ff6aa1d000 .part v0x57ff6aa02e60_0, 31, 1;
LS_0x57ff6aa1d190_0_0 .concat [ 1 1 1 1], L_0x57ff6aa1d000, L_0x57ff6aa1d000, L_0x57ff6aa1d000, L_0x57ff6aa1d000;
LS_0x57ff6aa1d190_0_4 .concat [ 1 1 1 1], L_0x57ff6aa1d000, L_0x57ff6aa1d000, L_0x57ff6aa1d000, L_0x57ff6aa1d000;
LS_0x57ff6aa1d190_0_8 .concat [ 1 1 1 1], L_0x57ff6aa1d000, L_0x57ff6aa1d000, L_0x57ff6aa1d000, L_0x57ff6aa1d000;
LS_0x57ff6aa1d190_0_12 .concat [ 1 1 1 1], L_0x57ff6aa1d000, L_0x57ff6aa1d000, L_0x57ff6aa1d000, L_0x57ff6aa1d000;
LS_0x57ff6aa1d190_0_16 .concat [ 1 1 1 1], L_0x57ff6aa1d000, L_0x57ff6aa1d000, L_0x57ff6aa1d000, L_0x57ff6aa1d000;
LS_0x57ff6aa1d190_0_20 .concat [ 1 0 0 0], L_0x57ff6aa1d000;
LS_0x57ff6aa1d190_1_0 .concat [ 4 4 4 4], LS_0x57ff6aa1d190_0_0, LS_0x57ff6aa1d190_0_4, LS_0x57ff6aa1d190_0_8, LS_0x57ff6aa1d190_0_12;
LS_0x57ff6aa1d190_1_4 .concat [ 4 1 0 0], LS_0x57ff6aa1d190_0_16, LS_0x57ff6aa1d190_0_20;
L_0x57ff6aa1d190 .concat [ 16 5 0 0], LS_0x57ff6aa1d190_1_0, LS_0x57ff6aa1d190_1_4;
L_0x57ff6aa1d490 .part v0x57ff6aa02e60_0, 25, 6;
L_0x57ff6aa1d840 .part v0x57ff6aa02e60_0, 7, 5;
L_0x57ff6aa1d910 .concat [ 5 6 21 0], L_0x57ff6aa1d840, L_0x57ff6aa1d490, L_0x57ff6aa1d190;
L_0x57ff6aa1dbc0 .part v0x57ff6aa02e60_0, 31, 1;
LS_0x57ff6aa1dc60_0_0 .concat [ 1 1 1 1], L_0x57ff6aa1dbc0, L_0x57ff6aa1dbc0, L_0x57ff6aa1dbc0, L_0x57ff6aa1dbc0;
LS_0x57ff6aa1dc60_0_4 .concat [ 1 1 1 1], L_0x57ff6aa1dbc0, L_0x57ff6aa1dbc0, L_0x57ff6aa1dbc0, L_0x57ff6aa1dbc0;
LS_0x57ff6aa1dc60_0_8 .concat [ 1 1 1 1], L_0x57ff6aa1dbc0, L_0x57ff6aa1dbc0, L_0x57ff6aa1dbc0, L_0x57ff6aa1dbc0;
LS_0x57ff6aa1dc60_0_12 .concat [ 1 1 1 1], L_0x57ff6aa1dbc0, L_0x57ff6aa1dbc0, L_0x57ff6aa1dbc0, L_0x57ff6aa1dbc0;
LS_0x57ff6aa1dc60_0_16 .concat [ 1 1 1 1], L_0x57ff6aa1dbc0, L_0x57ff6aa1dbc0, L_0x57ff6aa1dbc0, L_0x57ff6aa1dbc0;
LS_0x57ff6aa1dc60_1_0 .concat [ 4 4 4 4], LS_0x57ff6aa1dc60_0_0, LS_0x57ff6aa1dc60_0_4, LS_0x57ff6aa1dc60_0_8, LS_0x57ff6aa1dc60_0_12;
LS_0x57ff6aa1dc60_1_4 .concat [ 4 0 0 0], LS_0x57ff6aa1dc60_0_16;
L_0x57ff6aa1dc60 .concat [ 16 4 0 0], LS_0x57ff6aa1dc60_1_0, LS_0x57ff6aa1dc60_1_4;
L_0x57ff6aa1e080 .part v0x57ff6aa02e60_0, 7, 1;
L_0x57ff6aa1e120 .part v0x57ff6aa02e60_0, 25, 6;
L_0x57ff6aa1df60 .part v0x57ff6aa02e60_0, 8, 4;
LS_0x57ff6aa1e2f0_0_0 .concat [ 1 4 6 1], L_0x7d5f08d86330, L_0x57ff6aa1df60, L_0x57ff6aa1e120, L_0x57ff6aa1e080;
LS_0x57ff6aa1e2f0_0_4 .concat [ 20 0 0 0], L_0x57ff6aa1dc60;
L_0x57ff6aa1e2f0 .concat [ 12 20 0 0], LS_0x57ff6aa1e2f0_0_0, LS_0x57ff6aa1e2f0_0_4;
L_0x57ff6aa1e640 .part v0x57ff6aa02e60_0, 31, 1;
LS_0x57ff6aa1e6e0_0_0 .concat [ 1 1 1 1], L_0x57ff6aa1e640, L_0x57ff6aa1e640, L_0x57ff6aa1e640, L_0x57ff6aa1e640;
LS_0x57ff6aa1e6e0_0_4 .concat [ 1 1 1 1], L_0x57ff6aa1e640, L_0x57ff6aa1e640, L_0x57ff6aa1e640, L_0x57ff6aa1e640;
LS_0x57ff6aa1e6e0_0_8 .concat [ 1 1 1 1], L_0x57ff6aa1e640, L_0x57ff6aa1e640, L_0x57ff6aa1e640, L_0x57ff6aa1e640;
L_0x57ff6aa1e6e0 .concat [ 4 4 4 0], LS_0x57ff6aa1e6e0_0_0, LS_0x57ff6aa1e6e0_0_4, LS_0x57ff6aa1e6e0_0_8;
L_0x57ff6aa1e920 .part v0x57ff6aa02e60_0, 12, 8;
L_0x57ff6aa1e9c0 .part v0x57ff6aa02e60_0, 20, 1;
L_0x57ff6aa1ebc0 .part v0x57ff6aa02e60_0, 21, 10;
LS_0x57ff6aa1ec60_0_0 .concat [ 1 10 1 8], L_0x7d5f08d86378, L_0x57ff6aa1ebc0, L_0x57ff6aa1e9c0, L_0x57ff6aa1e920;
LS_0x57ff6aa1ec60_0_4 .concat [ 12 0 0 0], L_0x57ff6aa1e6e0;
L_0x57ff6aa1ec60 .concat [ 20 12 0 0], LS_0x57ff6aa1ec60_0_0, LS_0x57ff6aa1ec60_0_4;
L_0x57ff6aa1efe0 .part v0x57ff6aa02e60_0, 15, 5;
L_0x57ff6aa1f080 .part v0x57ff6aa02e60_0, 20, 5;
L_0x57ff6aa1f2a0 .part v0x57ff6aa02e60_0, 7, 5;
L_0x57ff6aa1f340 .part v0x57ff6aa02e60_0, 12, 3;
L_0x57ff6aa1f570 .part v0x57ff6aa02e60_0, 25, 7;
L_0x57ff6aa1f740 .functor MUXZ 32, L_0x57ff6aa1cf10, v0x57ff6aa04280_0, L_0x57ff6a9d9070, C4<>;
L_0x57ff6aa1fa20 .part v0x57ff6aa04280_0, 0, 5;
L_0x57ff6aa1fb10 .part v0x57ff6aa02e60_0, 20, 5;
L_0x57ff6aa1fd60 .functor MUXZ 5, L_0x57ff6aa1fb10, L_0x57ff6aa1fa20, L_0x57ff6aa0ad60, C4<>;
L_0x57ff6aa1fea0 .arith/sum 32, L_0x57ff6a9dc9f0, L_0x57ff6aa1f740;
L_0x57ff6aa201a0 .concat [ 32 1 0 0], L_0x57ff6a92d600, L_0x7d5f08d863c0;
L_0x57ff6aa202e0 .concat [ 32 1 0 0], L_0x57ff6a9dc9f0, L_0x7d5f08d86408;
L_0x57ff6aa205a0 .arith/sum 33, L_0x57ff6aa201a0, L_0x57ff6aa202e0;
L_0x57ff6aa20710 .arith/sum 33, L_0x57ff6aa205a0, L_0x7d5f08d86450;
L_0x57ff6aa20a30 .part L_0x57ff6a9dc9f0, 31, 1;
L_0x57ff6aa20ad0 .part L_0x57ff6aa1f740, 31, 1;
L_0x57ff6aa20e50 .part L_0x57ff6a9dc9f0, 31, 1;
L_0x57ff6aa20ef0 .part L_0x57ff6aa20710, 32, 1;
L_0x57ff6aa211e0 .functor MUXZ 1, L_0x57ff6aa20ef0, L_0x57ff6aa20e50, L_0x57ff6a9e3c90, C4<>;
L_0x57ff6aa21370 .part L_0x57ff6aa20710, 32, 1;
L_0x57ff6aa21620 .part L_0x57ff6aa20710, 0, 32;
L_0x57ff6aa21750 .cmp/eq 32, L_0x57ff6aa21620, L_0x7d5f08d86498;
L_0x57ff6aa21a90 .cmp/eq 3, L_0x57ff6aa1f340, L_0x7d5f08d864e0;
L_0x57ff6aa21bd0 .ufunc/vec4 TD_SOC_IP_tb.uut.CPU.flip32, 32, L_0x57ff6a9dc9f0 (v0x57ff6a9e1a80_0) S_0x57ff6a9ab580;
L_0x57ff6aa21ea0 .functor MUXZ 32, L_0x57ff6a9dc9f0, L_0x57ff6aa21bd0, L_0x57ff6aa21a90, C4<>;
L_0x57ff6aa21fe0 .part v0x57ff6aa02e60_0, 30, 1;
L_0x57ff6aa222c0 .part L_0x57ff6a9dc9f0, 31, 1;
L_0x57ff6aa224a0 .concat [ 32 1 0 0], L_0x57ff6aa21ea0, L_0x57ff6aa22360;
L_0x57ff6aa22830 .part L_0x57ff6aa1f740, 0, 5;
L_0x57ff6aa228d0 .shift/rs 33, L_0x57ff6aa224a0, L_0x57ff6aa22830;
L_0x57ff6aa22c70 .part L_0x57ff6aa228d0, 0, 32;
L_0x57ff6aa22d60 .ufunc/vec4 TD_SOC_IP_tb.uut.CPU.flip32, 32, L_0x57ff6aa22c70 (v0x57ff6a9e1a80_0) S_0x57ff6a9ab580;
L_0x57ff6aa230c0 .part v0x57ff6aa02e60_0, 3, 1;
L_0x57ff6aa23160 .part v0x57ff6aa02e60_0, 4, 1;
L_0x57ff6aa23480 .functor MUXZ 32, L_0x57ff6aa1e2f0, L_0x57ff6aa1c650, L_0x57ff6aa23160, C4<>;
L_0x57ff6aa23610 .functor MUXZ 32, L_0x57ff6aa23480, L_0x57ff6aa1ec60, L_0x57ff6aa230c0, C4<>;
L_0x57ff6aa23a30 .arith/sum 32, v0x57ff6a9f7fd0_0, L_0x57ff6aa23610;
L_0x57ff6aa23b90 .arith/sum 32, v0x57ff6a9f7fd0_0, L_0x7d5f08d86528;
L_0x57ff6aa24050 .functor MUXZ 32, v0x57ff6aa02940_0, L_0x57ff6aa29b80, L_0x57ff6aa0bdc0, C4<>;
L_0x57ff6aa24140 .functor MUXZ 32, L_0x57ff6aa24050, L_0x57ff6aa23a30, L_0x57ff6aa0b900, C4<>;
L_0x57ff6aa24580 .functor MUXZ 32, L_0x57ff6aa24140, L_0x57ff6aa1c650, L_0x57ff6aa0bb30, C4<>;
L_0x57ff6aa246c0 .functor MUXZ 32, L_0x57ff6aa24580, L_0x57ff6aa23b90, L_0x57ff6aa23ad0, C4<>;
L_0x57ff6aa24c90 .part L_0x57ff6aa1fea0, 1, 31;
L_0x57ff6aa24d80 .concat [ 1 31 0 0], L_0x7d5f08d86570, L_0x57ff6aa24c90;
L_0x57ff6aa25190 .functor MUXZ 32, L_0x57ff6aa23b90, L_0x57ff6aa24d80, L_0x57ff6aa0b490, C4<>;
L_0x57ff6aa25280 .functor MUXZ 32, L_0x57ff6aa25190, L_0x57ff6aa23a30, L_0x57ff6aa24b80, C4<>;
L_0x57ff6aa256a0 .functor MUXZ 32, L_0x57ff6aa1cf10, L_0x57ff6aa1d910, L_0x57ff6aa0c060, C4<>;
L_0x57ff6aa257e0 .arith/sum 32, v0x57ff6aa040c0_0, L_0x57ff6aa256a0;
L_0x57ff6aa25c80 .part L_0x57ff6aa1f340, 0, 2;
L_0x57ff6aa25d20 .cmp/eq 2, L_0x57ff6aa25c80, L_0x7d5f08d865b8;
L_0x57ff6aa26160 .part L_0x57ff6aa1f340, 0, 2;
L_0x57ff6aa26200 .cmp/eq 2, L_0x57ff6aa26160, L_0x7d5f08d86600;
L_0x57ff6aa26600 .part L_0x57ff6aa257e0, 1, 1;
L_0x57ff6aa266f0 .part L_0x57ff6aa30dd0, 16, 16;
L_0x57ff6aa26b00 .part L_0x57ff6aa30dd0, 0, 16;
L_0x57ff6aa26ba0 .functor MUXZ 16, L_0x57ff6aa26b00, L_0x57ff6aa266f0, L_0x57ff6aa26600, C4<>;
L_0x57ff6aa27060 .part L_0x57ff6aa257e0, 0, 1;
L_0x57ff6aa27100 .part L_0x57ff6aa26ba0, 8, 8;
L_0x57ff6aa27530 .part L_0x57ff6aa26ba0, 0, 8;
L_0x57ff6aa275d0 .functor MUXZ 8, L_0x57ff6aa27530, L_0x57ff6aa27100, L_0x57ff6aa27060, C4<>;
L_0x57ff6aa27ab0 .part L_0x57ff6aa1f340, 2, 1;
L_0x57ff6aa27b50 .reduce/nor L_0x57ff6aa27ab0;
L_0x57ff6aa27fa0 .part L_0x57ff6aa275d0, 7, 1;
L_0x57ff6aa28090 .part L_0x57ff6aa26ba0, 15, 1;
L_0x57ff6aa284a0 .functor MUXZ 1, L_0x57ff6aa28090, L_0x57ff6aa27fa0, L_0x57ff6aa25d20, C4<>;
LS_0x57ff6aa28680_0_0 .concat [ 1 1 1 1], L_0x57ff6aa25880, L_0x57ff6aa25880, L_0x57ff6aa25880, L_0x57ff6aa25880;
LS_0x57ff6aa28680_0_4 .concat [ 1 1 1 1], L_0x57ff6aa25880, L_0x57ff6aa25880, L_0x57ff6aa25880, L_0x57ff6aa25880;
LS_0x57ff6aa28680_0_8 .concat [ 1 1 1 1], L_0x57ff6aa25880, L_0x57ff6aa25880, L_0x57ff6aa25880, L_0x57ff6aa25880;
LS_0x57ff6aa28680_0_12 .concat [ 1 1 1 1], L_0x57ff6aa25880, L_0x57ff6aa25880, L_0x57ff6aa25880, L_0x57ff6aa25880;
LS_0x57ff6aa28680_0_16 .concat [ 1 1 1 1], L_0x57ff6aa25880, L_0x57ff6aa25880, L_0x57ff6aa25880, L_0x57ff6aa25880;
LS_0x57ff6aa28680_0_20 .concat [ 1 1 1 1], L_0x57ff6aa25880, L_0x57ff6aa25880, L_0x57ff6aa25880, L_0x57ff6aa25880;
LS_0x57ff6aa28680_1_0 .concat [ 4 4 4 4], LS_0x57ff6aa28680_0_0, LS_0x57ff6aa28680_0_4, LS_0x57ff6aa28680_0_8, LS_0x57ff6aa28680_0_12;
LS_0x57ff6aa28680_1_4 .concat [ 4 4 0 0], LS_0x57ff6aa28680_0_16, LS_0x57ff6aa28680_0_20;
L_0x57ff6aa28680 .concat [ 16 8 0 0], LS_0x57ff6aa28680_1_0, LS_0x57ff6aa28680_1_4;
L_0x57ff6aa28c90 .concat [ 8 24 0 0], L_0x57ff6aa275d0, L_0x57ff6aa28680;
LS_0x57ff6aa28d30_0_0 .concat [ 1 1 1 1], L_0x57ff6aa25880, L_0x57ff6aa25880, L_0x57ff6aa25880, L_0x57ff6aa25880;
LS_0x57ff6aa28d30_0_4 .concat [ 1 1 1 1], L_0x57ff6aa25880, L_0x57ff6aa25880, L_0x57ff6aa25880, L_0x57ff6aa25880;
LS_0x57ff6aa28d30_0_8 .concat [ 1 1 1 1], L_0x57ff6aa25880, L_0x57ff6aa25880, L_0x57ff6aa25880, L_0x57ff6aa25880;
LS_0x57ff6aa28d30_0_12 .concat [ 1 1 1 1], L_0x57ff6aa25880, L_0x57ff6aa25880, L_0x57ff6aa25880, L_0x57ff6aa25880;
L_0x57ff6aa28d30 .concat [ 4 4 4 4], LS_0x57ff6aa28d30_0_0, LS_0x57ff6aa28d30_0_4, LS_0x57ff6aa28d30_0_8, LS_0x57ff6aa28d30_0_12;
L_0x57ff6aa29570 .concat [ 16 16 0 0], L_0x57ff6aa26ba0, L_0x57ff6aa28d30;
L_0x57ff6aa29660 .functor MUXZ 32, L_0x57ff6aa30dd0, L_0x57ff6aa29570, L_0x57ff6aa26200, C4<>;
L_0x57ff6aa29b80 .functor MUXZ 32, L_0x57ff6aa29660, L_0x57ff6aa28c90, L_0x57ff6aa25d20, C4<>;
L_0x57ff6aa29d10 .part v0x57ff6aa04280_0, 0, 8;
L_0x57ff6aa2a160 .part L_0x57ff6aa257e0, 0, 1;
L_0x57ff6aa2a290 .part v0x57ff6aa04280_0, 0, 8;
L_0x57ff6aa2a780 .part v0x57ff6aa04280_0, 8, 8;
L_0x57ff6aa2a820 .functor MUXZ 8, L_0x57ff6aa2a780, L_0x57ff6aa2a290, L_0x57ff6aa2a160, C4<>;
L_0x57ff6aa2ace0 .part L_0x57ff6aa257e0, 1, 1;
L_0x57ff6aa2ad80 .part v0x57ff6aa04280_0, 0, 8;
L_0x57ff6aa2b200 .part v0x57ff6aa04280_0, 16, 8;
L_0x57ff6aa2b2a0 .functor MUXZ 8, L_0x57ff6aa2b200, L_0x57ff6aa2ad80, L_0x57ff6aa2ace0, C4<>;
L_0x57ff6aa2b820 .concat8 [ 8 8 8 8], L_0x57ff6aa29d10, L_0x57ff6aa2a820, L_0x57ff6aa2b2a0, L_0x57ff6aa2cad0;
L_0x57ff6aa2b9f0 .part L_0x57ff6aa257e0, 0, 1;
L_0x57ff6aa2be90 .part v0x57ff6aa04280_0, 0, 8;
L_0x57ff6aa2bf30 .part L_0x57ff6aa257e0, 1, 1;
L_0x57ff6aa2c3e0 .part v0x57ff6aa04280_0, 8, 8;
L_0x57ff6aa2c480 .part v0x57ff6aa04280_0, 24, 8;
L_0x57ff6aa2c940 .functor MUXZ 8, L_0x57ff6aa2c480, L_0x57ff6aa2c3e0, L_0x57ff6aa2bf30, C4<>;
L_0x57ff6aa2cad0 .functor MUXZ 8, L_0x57ff6aa2c940, L_0x57ff6aa2be90, L_0x57ff6aa2b9f0, C4<>;
L_0x57ff6aa2c660 .part L_0x57ff6aa257e0, 1, 1;
L_0x57ff6aa2c810 .part L_0x57ff6aa257e0, 0, 1;
L_0x57ff6aa2cfb0 .functor MUXZ 4, L_0x7d5f08d86690, L_0x7d5f08d86648, L_0x57ff6aa2c810, C4<>;
L_0x57ff6aa2d0f0 .part L_0x57ff6aa257e0, 0, 1;
L_0x57ff6aa2cb70 .functor MUXZ 4, L_0x7d5f08d86720, L_0x7d5f08d866d8, L_0x57ff6aa2d0f0, C4<>;
L_0x57ff6aa2cd00 .functor MUXZ 4, L_0x57ff6aa2cb70, L_0x57ff6aa2cfb0, L_0x57ff6aa2c660, C4<>;
L_0x57ff6aa2ce90 .part L_0x57ff6aa257e0, 1, 1;
L_0x57ff6aa2d5f0 .functor MUXZ 4, L_0x7d5f08d867b0, L_0x7d5f08d86768, L_0x57ff6aa2ce90, C4<>;
L_0x57ff6aa2d230 .functor MUXZ 4, L_0x7d5f08d867f8, L_0x57ff6aa2d5f0, L_0x57ff6aa26200, C4<>;
L_0x57ff6aa2d370 .functor MUXZ 4, L_0x57ff6aa2d230, L_0x57ff6aa2cd00, L_0x57ff6aa25d20, C4<>;
L_0x57ff6aa2d460 .concat [ 3 29 0 0], v0x57ff6aa046e0_0, L_0x7d5f08d86840;
L_0x57ff6aa2d550 .cmp/eq 32, L_0x57ff6aa2d460, L_0x7d5f08d86888;
L_0x57ff6aa2d690 .reduce/nor L_0x57ff6aa0b1b0;
L_0x57ff6aa2d850 .reduce/nor L_0x57ff6aa0c060;
L_0x57ff6aa2d9b0 .concat [ 3 29 0 0], v0x57ff6aa046e0_0, L_0x7d5f08d868d0;
L_0x57ff6aa2e050 .cmp/eq 32, L_0x57ff6aa2d9b0, L_0x7d5f08d86918;
L_0x57ff6aa2dd30 .concat [ 3 29 0 0], v0x57ff6aa046e0_0, L_0x7d5f08d86960;
L_0x57ff6aa2de20 .cmp/eq 32, L_0x57ff6aa2dd30, L_0x7d5f08d869a8;
L_0x57ff6aa2df60 .concat [ 3 29 0 0], v0x57ff6aa046e0_0, L_0x7d5f08d869f0;
L_0x57ff6aa2e6e0 .cmp/eq 32, L_0x57ff6aa2df60, L_0x7d5f08d86a38;
L_0x57ff6aa2e2a0 .functor MUXZ 32, L_0x57ff6aa257e0, v0x57ff6a9f7fd0_0, L_0x57ff6aa2e190, C4<>;
L_0x57ff6aa2e390 .concat [ 3 29 0 0], v0x57ff6aa046e0_0, L_0x7d5f08d86a80;
L_0x57ff6aa2e480 .cmp/eq 32, L_0x57ff6aa2e390, L_0x7d5f08d86ac8;
L_0x57ff6aa2ecb0 .concat [ 3 29 0 0], v0x57ff6aa046e0_0, L_0x7d5f08d86b10;
L_0x57ff6aa2e7d0 .cmp/eq 32, L_0x57ff6aa2ecb0, L_0x7d5f08d86b58;
L_0x57ff6aa2eaf0 .concat [ 3 29 0 0], v0x57ff6aa046e0_0, L_0x7d5f08d86ba0;
L_0x57ff6aa2ebe0 .cmp/eq 32, L_0x57ff6aa2eaf0, L_0x7d5f08d86be8;
L_0x57ff6aa2f2f0 .concat [ 1 1 1 1], L_0x57ff6aa2ebe0, L_0x57ff6aa2ebe0, L_0x57ff6aa2ebe0, L_0x57ff6aa2ebe0;
S_0x57ff6a9ab580 .scope function.vec4.s32, "flip32" "flip32" 3 117, 3 117 0, S_0x57ff6a9a7420;
 .timescale -9 -12;
; Variable flip32 is vec4 return value of scope S_0x57ff6a9ab580
v0x57ff6a9e1a80_0 .var "x", 31 0;
TD_SOC_IP_tb.uut.CPU.flip32 ;
    %load/vec4 v0x57ff6a9e1a80_0;
    %parti/s 1, 0, 2;
    %load/vec4 v0x57ff6a9e1a80_0;
    %parti/s 1, 1, 2;
    %concat/vec4; draw_concat_vec4
    %load/vec4 v0x57ff6a9e1a80_0;
    %parti/s 1, 2, 3;
    %concat/vec4; draw_concat_vec4
    %load/vec4 v0x57ff6a9e1a80_0;
    %parti/s 1, 3, 3;
    %concat/vec4; draw_concat_vec4
    %load/vec4 v0x57ff6a9e1a80_0;
    %parti/s 1, 4, 4;
    %concat/vec4; draw_concat_vec4
    %load/vec4 v0x57ff6a9e1a80_0;
    %parti/s 1, 5, 4;
    %concat/vec4; draw_concat_vec4
    %load/vec4 v0x57ff6a9e1a80_0;
    %parti/s 1, 6, 4;
    %concat/vec4; draw_concat_vec4
    %load/vec4 v0x57ff6a9e1a80_0;
    %parti/s 1, 7, 4;
    %concat/vec4; draw_concat_vec4
    %load/vec4 v0x57ff6a9e1a80_0;
    %parti/s 1, 8, 5;
    %concat/vec4; draw_concat_vec4
    %load/vec4 v0x57ff6a9e1a80_0;
    %parti/s 1, 9, 5;
    %concat/vec4; draw_concat_vec4
    %load/vec4 v0x57ff6a9e1a80_0;
    %parti/s 1, 10, 5;
    %concat/vec4; draw_concat_vec4
    %load/vec4 v0x57ff6a9e1a80_0;
    %parti/s 1, 11, 5;
    %concat/vec4; draw_concat_vec4
    %load/vec4 v0x57ff6a9e1a80_0;
    %parti/s 1, 12, 5;
    %concat/vec4; draw_concat_vec4
    %load/vec4 v0x57ff6a9e1a80_0;
    %parti/s 1, 13, 5;
    %concat/vec4; draw_concat_vec4
    %load/vec4 v0x57ff6a9e1a80_0;
    %parti/s 1, 14, 5;
    %concat/vec4; draw_concat_vec4
    %load/vec4 v0x57ff6a9e1a80_0;
    %parti/s 1, 15, 5;
    %concat/vec4; draw_concat_vec4
    %load/vec4 v0x57ff6a9e1a80_0;
    %parti/s 1, 16, 6;
    %concat/vec4; draw_concat_vec4
    %load/vec4 v0x57ff6a9e1a80_0;
    %parti/s 1, 17, 6;
    %concat/vec4; draw_concat_vec4
    %load/vec4 v0x57ff6a9e1a80_0;
    %parti/s 1, 18, 6;
    %concat/vec4; draw_concat_vec4
    %load/vec4 v0x57ff6a9e1a80_0;
    %parti/s 1, 19, 6;
    %concat/vec4; draw_concat_vec4
    %load/vec4 v0x57ff6a9e1a80_0;
    %parti/s 1, 20, 6;
    %concat/vec4; draw_concat_vec4
    %load/vec4 v0x57ff6a9e1a80_0;
    %parti/s 1, 21, 6;
    %concat/vec4; draw_concat_vec4
    %load/vec4 v0x57ff6a9e1a80_0;
    %parti/s 1, 22, 6;
    %concat/vec4; draw_concat_vec4
    %load/vec4 v0x57ff6a9e1a80_0;
    %parti/s 1, 23, 6;
    %concat/vec4; draw_concat_vec4
    %load/vec4 v0x57ff6a9e1a80_0;
    %parti/s 1, 24, 6;
    %concat/vec4; draw_concat_vec4
    %load/vec4 v0x57ff6a9e1a80_0;
    %parti/s 1, 25, 6;
    %concat/vec4; draw_concat_vec4
    %load/vec4 v0x57ff6a9e1a80_0;
    %parti/s 1, 26, 6;
    %concat/vec4; draw_concat_vec4
    %load/vec4 v0x57ff6a9e1a80_0;
    %parti/s 1, 27, 6;
    %concat/vec4; draw_concat_vec4
    %load/vec4 v0x57ff6a9e1a80_0;
    %parti/s 1, 28, 6;
    %concat/vec4; draw_concat_vec4
    %load/vec4 v0x57ff6a9e1a80_0;
    %parti/s 1, 29, 6;
    %concat/vec4; draw_concat_vec4
    %load/vec4 v0x57ff6a9e1a80_0;
    %parti/s 1, 30, 6;
    %concat/vec4; draw_concat_vec4
    %load/vec4 v0x57ff6a9e1a80_0;
    %parti/s 1, 31, 6;
    %concat/vec4; draw_concat_vec4
    %ret/vec4 0, 0, 32;  Assign to flip32 (store_vec4_to_lval)
    %end;
S_0x57ff6a9af550 .scope module, "CW" "Clockworks" 3 434, 4 33 0, S_0x57ff6a9a5bf0;
 .timescale -9 -12;
    .port_info 0 /INPUT 1 "CLK";
    .port_info 1 /INPUT 1 "RESET";
    .port_info 2 /OUTPUT 1 "clk";
    .port_info 3 /OUTPUT 1 "resetn";
P_0x57ff6aa04b20 .param/l "SLOW" 0 4 41, +C4<00000000000000000000000000000000>;
v0x57ff6aa04d50_0 .net "CLK", 0 0, v0x57ff6aa07590_0;  alias, 1 drivers
v0x57ff6aa04e30_0 .net "RESET", 0 0, v0x57ff6aa09420_0;  alias, 1 drivers
v0x57ff6aa04ef0_0 .net "clk", 0 0, L_0x57ff6aa30a60;  alias, 1 drivers
v0x57ff6aa04f90_0 .net "resetn", 0 0, L_0x57ff6aa30f10;  alias, 1 drivers
S_0x57ff6a9d8740 .scope generate, "genblk1" "genblk1" 4 52, 4 52 0, S_0x57ff6a9af550;
 .timescale -9 -12;
L_0x57ff6aa30a60 .functor BUFZ 1, v0x57ff6aa07590_0, C4<0>, C4<0>, C4<0>;
v0x57ff6aa04c50_0 .var "reset_cnt", 1 0;
E_0x57ff6a942910 .event posedge, v0x57ff6aa04e30_0, v0x57ff6aa02b00_0;
L_0x57ff6aa30f10 .reduce/and v0x57ff6aa04c50_0;
S_0x57ff6a9e3e20 .scope module, "GPIO" "GPIO_reg_IP" 3 370, 5 2 0, S_0x57ff6a9a5bf0;
 .timescale -9 -12;
    .port_info 0 /INPUT 1 "clk";
    .port_info 1 /INPUT 32 "IP_wdata";
    .port_info 2 /INPUT 1 "IP_sel";
    .port_info 3 /INPUT 1 "rst";
    .port_info 4 /OUTPUT 32 "IP_rdata";
    .port_info 5 /INPUT 1 "wen";
v0x57ff6aa05180_0 .var "GPIO_reg", 31 0;
v0x57ff6aa05260_0 .net "IP_rdata", 31 0, v0x57ff6aa05180_0;  alias, 1 drivers
v0x57ff6aa05340_0 .net "IP_sel", 0 0, L_0x57ff6aa2fd10;  alias, 1 drivers
v0x57ff6aa053e0_0 .net "IP_wdata", 31 0, L_0x57ff6aa2b820;  alias, 1 drivers
v0x57ff6aa054d0_0 .net "clk", 0 0, L_0x57ff6aa30a60;  alias, 1 drivers
v0x57ff6aa05610_0 .net "rst", 0 0, L_0x57ff6aa30f10;  alias, 1 drivers
v0x57ff6aa05700_0 .net "wen", 0 0, L_0x57ff6aa2f060;  alias, 1 drivers
S_0x57ff6aa058a0 .scope module, "RAM" "Memory" 3 348, 3 12 0, S_0x57ff6a9a5bf0;
 .timescale -9 -12;
    .port_info 0 /INPUT 1 "clk";
    .port_info 1 /INPUT 32 "mem_addr";
    .port_info 2 /OUTPUT 32 "mem_rdata";
    .port_info 3 /INPUT 1 "mem_rstrb";
    .port_info 4 /INPUT 32 "mem_wdata";
    .port_info 5 /INPUT 4 "mem_wmask";
v0x57ff6aa05b20 .array "MEM", 1535 0, 31 0;
v0x57ff6aa05c00_0 .net "clk", 0 0, L_0x57ff6aa30a60;  alias, 1 drivers
v0x57ff6aa05cc0_0 .net "mem_addr", 31 0, L_0x57ff6aa2e2a0;  alias, 1 drivers
v0x57ff6aa05d60_0 .var "mem_rdata", 31 0;
v0x57ff6aa05e00_0 .net "mem_rstrb", 0 0, L_0x57ff6aa2f980;  1 drivers
v0x57ff6aa05f10_0 .net "mem_wdata", 31 0, L_0x57ff6aa2b820;  alias, 1 drivers
v0x57ff6aa06020_0 .net "mem_wmask", 3 0, L_0x57ff6aa2fb20;  1 drivers
v0x57ff6aa06100_0 .net "word_addr", 29 0, L_0x57ff6aa2f150;  1 drivers
L_0x57ff6aa2f150 .part L_0x57ff6aa2e2a0, 2, 30;
S_0x57ff6aa062e0 .scope module, "UART" "corescore_emitter_uart" 3 395, 6 2 0, S_0x57ff6a9a5bf0;
 .timescale -9 -12;
    .port_info 0 /INPUT 1 "i_clk";
    .port_info 1 /INPUT 1 "i_rst";
    .port_info 2 /INPUT 8 "i_data";
    .port_info 3 /INPUT 1 "i_valid";
    .port_info 4 /OUTPUT 1 "o_ready";
    .port_info 5 /OUTPUT 1 "o_uart_tx";
P_0x57ff6a9df6c0 .param/l "START_VALUE" 1 6 15, +C4<0000000000000000000000000000000000000000000000000000010011100010>;
P_0x57ff6a9df700 .param/l "WIDTH" 1 6 17, +C4<00000000000000000000000000001011>;
P_0x57ff6a9df740 .param/l "baud_rate" 0 6 5, +C4<00000000000000000010010110000000>;
P_0x57ff6a9df780 .param/l "clk_freq_hz" 0 6 4, +C4<0000000000000000000000000000000000000000101101110001101100000000>;
L_0x57ff6aa30410 .functor OR 1, L_0x57ff6aa30190, L_0x57ff6aa30320, C4<0>, C4<0>;
v0x57ff6aa068a0_0 .net *"_ivl_1", 0 0, L_0x57ff6aa30190;  1 drivers
v0x57ff6aa069a0_0 .net *"_ivl_3", 0 0, L_0x57ff6aa30230;  1 drivers
v0x57ff6aa06a60_0 .net *"_ivl_5", 0 0, L_0x57ff6aa30320;  1 drivers
v0x57ff6aa06b00_0 .var "cnt", 11 0;
v0x57ff6aa06be0_0 .var "data", 9 0;
v0x57ff6aa06d10_0 .net "i_clk", 0 0, L_0x57ff6aa30a60;  alias, 1 drivers
v0x57ff6aa06db0_0 .net "i_data", 7 0, L_0x57ff6aa306a0;  1 drivers
v0x57ff6aa06e90_0 .net "i_rst", 0 0, L_0x57ff6aa30520;  1 drivers
v0x57ff6aa06f50_0 .net "i_valid", 0 0, L_0x57ff6aa30080;  alias, 1 drivers
v0x57ff6aa070a0_0 .var "o_ready", 0 0;
v0x57ff6aa07160_0 .net "o_uart_tx", 0 0, L_0x57ff6aa30410;  alias, 1 drivers
L_0x57ff6aa30190 .part v0x57ff6aa06be0_0, 0, 1;
L_0x57ff6aa30230 .reduce/or v0x57ff6aa06be0_0;
L_0x57ff6aa30320 .reduce/nor L_0x57ff6aa30230;
S_0x57ff6aa07320 .scope module, "hfosc" "SB_HFOSC" 3 425, 7 2 0, S_0x57ff6a9a5bf0;
 .timescale -9 -12;
    .port_info 0 /INPUT 1 "CLKHFEN";
    .port_info 1 /INPUT 1 "CLKHFPU";
    .port_info 2 /OUTPUT 1 "CLKHF";
P_0x57ff6aa055c0 .param/str "CLKHF_DIV" 0 7 7, "0b10";
v0x57ff6aa07590_0 .var "CLKHF", 0 0;
L_0x7d5f08d86d08 .functor BUFT 1, C4<1>, C4<0>, C4<0>, C4<0>;
v0x57ff6aa07650_0 .net "CLKHFEN", 0 0, L_0x7d5f08d86d08;  1 drivers
L_0x7d5f08d86d50 .functor BUFT 1, C4<1>, C4<0>, C4<0>, C4<0>;
v0x57ff6aa076f0_0 .net "CLKHFPU", 0 0, L_0x7d5f08d86d50;  1 drivers
S_0x57ff6a9e4110 .scope module, "femtoPLL" "femtoPLL" 8 9;
 .timescale -9 -12;
    .port_info 0 /INPUT 1 "pclk";
    .port_info 1 /OUTPUT 1 "clk";
P_0x57ff6a94bcf0 .param/l "freq" 0 8 10, +C4<00000000000000000000000000101000>;
v0x57ff6aa0aa80_0 .net "clk", 0 0, L_0x57ff6aa30fb0;  1 drivers
o0x7d5f08dd2af8 .functor BUFZ 1, C4<z>; HiZ drive
v0x57ff6aa0ab40_0 .net "pclk", 0 0, o0x7d5f08dd2af8;  0 drivers
S_0x57ff6aa096d0 .scope generate, "genblk1" "genblk1" 8 24, 8 24 0, S_0x57ff6a9e4110;
 .timescale -9 -12;
S_0x57ff6aa098b0 .scope module, "pll" "SB_PLL40_CORE" 8 15, 7 16 0, S_0x57ff6a9e4110;
 .timescale -9 -12;
    .port_info 0 /INPUT 1 "REFERENCECLK";
    .port_info 1 /OUTPUT 1 "PLLOUTCORE";
    .port_info 2 /OUTPUT 1 "PLLOUTGLOBAL";
    .port_info 3 /INPUT 1 "EXTFEEDBACK";
    .port_info 4 /INPUT 1 "DYNAMICDELAY";
    .port_info 5 /OUTPUT 1 "LOCK";
    .port_info 6 /INPUT 1 "BYPASS";
    .port_info 7 /INPUT 1 "RESETB";
    .port_info 8 /INPUT 1 "LATCHINPUTVALUE";
    .port_info 9 /INPUT 1 "SDI";
    .port_info 10 /INPUT 1 "SCLK";
    .port_info 11 /INPUT 1 "SHIFTREG_O";
P_0x57ff6aa09a90 .param/l "DIVF" 0 7 33, C4<0000000>;
P_0x57ff6aa09ad0 .param/l "DIVQ" 0 7 34, C4<000>;
P_0x57ff6aa09b10 .param/l "DIVR" 0 7 32, C4<0000>;
P_0x57ff6aa09b50 .param/str "FEEDBACK_PATH" 0 7 30, "SIMPLE";
P_0x57ff6aa09b90 .param/l "FILTER_RANGE" 0 7 35, C4<000>;
P_0x57ff6aa09bd0 .param/str "PLLOUT_SELECT" 0 7 31, "GENCLK";
L_0x57ff6aa30fb0 .functor BUFZ 1, o0x7d5f08dd2af8, C4<0>, C4<0>, C4<0>;
L_0x57ff6aa310c0 .functor BUFZ 1, o0x7d5f08dd2af8, C4<0>, C4<0>, C4<0>;
L_0x7d5f08d86de0 .functor BUFT 1, C4<0>, C4<0>, C4<0>, C4<0>;
v0x57ff6aa09fb0_0 .net "BYPASS", 0 0, L_0x7d5f08d86de0;  1 drivers
o0x7d5f08dd29d8 .functor BUFZ 1, C4<z>; HiZ drive
v0x57ff6aa0a090_0 .net "DYNAMICDELAY", 0 0, o0x7d5f08dd29d8;  0 drivers
o0x7d5f08dd2a08 .functor BUFZ 1, C4<z>; HiZ drive
v0x57ff6aa0a150_0 .net "EXTFEEDBACK", 0 0, o0x7d5f08dd2a08;  0 drivers
o0x7d5f08dd2a38 .functor BUFZ 1, C4<z>; HiZ drive
v0x57ff6aa0a1f0_0 .net "LATCHINPUTVALUE", 0 0, o0x7d5f08dd2a38;  0 drivers
L_0x7d5f08d86d98 .functor BUFT 1, C4<1>, C4<0>, C4<0>, C4<0>;
v0x57ff6aa0a2b0_0 .net "LOCK", 0 0, L_0x7d5f08d86d98;  1 drivers
v0x57ff6aa0a3c0_0 .net "PLLOUTCORE", 0 0, L_0x57ff6aa30fb0;  alias, 1 drivers
v0x57ff6aa0a480_0 .net "PLLOUTGLOBAL", 0 0, L_0x57ff6aa310c0;  1 drivers
v0x57ff6aa0a540_0 .net "REFERENCECLK", 0 0, o0x7d5f08dd2af8;  alias, 0 drivers
L_0x7d5f08d86e28 .functor BUFT 1, C4<1>, C4<0>, C4<0>, C4<0>;
v0x57ff6aa0a600_0 .net "RESETB", 0 0, L_0x7d5f08d86e28;  1 drivers
o0x7d5f08dd2b58 .functor BUFZ 1, C4<z>; HiZ drive
v0x57ff6aa0a6c0_0 .net "SCLK", 0 0, o0x7d5f08dd2b58;  0 drivers
o0x7d5f08dd2b88 .functor BUFZ 1, C4<z>; HiZ drive
v0x57ff6aa0a780_0 .net "SDI", 0 0, o0x7d5f08dd2b88;  0 drivers
o0x7d5f08dd2bb8 .functor BUFZ 1, C4<z>; HiZ drive
v0x57ff6aa0a840_0 .net "SHIFTREG_O", 0 0, o0x7d5f08dd2bb8;  0 drivers
    .scope S_0x57ff6a9a7420;
T_1 ;
    %pushi/vec4 0, 0, 32;
    %store/vec4 v0x57ff6a9f7fd0_0, 0, 32;
    %pushi/vec4 0, 0, 3;
    %store/vec4 v0x57ff6aa046e0_0, 0, 3;
    %end;
    .thread T_1;
    .scope S_0x57ff6a9a7420;
T_2 ;
    %pushi/vec4 0, 0, 32;
    %store/vec4 v0x57ff6aa02d80_0, 0, 32;
T_2.0 ;
    %load/vec4 v0x57ff6aa02d80_0;
    %cmpi/s 32, 0, 32;
    %jmp/0xz T_2.1, 5;
    %pushi/vec4 0, 0, 32;
    %ix/getv/s 4, v0x57ff6aa02d80_0;
    %store/vec4a v0x57ff6a9f8270, 4, 0;
    ; show_stmt_assign_vector: Get l-value for compressed += operand
    %load/vec4 v0x57ff6aa02d80_0;
    %pushi/vec4 1, 0, 32;
    %add;
    %store/vec4 v0x57ff6aa02d80_0, 0, 32;
    %jmp T_2.0;
T_2.1 ;
    %end;
    .thread T_2;
    .scope S_0x57ff6a9a7420;
T_3 ;
    %wait E_0x57ff6a916890;
    %load/vec4 v0x57ff6aa02bc0_0;
    %dup/vec4;
    %pushi/vec4 0, 0, 3;
    %cmp/u;
    %jmp/1 T_3.0, 6;
    %dup/vec4;
    %pushi/vec4 1, 0, 3;
    %cmp/u;
    %jmp/1 T_3.1, 6;
    %dup/vec4;
    %pushi/vec4 2, 0, 3;
    %cmp/u;
    %jmp/1 T_3.2, 6;
    %dup/vec4;
    %pushi/vec4 3, 0, 3;
    %cmp/u;
    %jmp/1 T_3.3, 6;
    %dup/vec4;
    %pushi/vec4 4, 0, 3;
    %cmp/u;
    %jmp/1 T_3.4, 6;
    %dup/vec4;
    %pushi/vec4 5, 0, 3;
    %cmp/u;
    %jmp/1 T_3.5, 6;
    %dup/vec4;
    %pushi/vec4 6, 0, 3;
    %cmp/u;
    %jmp/1 T_3.6, 6;
    %dup/vec4;
    %pushi/vec4 7, 0, 3;
    %cmp/u;
    %jmp/1 T_3.7, 6;
    %jmp T_3.8;
T_3.0 ;
    %load/vec4 v0x57ff6aa02ca0_0;
    %parti/s 1, 5, 4;
    %load/vec4 v0x57ff6aa02e60_0;
    %parti/s 1, 5, 4;
    %and;
    %flag_set/vec4 8;
    %jmp/0 T_3.9, 8;
    %load/vec4 v0x57ff6aa02860_0;
    %parti/s 32, 0, 2;
    %jmp/1 T_3.10, 8;
T_3.9 ; End of true expr.
    %load/vec4 v0x57ff6aa02a20_0;
    %jmp/0 T_3.10, 8;
 ; End of false expr.
    %blend;
T_3.10;
    %store/vec4 v0x57ff6aa02940_0, 0, 32;
    %jmp T_3.8;
T_3.1 ;
    %load/vec4 v0x57ff6aa036c0_0;
    %store/vec4 v0x57ff6aa02940_0, 0, 32;
    %jmp T_3.8;
T_3.2 ;
    %pushi/vec4 0, 0, 31;
    %load/vec4 v0x57ff6a9f7e50_0;
    %concat/vec4; draw_concat_vec4
    %store/vec4 v0x57ff6aa02940_0, 0, 32;
    %jmp T_3.8;
T_3.3 ;
    %pushi/vec4 0, 0, 31;
    %load/vec4 v0x57ff6a9f7f10_0;
    %concat/vec4; draw_concat_vec4
    %store/vec4 v0x57ff6aa02940_0, 0, 32;
    %jmp T_3.8;
T_3.4 ;
    %load/vec4 v0x57ff6aa026a0_0;
    %load/vec4 v0x57ff6aa02780_0;
    %xor;
    %store/vec4 v0x57ff6aa02940_0, 0, 32;
    %jmp T_3.8;
T_3.5 ;
    %load/vec4 v0x57ff6aa04520_0;
    %store/vec4 v0x57ff6aa02940_0, 0, 32;
    %jmp T_3.8;
T_3.6 ;
    %load/vec4 v0x57ff6aa026a0_0;
    %load/vec4 v0x57ff6aa02780_0;
    %or;
    %store/vec4 v0x57ff6aa02940_0, 0, 32;
    %jmp T_3.8;
T_3.7 ;
    %load/vec4 v0x57ff6aa026a0_0;
    %load/vec4 v0x57ff6aa02780_0;
    %and;
    %store/vec4 v0x57ff6aa02940_0, 0, 32;
    %jmp T_3.8;
T_3.8 ;
    %pop/vec4 1;
    %jmp T_3;
    .thread T_3, $push;
    .scope S_0x57ff6a9a7420;
T_4 ;
    %wait E_0x57ff6a942dc0;
    %load/vec4 v0x57ff6aa02bc0_0;
    %dup/vec4;
    %pushi/vec4 0, 0, 3;
    %cmp/u;
    %jmp/1 T_4.0, 6;
    %dup/vec4;
    %pushi/vec4 1, 0, 3;
    %cmp/u;
    %jmp/1 T_4.1, 6;
    %dup/vec4;
    %pushi/vec4 4, 0, 3;
    %cmp/u;
    %jmp/1 T_4.2, 6;
    %dup/vec4;
    %pushi/vec4 5, 0, 3;
    %cmp/u;
    %jmp/1 T_4.3, 6;
    %dup/vec4;
    %pushi/vec4 6, 0, 3;
    %cmp/u;
    %jmp/1 T_4.4, 6;
    %dup/vec4;
    %pushi/vec4 7, 0, 3;
    %cmp/u;
    %jmp/1 T_4.5, 6;
    %pushi/vec4 0, 0, 1;
    %store/vec4 v0x57ff6aa047c0_0, 0, 1;
    %jmp T_4.7;
T_4.0 ;
    %load/vec4 v0x57ff6a9dcb50_0;
    %store/vec4 v0x57ff6aa047c0_0, 0, 1;
    %jmp T_4.7;
T_4.1 ;
    %load/vec4 v0x57ff6a9dcb50_0;
    %nor/r;
    %store/vec4 v0x57ff6aa047c0_0, 0, 1;
    %jmp T_4.7;
T_4.2 ;
    %load/vec4 v0x57ff6a9f7e50_0;
    %store/vec4 v0x57ff6aa047c0_0, 0, 1;
    %jmp T_4.7;
T_4.3 ;
    %load/vec4 v0x57ff6a9f7e50_0;
    %nor/r;
    %store/vec4 v0x57ff6aa047c0_0, 0, 1;
    %jmp T_4.7;
T_4.4 ;
    %load/vec4 v0x57ff6a9f7f10_0;
    %store/vec4 v0x57ff6aa047c0_0, 0, 1;
    %jmp T_4.7;
T_4.5 ;
    %load/vec4 v0x57ff6a9f7f10_0;
    %nor/r;
    %store/vec4 v0x57ff6aa047c0_0, 0, 1;
    %jmp T_4.7;
T_4.7 ;
    %pop/vec4 1;
    %jmp T_4;
    .thread T_4, $push;
    .scope S_0x57ff6a9a7420;
T_5 ;
    %wait E_0x57ff6a942b60;
    %load/vec4 v0x57ff6aa04000_0;
    %nor/r;
    %flag_set/vec4 8;
    %jmp/0xz  T_5.0, 8;
    %pushi/vec4 0, 0, 32;
    %assign/vec4 v0x57ff6a9f7fd0_0, 0;
    %pushi/vec4 0, 0, 3;
    %assign/vec4 v0x57ff6aa046e0_0, 0;
    %jmp T_5.1;
T_5.0 ;
    %load/vec4 v0x57ff6aa04960_0;
    %flag_set/vec4 9;
    %flag_get/vec4 9;
    %jmp/0 T_5.4, 9;
    %load/vec4 v0x57ff6aa03f20_0;
    %pad/u 32;
    %pushi/vec4 0, 0, 32;
    %cmp/ne;
    %flag_get/vec4 4;
    %and;
T_5.4;
    %flag_set/vec4 8;
    %jmp/0xz  T_5.2, 8;
    %load/vec4 v0x57ff6aa04880_0;
    %load/vec4 v0x57ff6aa03f20_0;
    %pad/u 7;
    %ix/vec4 3;
    %ix/load 4, 0, 0; Constant delay
    %assign/vec4/a/d v0x57ff6a9f8270, 0, 4;
T_5.2 ;
    %load/vec4 v0x57ff6aa046e0_0;
    %dup/vec4;
    %pushi/vec4 0, 0, 3;
    %cmp/u;
    %jmp/1 T_5.5, 6;
    %dup/vec4;
    %pushi/vec4 1, 0, 3;
    %cmp/u;
    %jmp/1 T_5.6, 6;
    %dup/vec4;
    %pushi/vec4 2, 0, 3;
    %cmp/u;
    %jmp/1 T_5.7, 6;
    %dup/vec4;
    %pushi/vec4 3, 0, 3;
    %cmp/u;
    %jmp/1 T_5.8, 6;
    %dup/vec4;
    %pushi/vec4 4, 0, 3;
    %cmp/u;
    %jmp/1 T_5.9, 6;
    %dup/vec4;
    %pushi/vec4 5, 0, 3;
    %cmp/u;
    %jmp/1 T_5.10, 6;
    %dup/vec4;
    %pushi/vec4 6, 0, 3;
    %cmp/u;
    %jmp/1 T_5.11, 6;
    %jmp T_5.12;
T_5.5 ;
    %pushi/vec4 1, 0, 3;
    %assign/vec4 v0x57ff6aa046e0_0, 0;
    %jmp T_5.12;
T_5.6 ;
    %load/vec4 v0x57ff6aa03ae0_0;
    %assign/vec4 v0x57ff6aa02e60_0, 0;
    %pushi/vec4 2, 0, 3;
    %assign/vec4 v0x57ff6aa046e0_0, 0;
    %jmp T_5.12;
T_5.7 ;
    %load/vec4 v0x57ff6aa041a0_0;
    %pad/u 7;
    %ix/vec4 4;
    %load/vec4a v0x57ff6a9f8270, 4;
    %assign/vec4 v0x57ff6aa040c0_0, 0;
    %load/vec4 v0x57ff6aa04360_0;
    %pad/u 7;
    %ix/vec4 4;
    %load/vec4a v0x57ff6a9f8270, 4;
    %assign/vec4 v0x57ff6aa04280_0, 0;
    %pushi/vec4 3, 0, 3;
    %assign/vec4 v0x57ff6aa046e0_0, 0;
    %jmp T_5.12;
T_5.8 ;
    %load/vec4 v0x57ff6aa03540_0;
    %nor/r;
    %flag_set/vec4 8;
    %jmp/0xz  T_5.13, 8;
    %load/vec4 v0x57ff6aa03e40_0;
    %assign/vec4 v0x57ff6a9f7fd0_0, 0;
T_5.13 ;
    %load/vec4 v0x57ff6aa03480_0;
    %flag_set/vec4 8;
    %jmp/0 T_5.15, 8;
    %pushi/vec4 4, 0, 32;
    %jmp/1 T_5.16, 8;
T_5.15 ; End of true expr.
    %load/vec4 v0x57ff6aa03600_0;
    %flag_set/vec4 9;
    %jmp/0 T_5.17, 9;
    %pushi/vec4 6, 0, 32;
    %jmp/1 T_5.18, 9;
T_5.17 ; End of true expr.
    %pushi/vec4 0, 0, 32;
    %jmp/0 T_5.18, 9;
 ; End of false expr.
    %blend;
T_5.18;
    %jmp/0 T_5.16, 8;
 ; End of false expr.
    %blend;
T_5.16;
    %pad/s 3;
    %assign/vec4 v0x57ff6aa046e0_0, 0;
    %load/vec4 v0x57ff6aa03540_0;
    %flag_set/vec4 8;
    %jmp/0xz  T_5.19, 8;
    %vpi_call 3 288 "$finish" {0 0 0};
T_5.19 ;
    %jmp T_5.12;
T_5.9 ;
    %pushi/vec4 5, 0, 3;
    %assign/vec4 v0x57ff6aa046e0_0, 0;
    %jmp T_5.12;
T_5.10 ;
    %pushi/vec4 0, 0, 3;
    %assign/vec4 v0x57ff6aa046e0_0, 0;
    %jmp T_5.12;
T_5.11 ;
    %pushi/vec4 0, 0, 3;
    %assign/vec4 v0x57ff6aa046e0_0, 0;
    %jmp T_5.12;
T_5.12 ;
    %pop/vec4 1;
T_5.1 ;
    %jmp T_5;
    .thread T_5;
    .scope S_0x57ff6aa058a0;
T_6 ;
    %vpi_call 3 24 "$readmemh", "firmware.hex", v0x57ff6aa05b20 {0 0 0};
    %end;
    .thread T_6;
    .scope S_0x57ff6aa058a0;
T_7 ;
    %wait E_0x57ff6a942b60;
    %load/vec4 v0x57ff6aa05e00_0;
    %flag_set/vec4 8;
    %jmp/0xz  T_7.0, 8;
    %ix/getv 4, v0x57ff6aa06100_0;
    %load/vec4a v0x57ff6aa05b20, 4;
    %assign/vec4 v0x57ff6aa05d60_0, 0;
T_7.0 ;
    %load/vec4 v0x57ff6aa06020_0;
    %parti/s 1, 0, 2;
    %flag_set/vec4 8;
    %jmp/0xz  T_7.2, 8;
    %load/vec4 v0x57ff6aa05f10_0;
    %parti/s 8, 0, 2;
    %ix/getv 3, v0x57ff6aa06100_0;
    %ix/load 4, 0, 0; Constant delay
    %assign/vec4/a/d v0x57ff6aa05b20, 0, 4;
T_7.2 ;
    %load/vec4 v0x57ff6aa06020_0;
    %parti/s 1, 1, 2;
    %flag_set/vec4 8;
    %jmp/0xz  T_7.4, 8;
    %load/vec4 v0x57ff6aa05f10_0;
    %parti/s 8, 8, 5;
    %ix/getv 3, v0x57ff6aa06100_0;
    %ix/load 4, 8, 0; part off
    %ix/load 5, 0, 0; Constant delay
    %assign/vec4/a/d v0x57ff6aa05b20, 4, 5;
T_7.4 ;
    %load/vec4 v0x57ff6aa06020_0;
    %parti/s 1, 2, 3;
    %flag_set/vec4 8;
    %jmp/0xz  T_7.6, 8;
    %load/vec4 v0x57ff6aa05f10_0;
    %parti/s 8, 16, 6;
    %ix/getv 3, v0x57ff6aa06100_0;
    %ix/load 4, 16, 0; part off
    %ix/load 5, 0, 0; Constant delay
    %assign/vec4/a/d v0x57ff6aa05b20, 4, 5;
T_7.6 ;
    %load/vec4 v0x57ff6aa06020_0;
    %parti/s 1, 3, 3;
    %flag_set/vec4 8;
    %jmp/0xz  T_7.8, 8;
    %load/vec4 v0x57ff6aa05f10_0;
    %parti/s 8, 24, 6;
    %ix/getv 3, v0x57ff6aa06100_0;
    %ix/load 4, 24, 0; part off
    %ix/load 5, 0, 0; Constant delay
    %assign/vec4/a/d v0x57ff6aa05b20, 4, 5;
T_7.8 ;
    %jmp T_7;
    .thread T_7;
    .scope S_0x57ff6a9e3e20;
T_8 ;
    %wait E_0x57ff6a942b60;
    %load/vec4 v0x57ff6aa05610_0;
    %nor/r;
    %flag_set/vec4 8;
    %jmp/0xz  T_8.0, 8;
    %pushi/vec4 0, 0, 32;
    %assign/vec4 v0x57ff6aa05180_0, 0;
    %jmp T_8.1;
T_8.0 ;
    %load/vec4 v0x57ff6aa05340_0;
    %flag_set/vec4 8;
    %jmp/0xz  T_8.2, 8;
    %load/vec4 v0x57ff6aa05700_0;
    %flag_set/vec4 8;
    %jmp/0xz  T_8.4, 8;
    %load/vec4 v0x57ff6aa053e0_0;
    %assign/vec4 v0x57ff6aa05180_0, 0;
T_8.4 ;
T_8.2 ;
T_8.1 ;
    %jmp T_8;
    .thread T_8;
    .scope S_0x57ff6aa062e0;
T_9 ;
    %pushi/vec4 0, 0, 12;
    %store/vec4 v0x57ff6aa06b00_0, 0, 12;
    %end;
    .thread T_9;
    .scope S_0x57ff6aa062e0;
T_10 ;
    %wait E_0x57ff6a942b60;
    %load/vec4 v0x57ff6aa06b00_0;
    %parti/s 1, 11, 5;
    %load/vec4 v0x57ff6aa06be0_0;
    %or/r;
    %nor/r;
    %and;
    %flag_set/vec4 8;
    %jmp/0xz  T_10.0, 8;
    %pushi/vec4 1, 0, 1;
    %assign/vec4 v0x57ff6aa070a0_0, 0;
    %jmp T_10.1;
T_10.0 ;
    %load/vec4 v0x57ff6aa06f50_0;
    %load/vec4 v0x57ff6aa070a0_0;
    %and;
    %flag_set/vec4 8;
    %jmp/0xz  T_10.2, 8;
    %pushi/vec4 0, 0, 1;
    %assign/vec4 v0x57ff6aa070a0_0, 0;
T_10.2 ;
T_10.1 ;
    %load/vec4 v0x57ff6aa070a0_0;
    %load/vec4 v0x57ff6aa06b00_0;
    %parti/s 1, 11, 5;
    %or;
    %flag_set/vec4 8;
    %jmp/0xz  T_10.4, 8;
    %pushi/vec4 1250, 0, 12;
    %assign/vec4 v0x57ff6aa06b00_0, 0;
    %jmp T_10.5;
T_10.4 ;
    %load/vec4 v0x57ff6aa06b00_0;
    %subi 1, 0, 12;
    %assign/vec4 v0x57ff6aa06b00_0, 0;
T_10.5 ;
    %load/vec4 v0x57ff6aa06b00_0;
    %parti/s 1, 11, 5;
    %flag_set/vec4 8;
    %jmp/0xz  T_10.6, 8;
    %pushi/vec4 0, 0, 1;
    %load/vec4 v0x57ff6aa06be0_0;
    %parti/s 9, 1, 2;
    %concat/vec4; draw_concat_vec4
    %assign/vec4 v0x57ff6aa06be0_0, 0;
    %jmp T_10.7;
T_10.6 ;
    %load/vec4 v0x57ff6aa06f50_0;
    %load/vec4 v0x57ff6aa070a0_0;
    %and;
    %flag_set/vec4 8;
    %jmp/0xz  T_10.8, 8;
    %pushi/vec4 1, 0, 1;
    %load/vec4 v0x57ff6aa06db0_0;
    %concat/vec4; draw_concat_vec4
    %concati/vec4 0, 0, 1;
    %assign/vec4 v0x57ff6aa06be0_0, 0;
T_10.8 ;
T_10.7 ;
    %jmp T_10;
    .thread T_10;
    .scope S_0x57ff6aa07320;
T_11 ;
    %pushi/vec4 0, 0, 1;
    %store/vec4 v0x57ff6aa07590_0, 0, 1;
    %end;
    .thread T_11;
    .scope S_0x57ff6aa07320;
T_12 ;
    %delay 41666, 0;
    %load/vec4 v0x57ff6aa07590_0;
    %inv;
    %store/vec4 v0x57ff6aa07590_0, 0, 1;
    %jmp T_12;
    .thread T_12;
    .scope S_0x57ff6a9d8740;
T_13 ;
    %pushi/vec4 0, 0, 2;
    %store/vec4 v0x57ff6aa04c50_0, 0, 2;
    %end;
    .thread T_13;
    .scope S_0x57ff6a9d8740;
T_14 ;
    %wait E_0x57ff6a942910;
    %load/vec4 v0x57ff6aa04e30_0;
    %flag_set/vec4 8;
    %jmp/0xz  T_14.0, 8;
    %pushi/vec4 0, 0, 2;
    %assign/vec4 v0x57ff6aa04c50_0, 0;
    %jmp T_14.1;
T_14.0 ;
    %load/vec4 v0x57ff6aa04c50_0;
    %load/vec4 v0x57ff6aa04f90_0;
    %nor/r;
    %pad/u 2;
    %add;
    %assign/vec4 v0x57ff6aa04c50_0, 0;
T_14.1 ;
    %jmp T_14;
    .thread T_14;
    .scope S_0x57ff6a9a5bf0;
T_15 ;
    %wait E_0x57ff6a942b60;
    %load/vec4 v0x57ff6aa089c0_0;
    %load/vec4 v0x57ff6aa08fe0_0;
    %and;
    %load/vec4 v0x57ff6aa08f20_0;
    %parti/s 1, 0, 2;
    %and;
    %flag_set/vec4 8;
    %jmp/0xz  T_15.0, 8;
    %load/vec4 v0x57ff6aa08db0_0;
    %pad/u 5;
    %assign/vec4 v0x57ff6aa07aa0_0, 0;
T_15.0 ;
    %jmp T_15;
    .thread T_15;
    .scope S_0x57ff6a9a5bf0;
T_16 ;
    %wait E_0x57ff6a942b60;
    %load/vec4 v0x57ff6aa09220_0;
    %flag_set/vec4 8;
    %jmp/0xz  T_16.0, 8;
    %vpi_call 3 415 "$write", "%c", &PV<v0x57ff6aa08db0_0, 0, 8> {0 0 0};
    %vpi_call 3 416 "$fflush", 32'b10000000000000000000000000000001 {0 0 0};
T_16.0 ;
    %jmp T_16;
    .thread T_16;
    .scope S_0x57ff6a9d56d0;
T_17 ;
    %wait E_0x57ff6a942b60;
    %load/vec4 v0x57ff6aa07900_0;
    %load/vec4 v0x57ff6aa08fe0_0;
    %and;
    %flag_set/vec4 8;
    %jmp/0xz  T_17.0, 8;
    %vpi_call 2 19 "$display", "T=%0t | GPIO WRITE: 0x%h", $time, v0x57ff6aa08db0_0 {0 0 0};
T_17.0 ;
    %load/vec4 v0x57ff6aa07900_0;
    %load/vec4 v0x57ff6aa08d10_0;
    %and;
    %flag_set/vec4 8;
    %jmp/0xz  T_17.2, 8;
    %vpi_call 2 21 "$display", "T=%0t | GPIO READ : 0x%h", $time, v0x57ff6aa07810_0 {0 0 0};
T_17.2 ;
    %jmp T_17;
    .thread T_17;
    .scope S_0x57ff6a9d56d0;
T_18 ;
    %vpi_call 2 25 "$dumpfile", "waves.vcd" {0 0 0};
    %vpi_call 2 26 "$dumpvars", 32'sb00000000000000000000000000000000, S_0x57ff6a9d56d0 {0 0 0};
    %pushi/vec4 1, 0, 1;
    %store/vec4 v0x57ff6aa09510_0, 0, 1;
    %pushi/vec4 1, 0, 1;
    %store/vec4 v0x57ff6aa09420_0, 0, 1;
    %delay 50000, 0;
    %pushi/vec4 0, 0, 1;
    %store/vec4 v0x57ff6aa09420_0, 0, 1;
    %delay 10000000, 0;
    %vpi_call 2 32 "$finish" {0 0 0};
    %end;
    .thread T_18;
# The file index is used to find the file name in the following table.
:file_names 9;
    "N/A";
    "<interactive>";
    "SOC_IP_tb.v";
    "riscv.v";
    "./clockworks.v";
    "./GPIO_reg_IP.v";
    "./emitter_uart.v";
    "./sim_ext.v";
    "./femtopll.v";
